TpTrace Verbose: 0 : 23300, 1, 2024/10/01, 09:52:42.645, 3146415791371, vstest.console.dll, Version: 17.11.0-release-24352-05 Current process architecture: X64
TpTrace Verbose: 0 : 23300, 1, 2024/10/01, 09:52:42.650, 3146415837827, vstest.console.dll, Runtime location: C:\Program Files\dotnet\shared\Microsoft.NETCore.App\8.0.8
TpTrace Information: 0 : 23300, 1, 2024/10/01, 09:52:42.656, 3146415897960, vstest.console.dll, Using .Net Framework version:.NETCoreApp,Version=v8.0
TpTrace Verbose: 0 : 23300, 1, 2024/10/01, 09:52:42.656, 3146415900955, vstest.console.dll, ArtifactProcessingPostProcessModeProcessorExecutor.Initialize: ArtifactProcessingMode.Collect
TpTrace Verbose: 0 : 23300, 1, 2024/10/01, 09:52:42.656, 3146415902741, vstest.console.dll, TestSessionCorrelationIdProcessorModeProcessorExecutor.Initialize: TestSessionCorrelationId '30220_65426809-9dc4-4362-9c5d-5e3c2f30f06a'
TpTrace Information: 0 : 23300, 1, 2024/10/01, 09:52:42.667, 3146416010534, vstest.console.dll, FilePatternParser: The given file C:\Users\danieldh\source\repos\E-CommerceDesafio\E-CommerceDesafio\bin\Debug\net8.0\E-CommerceDesafio.dll is a full path.
TpTrace Verbose: 0 : 23300, 1, 2024/10/01, 09:52:42.679, 3146416132757, vstest.console.dll, TestPluginCache.DiscoverTestExtensions: finding test extensions in assemblies ends with: RuntimeProvider.dll TPluginInfo: Microsoft.VisualStudio.TestPlatform.Common.ExtensionFramework.Utilities.TestRuntimePluginInformation TExtension: Microsoft.VisualStudio.TestPlatform.ObjectModel.Host.ITestRuntimeProvider
TpTrace Verbose: 0 : 23300, 1, 2024/10/01, 09:52:42.683, 3146416167957, vstest.console.dll, TestPluginCache.GetExtensionPaths: Filtered extension paths: 
TpTrace Verbose: 0 : 23300, 1, 2024/10/01, 09:52:42.683, 3146416170224, vstest.console.dll, TestPluginCache.GetExtensionPaths: Added default extension paths: C:\Program Files\dotnet\sdk\8.0.400\Extensions\Microsoft.Diagnostics.NETCore.Client.dll
C:\Program Files\dotnet\sdk\8.0.400\Extensions\Microsoft.TestPlatform.Extensions.BlameDataCollector.dll
C:\Program Files\dotnet\sdk\8.0.400\Extensions\Microsoft.TestPlatform.Extensions.EventLogCollector.dll
C:\Program Files\dotnet\sdk\8.0.400\Extensions\Microsoft.TestPlatform.TestHostRuntimeProvider.dll
C:\Program Files\dotnet\sdk\8.0.400\Extensions\Microsoft.VisualStudio.TestPlatform.Extensions.Html.TestLogger.dll
C:\Program Files\dotnet\sdk\8.0.400\Extensions\Microsoft.VisualStudio.TestPlatform.Extensions.Trx.TestLogger.dll
TpTrace Verbose: 0 : 23300, 1, 2024/10/01, 09:52:42.683, 3146416171020, vstest.console.dll, TestPluginCache.GetExtensionPaths: Added unfilterableExtensionPaths: 
TpTrace Information: 0 : 23300, 1, 2024/10/01, 09:52:42.684, 3146416181028, vstest.console.dll, AssemblyResolver.ctor: Creating AssemblyResolver with searchDirectories C:\Program Files\dotnet\sdk\8.0.400\Extensions,C:\Program Files\dotnet\sdk\8.0.400
TpTrace Verbose: 0 : 23300, 1, 2024/10/01, 09:52:42.688, 3146416223197, vstest.console.dll, TestPluginCache.DiscoverTestExtensions: Discovering the extensions using extension path.
TpTrace Verbose: 0 : 23300, 1, 2024/10/01, 09:52:42.688, 3146416226583, vstest.console.dll, TestPluginCache.GetExtensionPaths: Filtered extension paths: 
TpTrace Verbose: 0 : 23300, 1, 2024/10/01, 09:52:42.689, 3146416227831, vstest.console.dll, TestPluginCache.GetExtensionPaths: Added default extension paths: C:\Program Files\dotnet\sdk\8.0.400\Extensions\Microsoft.Diagnostics.NETCore.Client.dll
C:\Program Files\dotnet\sdk\8.0.400\Extensions\Microsoft.TestPlatform.Extensions.BlameDataCollector.dll
C:\Program Files\dotnet\sdk\8.0.400\Extensions\Microsoft.TestPlatform.Extensions.EventLogCollector.dll
C:\Program Files\dotnet\sdk\8.0.400\Extensions\Microsoft.TestPlatform.TestHostRuntimeProvider.dll
C:\Program Files\dotnet\sdk\8.0.400\Extensions\Microsoft.VisualStudio.TestPlatform.Extensions.Html.TestLogger.dll
C:\Program Files\dotnet\sdk\8.0.400\Extensions\Microsoft.VisualStudio.TestPlatform.Extensions.Trx.TestLogger.dll
TpTrace Verbose: 0 : 23300, 1, 2024/10/01, 09:52:42.689, 3146416228591, vstest.console.dll, TestPluginCache.GetExtensionPaths: Added unfilterableExtensionPaths: 
TpTrace Verbose: 0 : 23300, 1, 2024/10/01, 09:52:42.689, 3146416231236, vstest.console.dll, TestPluginCache.DiscoverTestExtensions: Discovering the extensions using allExtensionPaths: C:\Program Files\dotnet\sdk\8.0.400\Extensions\Microsoft.Diagnostics.NETCore.Client.dll
C:\Program Files\dotnet\sdk\8.0.400\Extensions\Microsoft.TestPlatform.Extensions.BlameDataCollector.dll
C:\Program Files\dotnet\sdk\8.0.400\Extensions\Microsoft.TestPlatform.Extensions.EventLogCollector.dll
C:\Program Files\dotnet\sdk\8.0.400\Extensions\Microsoft.TestPlatform.TestHostRuntimeProvider.dll
C:\Program Files\dotnet\sdk\8.0.400\Extensions\Microsoft.VisualStudio.TestPlatform.Extensions.Html.TestLogger.dll
C:\Program Files\dotnet\sdk\8.0.400\Extensions\Microsoft.VisualStudio.TestPlatform.Extensions.Trx.TestLogger.dll
TpTrace Information: 0 : 23300, 1, 2024/10/01, 09:52:42.689, 3146416233441, vstest.console.dll, AssemblyResolver.AddSearchDirectories: Adding more searchDirectories C:\Program Files\dotnet\sdk\8.0.400\Extensions,C:\Program Files\dotnet\sdk\8.0.400
TpTrace Information: 0 : 23300, 1, 2024/10/01, 09:52:42.689, 3146416234589, vstest.console.dll, AssemblyResolver.AddSearchDirectories: Adding more searchDirectories C:\Program Files\dotnet\sdk\8.0.400\Extensions,C:\Program Files\dotnet\sdk\8.0.400
TpTrace Information: 0 : 23300, 1, 2024/10/01, 09:52:42.689, 3146416235531, vstest.console.dll, AssemblyResolver.AddSearchDirectories: Adding more searchDirectories C:\Program Files\dotnet\sdk\8.0.400\Extensions,C:\Program Files\dotnet\sdk\8.0.400
TpTrace Information: 0 : 23300, 1, 2024/10/01, 09:52:42.689, 3146416236242, vstest.console.dll, AssemblyResolver.AddSearchDirectories: Adding more searchDirectories C:\Program Files\dotnet\sdk\8.0.400\Extensions,C:\Program Files\dotnet\sdk\8.0.400
TpTrace Information: 0 : 23300, 1, 2024/10/01, 09:52:42.690, 3146416236917, vstest.console.dll, AssemblyResolver.AddSearchDirectories: Adding more searchDirectories C:\Program Files\dotnet\sdk\8.0.400\Extensions,C:\Program Files\dotnet\sdk\8.0.400
TpTrace Information: 0 : 23300, 1, 2024/10/01, 09:52:42.690, 3146416237636, vstest.console.dll, AssemblyResolver.AddSearchDirectories: Adding more searchDirectories C:\Program Files\dotnet\sdk\8.0.400\Extensions,C:\Program Files\dotnet\sdk\8.0.400
TpTrace Information: 0 : 23300, 1, 2024/10/01, 09:52:42.690, 3146416243652, vstest.console.dll, AssemblyResolver.OnResolve: Microsoft.Diagnostics.NETCore.Client: Resolving assembly.
TpTrace Information: 0 : 23300, 1, 2024/10/01, 09:52:42.690, 3146416245360, vstest.console.dll, AssemblyResolver.OnResolve: Microsoft.Diagnostics.NETCore.Client: Searching in: 'C:\Program Files\dotnet\sdk\8.0.400\Extensions'.
TpTrace Information: 0 : 23300, 1, 2024/10/01, 09:52:42.711, 3146416447905, vstest.console.dll, AssemblyResolver.OnResolve: Microsoft.Diagnostics.NETCore.Client: Loading assembly 'C:\Program Files\dotnet\sdk\8.0.400\Extensions\Microsoft.Diagnostics.NETCore.Client.dll'.
TpTrace Information: 0 : 23300, 1, 2024/10/01, 09:52:42.713, 3146416473187, vstest.console.dll, AssemblyResolver.OnResolve: Resolved assembly: Microsoft.Diagnostics.NETCore.Client, from path: C:\Program Files\dotnet\sdk\8.0.400\Extensions\Microsoft.Diagnostics.NETCore.Client.dll
TpTrace Verbose: 0 : 23300, 1, 2024/10/01, 09:52:42.721, 3146416554237, vstest.console.dll, MetadataReaderExtensionsHelper: Discovering extensions inside assembly 'Microsoft.Diagnostics.NETCore.Client, Version=0.2.10.30701, Culture=neutral, PublicKeyToken=31bf3856ad364e35' file path 'C:\Program Files\dotnet\sdk\8.0.400\Extensions\Microsoft.Diagnostics.NETCore.Client.dll'
TpTrace Information: 0 : 23300, 1, 2024/10/01, 09:52:42.734, 3146416686429, vstest.console.dll, AssemblyResolver.OnResolve: Microsoft.Bcl.AsyncInterfaces: Resolving assembly.
TpTrace Information: 0 : 23300, 1, 2024/10/01, 09:52:42.735, 3146416688469, vstest.console.dll, AssemblyResolver.OnResolve: Microsoft.Bcl.AsyncInterfaces: Searching in: 'C:\Program Files\dotnet\sdk\8.0.400\Extensions'.
TpTrace Information: 0 : 23300, 1, 2024/10/01, 09:52:42.735, 3146416691404, vstest.console.dll, AssemblyResolver.OnResolve: Microsoft.Bcl.AsyncInterfaces: Assembly path does not exist: 'C:\Program Files\dotnet\sdk\8.0.400\Extensions\Microsoft.Bcl.AsyncInterfaces.dll', returning.
TpTrace Information: 0 : 23300, 1, 2024/10/01, 09:52:42.735, 3146416693089, vstest.console.dll, AssemblyResolver.OnResolve: Microsoft.Bcl.AsyncInterfaces: Assembly path does not exist: 'C:\Program Files\dotnet\sdk\8.0.400\Extensions\Microsoft.Bcl.AsyncInterfaces.exe', returning.
TpTrace Information: 0 : 23300, 1, 2024/10/01, 09:52:42.735, 3146416694105, vstest.console.dll, AssemblyResolver.OnResolve: Microsoft.Bcl.AsyncInterfaces: Searching in: 'C:\Program Files\dotnet\sdk\8.0.400'.
TpTrace Information: 0 : 23300, 1, 2024/10/01, 09:52:42.735, 3146416695409, vstest.console.dll, AssemblyResolver.OnResolve: Microsoft.Bcl.AsyncInterfaces: Assembly path does not exist: 'C:\Program Files\dotnet\sdk\8.0.400\Microsoft.Bcl.AsyncInterfaces.dll', returning.
TpTrace Information: 0 : 23300, 1, 2024/10/01, 09:52:42.735, 3146416696582, vstest.console.dll, AssemblyResolver.OnResolve: Microsoft.Bcl.AsyncInterfaces: Assembly path does not exist: 'C:\Program Files\dotnet\sdk\8.0.400\Microsoft.Bcl.AsyncInterfaces.exe', returning.
TpTrace Information: 0 : 23300, 1, 2024/10/01, 09:52:42.736, 3146416697279, vstest.console.dll, AssemblyResolver.OnResolve: Microsoft.Bcl.AsyncInterfaces: Failed to load assembly.
TpTrace Verbose: 0 : 23300, 1, 2024/10/01, 09:52:42.736, 3146416698271, vstest.console.dll, CurrentDomainAssemblyResolve: Resolving assembly 'Microsoft.Bcl.AsyncInterfaces'.
TpTrace Information: 0 : 23300, 1, 2024/10/01, 09:52:42.736, 3146416699885, vstest.console.dll, AssemblyResolver.OnResolve: Microsoft.Bcl.AsyncInterfaces: Resolving assembly.
TpTrace Information: 0 : 23300, 1, 2024/10/01, 09:52:42.736, 3146416700931, vstest.console.dll, AssemblyResolver.OnResolve: Microsoft.Bcl.AsyncInterfaces: Resolved from cache.
TpTrace Verbose: 0 : 23300, 1, 2024/10/01, 09:52:42.736, 3146416701669, vstest.console.dll, CurrentDomainAssemblyResolve: Resolving assembly 'Microsoft.Bcl.AsyncInterfaces'.
TpTrace Verbose: 0 : 23300, 1, 2024/10/01, 09:52:42.736, 3146416702490, vstest.console.dll, CurrentDomainAssemblyResolve: Failed to resolve assembly 'Microsoft.Bcl.AsyncInterfaces'.
TpTrace Verbose: 0 : 23300, 1, 2024/10/01, 09:52:42.739, 3146416726823, vstest.console.dll, CurrentDomainAssemblyResolve: Failed to resolve assembly 'Microsoft.Bcl.AsyncInterfaces'.
TpTrace Warning: 0 : 23300, 1, 2024/10/01, 09:52:42.762, 3146416959253, vstest.console.dll, TestPluginDiscoverer: Failed to get types from assembly 'Microsoft.Diagnostics.NETCore.Client, Version=0.2.10.30701, Culture=neutral, PublicKeyToken=31bf3856ad364e35'. Error: System.Reflection.ReflectionTypeLoadException: Unable to load one or more of the requested types.
Could not load file or assembly 'Microsoft.Bcl.AsyncInterfaces, Version=6.0.0.0, Culture=neutral, PublicKeyToken=cc7b13ffcd2ddd51'. O sistema não pode encontrar o arquivo especificado.
   at System.Reflection.RuntimeModule.GetTypes(RuntimeModule module)
   at System.Reflection.RuntimeModule.GetTypes()
   at Microsoft.VisualStudio.TestPlatform.Common.ExtensionFramework.TestPluginDiscoverer.GetTestExtensionsFromAssembly[TPluginInfo,TExtension](Assembly assembly, Dictionary`2 pluginInfos, String filePath) in /_/src/Microsoft.TestPlatform.Common/ExtensionFramework/TestPluginDiscoverer.cs:line 158
System.IO.FileNotFoundException: Could not load file or assembly 'Microsoft.Bcl.AsyncInterfaces, Version=6.0.0.0, Culture=neutral, PublicKeyToken=cc7b13ffcd2ddd51'. O sistema não pode encontrar o arquivo especificado.
File name: 'Microsoft.Bcl.AsyncInterfaces, Version=6.0.0.0, Culture=neutral, PublicKeyToken=cc7b13ffcd2ddd51'
 ---> System.IO.FileNotFoundException: Could not load file or assembly 'Microsoft.Bcl.AsyncInterfaces, Culture=neutral, PublicKeyToken=null'. O sistema não pode encontrar o arquivo especificado.
File name: 'Microsoft.Bcl.AsyncInterfaces, Culture=neutral, PublicKeyToken=null'
   at System.Reflection.RuntimeAssembly.InternalLoad(AssemblyName assemblyName, StackCrawlMark& stackMark, AssemblyLoadContext assemblyLoadContext, RuntimeAssembly requestingAssembly, Boolean throwOnFileNotFound)
   at System.Reflection.Assembly.Load(AssemblyName assemblyRef)
   at Microsoft.VisualStudio.TestPlatform.Common.ExtensionFramework.TestPluginCache.CurrentDomainAssemblyResolve(Object sender, AssemblyResolveEventArgs args) in /_/src/Microsoft.TestPlatform.Common/ExtensionFramework/TestPluginCache.cs:line 513
   at System.Runtime.Loader.AssemblyLoadContext.GetFirstResolvedAssemblyFromResolvingEvent(AssemblyName assemblyName)
   at System.Runtime.Loader.AssemblyLoadContext.ResolveUsingEvent(AssemblyName assemblyName)
   at System.Runtime.Loader.AssemblyLoadContext.ResolveUsingResolvingEvent(IntPtr gchManagedAssemblyLoadContext, AssemblyName assemblyName)
TpTrace Warning: 0 : 23300, 1, 2024/10/01, 09:52:42.762, 3146416966669, vstest.console.dll, LoaderExceptions: System.IO.FileNotFoundException: Could not load file or assembly 'Microsoft.Bcl.AsyncInterfaces, Version=6.0.0.0, Culture=neutral, PublicKeyToken=cc7b13ffcd2ddd51'. O sistema não pode encontrar o arquivo especificado.
File name: 'Microsoft.Bcl.AsyncInterfaces, Version=6.0.0.0, Culture=neutral, PublicKeyToken=cc7b13ffcd2ddd51'
 ---> System.IO.FileNotFoundException: Could not load file or assembly 'Microsoft.Bcl.AsyncInterfaces, Culture=neutral, PublicKeyToken=null'. O sistema não pode encontrar o arquivo especificado.
File name: 'Microsoft.Bcl.AsyncInterfaces, Culture=neutral, PublicKeyToken=null'
   at System.Reflection.RuntimeAssembly.InternalLoad(AssemblyName assemblyName, StackCrawlMark& stackMark, AssemblyLoadContext assemblyLoadContext, RuntimeAssembly requestingAssembly, Boolean throwOnFileNotFound)
   at System.Reflection.Assembly.Load(AssemblyName assemblyRef)
   at Microsoft.VisualStudio.TestPlatform.Common.ExtensionFramework.TestPluginCache.CurrentDomainAssemblyResolve(Object sender, AssemblyResolveEventArgs args) in /_/src/Microsoft.TestPlatform.Common/ExtensionFramework/TestPluginCache.cs:line 513
   at System.Runtime.Loader.AssemblyLoadContext.GetFirstResolvedAssemblyFromResolvingEvent(AssemblyName assemblyName)
   at System.Runtime.Loader.AssemblyLoadContext.ResolveUsingEvent(AssemblyName assemblyName)
   at System.Runtime.Loader.AssemblyLoadContext.ResolveUsingResolvingEvent(IntPtr gchManagedAssemblyLoadContext, AssemblyName assemblyName)
TpTrace Information: 0 : 23300, 1, 2024/10/01, 09:52:42.763, 3146416969662, vstest.console.dll, AssemblyResolver.OnResolve: Microsoft.TestPlatform.Extensions.BlameDataCollector: Resolving assembly.
TpTrace Information: 0 : 23300, 1, 2024/10/01, 09:52:42.763, 3146416970954, vstest.console.dll, AssemblyResolver.OnResolve: Microsoft.TestPlatform.Extensions.BlameDataCollector: Searching in: 'C:\Program Files\dotnet\sdk\8.0.400\Extensions'.
TpTrace Information: 0 : 23300, 1, 2024/10/01, 09:52:42.765, 3146416986963, vstest.console.dll, AssemblyResolver.OnResolve: Microsoft.TestPlatform.Extensions.BlameDataCollector: Loading assembly 'C:\Program Files\dotnet\sdk\8.0.400\Extensions\Microsoft.TestPlatform.Extensions.BlameDataCollector.dll'.
TpTrace Information: 0 : 23300, 1, 2024/10/01, 09:52:42.767, 3146417009394, vstest.console.dll, AssemblyResolver.OnResolve: Resolved assembly: Microsoft.TestPlatform.Extensions.BlameDataCollector, from path: C:\Program Files\dotnet\sdk\8.0.400\Extensions\Microsoft.TestPlatform.Extensions.BlameDataCollector.dll
TpTrace Verbose: 0 : 23300, 1, 2024/10/01, 09:52:42.767, 3146417012377, vstest.console.dll, MetadataReaderExtensionsHelper: Discovering extensions inside assembly 'Microsoft.TestPlatform.Extensions.BlameDataCollector, Version=15.0.0.0, Culture=neutral, PublicKeyToken=b03f5f7f11d50a3a' file path 'C:\Program Files\dotnet\sdk\8.0.400\Extensions\Microsoft.TestPlatform.Extensions.BlameDataCollector.dll'
TpTrace Information: 0 : 23300, 1, 2024/10/01, 09:52:42.770, 3146417039755, vstest.console.dll, AssemblyResolver.OnResolve: Microsoft.TestPlatform.Extensions.EventLogCollector: Resolving assembly.
TpTrace Information: 0 : 23300, 1, 2024/10/01, 09:52:42.770, 3146417041832, vstest.console.dll, AssemblyResolver.OnResolve: Microsoft.TestPlatform.Extensions.EventLogCollector: Searching in: 'C:\Program Files\dotnet\sdk\8.0.400\Extensions'.
TpTrace Information: 0 : 23300, 1, 2024/10/01, 09:52:42.771, 3146417054501, vstest.console.dll, AssemblyResolver.OnResolve: Microsoft.TestPlatform.Extensions.EventLogCollector: Loading assembly 'C:\Program Files\dotnet\sdk\8.0.400\Extensions\Microsoft.TestPlatform.Extensions.EventLogCollector.dll'.
TpTrace Information: 0 : 23300, 1, 2024/10/01, 09:52:42.773, 3146417072063, vstest.console.dll, AssemblyResolver.OnResolve: Resolved assembly: Microsoft.TestPlatform.Extensions.EventLogCollector, from path: C:\Program Files\dotnet\sdk\8.0.400\Extensions\Microsoft.TestPlatform.Extensions.EventLogCollector.dll
TpTrace Verbose: 0 : 23300, 1, 2024/10/01, 09:52:42.773, 3146417073410, vstest.console.dll, MetadataReaderExtensionsHelper: Discovering extensions inside assembly 'Microsoft.TestPlatform.Extensions.EventLogCollector, Version=15.0.0.0, Culture=neutral, PublicKeyToken=b03f5f7f11d50a3a' file path 'C:\Program Files\dotnet\sdk\8.0.400\Extensions\Microsoft.TestPlatform.Extensions.EventLogCollector.dll'
TpTrace Information: 0 : 23300, 1, 2024/10/01, 09:52:42.780, 3146417141686, vstest.console.dll, AssemblyResolver.OnResolve: Microsoft.TestPlatform.TestHostRuntimeProvider: Resolving assembly.
TpTrace Information: 0 : 23300, 1, 2024/10/01, 09:52:42.780, 3146417143714, vstest.console.dll, AssemblyResolver.OnResolve: Microsoft.TestPlatform.TestHostRuntimeProvider: Searching in: 'C:\Program Files\dotnet\sdk\8.0.400\Extensions'.
TpTrace Information: 0 : 23300, 1, 2024/10/01, 09:52:42.782, 3146417158989, vstest.console.dll, AssemblyResolver.OnResolve: Microsoft.TestPlatform.TestHostRuntimeProvider: Loading assembly 'C:\Program Files\dotnet\sdk\8.0.400\Extensions\Microsoft.TestPlatform.TestHostRuntimeProvider.dll'.
TpTrace Information: 0 : 23300, 1, 2024/10/01, 09:52:42.784, 3146417180976, vstest.console.dll, AssemblyResolver.OnResolve: Resolved assembly: Microsoft.TestPlatform.TestHostRuntimeProvider, from path: C:\Program Files\dotnet\sdk\8.0.400\Extensions\Microsoft.TestPlatform.TestHostRuntimeProvider.dll
TpTrace Verbose: 0 : 23300, 1, 2024/10/01, 09:52:42.784, 3146417182542, vstest.console.dll, MetadataReaderExtensionsHelper: Discovering extensions inside assembly 'Microsoft.TestPlatform.TestHostRuntimeProvider, Version=15.0.0.0, Culture=neutral, PublicKeyToken=b03f5f7f11d50a3a' file path 'C:\Program Files\dotnet\sdk\8.0.400\Extensions\Microsoft.TestPlatform.TestHostRuntimeProvider.dll'
TpTrace Information: 0 : 23300, 1, 2024/10/01, 09:52:42.787, 3146417214487, vstest.console.dll, GetTestExtensionFromType: Register extension with identifier data 'HostProvider://DefaultTestHost' and type 'Microsoft.VisualStudio.TestPlatform.CrossPlatEngine.Hosting.DefaultTestHostManager, Microsoft.TestPlatform.TestHostRuntimeProvider, Version=15.0.0.0, Culture=neutral, PublicKeyToken=b03f5f7f11d50a3a' inside file 'C:\Program Files\dotnet\sdk\8.0.400\Extensions\Microsoft.TestPlatform.TestHostRuntimeProvider.dll'
TpTrace Information: 0 : 23300, 1, 2024/10/01, 09:52:42.788, 3146417218032, vstest.console.dll, GetTestExtensionFromType: Register extension with identifier data 'HostProvider://DotnetTestHost' and type 'Microsoft.VisualStudio.TestPlatform.CrossPlatEngine.Hosting.DotnetTestHostManager, Microsoft.TestPlatform.TestHostRuntimeProvider, Version=15.0.0.0, Culture=neutral, PublicKeyToken=b03f5f7f11d50a3a' inside file 'C:\Program Files\dotnet\sdk\8.0.400\Extensions\Microsoft.TestPlatform.TestHostRuntimeProvider.dll'
TpTrace Information: 0 : 23300, 1, 2024/10/01, 09:52:42.788, 3146417219409, vstest.console.dll, AssemblyResolver.OnResolve: Microsoft.VisualStudio.TestPlatform.Extensions.Html.TestLogger: Resolving assembly.
TpTrace Information: 0 : 23300, 1, 2024/10/01, 09:52:42.788, 3146417220004, vstest.console.dll, AssemblyResolver.OnResolve: Microsoft.VisualStudio.TestPlatform.Extensions.Html.TestLogger: Searching in: 'C:\Program Files\dotnet\sdk\8.0.400\Extensions'.
TpTrace Information: 0 : 23300, 1, 2024/10/01, 09:52:42.789, 3146417231920, vstest.console.dll, AssemblyResolver.OnResolve: Microsoft.VisualStudio.TestPlatform.Extensions.Html.TestLogger: Loading assembly 'C:\Program Files\dotnet\sdk\8.0.400\Extensions\Microsoft.VisualStudio.TestPlatform.Extensions.Html.TestLogger.dll'.
TpTrace Information: 0 : 23300, 1, 2024/10/01, 09:52:42.790, 3146417246370, vstest.console.dll, AssemblyResolver.OnResolve: Resolved assembly: Microsoft.VisualStudio.TestPlatform.Extensions.Html.TestLogger, from path: C:\Program Files\dotnet\sdk\8.0.400\Extensions\Microsoft.VisualStudio.TestPlatform.Extensions.Html.TestLogger.dll
TpTrace Verbose: 0 : 23300, 1, 2024/10/01, 09:52:42.791, 3146417247567, vstest.console.dll, MetadataReaderExtensionsHelper: Discovering extensions inside assembly 'Microsoft.VisualStudio.TestPlatform.Extensions.Html.TestLogger, Version=15.0.0.0, Culture=neutral, PublicKeyToken=b03f5f7f11d50a3a' file path 'C:\Program Files\dotnet\sdk\8.0.400\Extensions\Microsoft.VisualStudio.TestPlatform.Extensions.Html.TestLogger.dll'
TpTrace Information: 0 : 23300, 1, 2024/10/01, 09:52:42.792, 3146417261228, vstest.console.dll, AssemblyResolver.OnResolve: Microsoft.VisualStudio.TestPlatform.Extensions.Trx.TestLogger: Resolving assembly.
TpTrace Information: 0 : 23300, 1, 2024/10/01, 09:52:42.792, 3146417262179, vstest.console.dll, AssemblyResolver.OnResolve: Microsoft.VisualStudio.TestPlatform.Extensions.Trx.TestLogger: Searching in: 'C:\Program Files\dotnet\sdk\8.0.400\Extensions'.
TpTrace Information: 0 : 23300, 1, 2024/10/01, 09:52:42.793, 3146417270428, vstest.console.dll, AssemblyResolver.OnResolve: Microsoft.VisualStudio.TestPlatform.Extensions.Trx.TestLogger: Loading assembly 'C:\Program Files\dotnet\sdk\8.0.400\Extensions\Microsoft.VisualStudio.TestPlatform.Extensions.Trx.TestLogger.dll'.
TpTrace Information: 0 : 23300, 1, 2024/10/01, 09:52:42.794, 3146417283262, vstest.console.dll, AssemblyResolver.OnResolve: Resolved assembly: Microsoft.VisualStudio.TestPlatform.Extensions.Trx.TestLogger, from path: C:\Program Files\dotnet\sdk\8.0.400\Extensions\Microsoft.VisualStudio.TestPlatform.Extensions.Trx.TestLogger.dll
TpTrace Verbose: 0 : 23300, 1, 2024/10/01, 09:52:42.794, 3146417284164, vstest.console.dll, MetadataReaderExtensionsHelper: Discovering extensions inside assembly 'Microsoft.VisualStudio.TestPlatform.Extensions.Trx.TestLogger, Version=15.0.0.0, Culture=neutral, PublicKeyToken=b03f5f7f11d50a3a' file path 'C:\Program Files\dotnet\sdk\8.0.400\Extensions\Microsoft.VisualStudio.TestPlatform.Extensions.Trx.TestLogger.dll'
TpTrace Verbose: 0 : 23300, 1, 2024/10/01, 09:52:42.796, 3146417306131, vstest.console.dll, TestPluginCache: Discovered the extensions using extension path ''.
TpTrace Verbose: 0 : 23300, 1, 2024/10/01, 09:52:42.797, 3146417307940, vstest.console.dll, TestPluginCache: Discoverers are ''.
TpTrace Verbose: 0 : 23300, 1, 2024/10/01, 09:52:42.797, 3146417308629, vstest.console.dll, TestPluginCache: Executors are ''.
TpTrace Verbose: 0 : 23300, 1, 2024/10/01, 09:52:42.797, 3146417309214, vstest.console.dll, TestPluginCache: Executors2 are ''.
TpTrace Verbose: 0 : 23300, 1, 2024/10/01, 09:52:42.797, 3146417309771, vstest.console.dll, TestPluginCache: Setting providers are ''.
TpTrace Verbose: 0 : 23300, 1, 2024/10/01, 09:52:42.797, 3146417310324, vstest.console.dll, TestPluginCache: Loggers are ''.
TpTrace Verbose: 0 : 23300, 1, 2024/10/01, 09:52:42.797, 3146417313251, vstest.console.dll, TestPluginCache: TestHosts are 'HostProvider://DefaultTestHost,HostProvider://DotnetTestHost'.
TpTrace Verbose: 0 : 23300, 1, 2024/10/01, 09:52:42.797, 3146417314055, vstest.console.dll, TestPluginCache: DataCollectors are ''.
TpTrace Information: 0 : 23300, 1, 2024/10/01, 09:52:42.826, 3146417602837, vstest.console.dll, RunTestsArgumentProcessor:Execute: Test run is starting.
TpTrace Verbose: 0 : 23300, 1, 2024/10/01, 09:52:42.826, 3146417604521, vstest.console.dll, RunTestsArgumentProcessor:Execute: Queuing Test run.
TpTrace Information: 0 : 23300, 1, 2024/10/01, 09:52:42.827, 3146417608687, vstest.console.dll, TestRequestManager.RunTests: run tests started.
TpTrace Information: 0 : 23300, 1, 2024/10/01, 09:52:42.830, 3146417640189, vstest.console.dll, AssemblyMetadataProvider.GetFrameworkName: Determined framework:'.NETCoreApp,Version=v8.0' for source: 'C:\Users\danieldh\source\repos\E-CommerceDesafio\E-CommerceDesafio\bin\Debug\net8.0\E-CommerceDesafio.dll'
TpTrace Information: 0 : 23300, 1, 2024/10/01, 09:52:42.830, 3146417643551, vstest.console.dll, Determined framework for all sources: .NETCoreApp,Version=v8.0
TpTrace Verbose: 0 : 23300, 1, 2024/10/01, 09:52:42.831, 3146417648143, vstest.console.dll, TestRequestManager.UpdateRunSettingsIfRequired: Default architecture: X64 IsDefaultTargetArchitecture: True, Current process architecture: X64 OperatingSystem: Windows.
TpTrace Information: 0 : 23300, 1, 2024/10/01, 09:52:42.837, 3146417708832, vstest.console.dll, AssemblyMetadataProvider.GetArchitecture: Determined architecture:AnyCPU info for assembly: C:\Users\danieldh\source\repos\E-CommerceDesafio\E-CommerceDesafio\bin\Debug\net8.0\E-CommerceDesafio.dll
TpTrace Information: 0 : 23300, 1, 2024/10/01, 09:52:42.837, 3146417711988, vstest.console.dll, Determined platform for source 'C:\Users\danieldh\source\repos\E-CommerceDesafio\E-CommerceDesafio\bin\Debug\net8.0\E-CommerceDesafio.dll' was AnyCPU and it will use the default plaform X64.
TpTrace Information: 0 : 23300, 1, 2024/10/01, 09:52:42.837, 3146417713829, vstest.console.dll, None of the sources provided any runnable platform, using the default platform: X64
TpTrace Information: 0 : 23300, 1, 2024/10/01, 09:52:42.837, 3146417716566, vstest.console.dll, Platform was updated to 'X64'.
TpTrace Information: 0 : 23300, 1, 2024/10/01, 09:52:42.841, 3146417748082, vstest.console.dll, Compatible sources list: 
TpTrace Information: 0 : 23300, 1, 2024/10/01, 09:52:42.841, 3146417750139, vstest.console.dll, C:\Users\danieldh\source\repos\E-CommerceDesafio\E-CommerceDesafio\bin\Debug\net8.0\E-CommerceDesafio.dll
TpTrace Information: 0 : 23300, 1, 2024/10/01, 09:52:42.845, 3146417793696, vstest.console.dll, InferRunSettingsHelper.IsTestSettingsEnabled: Unable to navigate to RunSettings/MSTest. Current node: RunSettings
TpTrace Information: 0 : 23300, 1, 2024/10/01, 09:52:42.846, 3146417804179, vstest.console.dll, AssemblyResolver.OnResolve: Microsoft.VisualStudio.TestPlatform.Fakes: Resolving assembly.
TpTrace Information: 0 : 23300, 1, 2024/10/01, 09:52:42.846, 3146417805827, vstest.console.dll, AssemblyResolver.OnResolve: Microsoft.VisualStudio.TestPlatform.Fakes: Searching in: 'C:\Program Files\dotnet\sdk\8.0.400\Extensions'.
TpTrace Information: 0 : 23300, 1, 2024/10/01, 09:52:42.847, 3146417807593, vstest.console.dll, AssemblyResolver.OnResolve: Microsoft.VisualStudio.TestPlatform.Fakes: Assembly path does not exist: 'C:\Program Files\dotnet\sdk\8.0.400\Extensions\Microsoft.VisualStudio.TestPlatform.Fakes.dll', returning.
TpTrace Information: 0 : 23300, 1, 2024/10/01, 09:52:42.847, 3146417808743, vstest.console.dll, AssemblyResolver.OnResolve: Microsoft.VisualStudio.TestPlatform.Fakes: Assembly path does not exist: 'C:\Program Files\dotnet\sdk\8.0.400\Extensions\Microsoft.VisualStudio.TestPlatform.Fakes.exe', returning.
TpTrace Information: 0 : 23300, 1, 2024/10/01, 09:52:42.847, 3146417809407, vstest.console.dll, AssemblyResolver.OnResolve: Microsoft.VisualStudio.TestPlatform.Fakes: Searching in: 'C:\Program Files\dotnet\sdk\8.0.400'.
TpTrace Information: 0 : 23300, 1, 2024/10/01, 09:52:42.847, 3146417810647, vstest.console.dll, AssemblyResolver.OnResolve: Microsoft.VisualStudio.TestPlatform.Fakes: Assembly path does not exist: 'C:\Program Files\dotnet\sdk\8.0.400\Microsoft.VisualStudio.TestPlatform.Fakes.dll', returning.
TpTrace Information: 0 : 23300, 1, 2024/10/01, 09:52:42.847, 3146417811725, vstest.console.dll, AssemblyResolver.OnResolve: Microsoft.VisualStudio.TestPlatform.Fakes: Assembly path does not exist: 'C:\Program Files\dotnet\sdk\8.0.400\Microsoft.VisualStudio.TestPlatform.Fakes.exe', returning.
TpTrace Information: 0 : 23300, 1, 2024/10/01, 09:52:42.847, 3146417812465, vstest.console.dll, AssemblyResolver.OnResolve: Microsoft.VisualStudio.TestPlatform.Fakes: Failed to load assembly.
TpTrace Information: 0 : 23300, 1, 2024/10/01, 09:52:42.848, 3146417816940, vstest.console.dll, Failed to load assembly Microsoft.VisualStudio.TestPlatform.Fakes, Version=17.0.0.0, Culture=neutral. Reason:System.IO.FileNotFoundException: Could not load file or assembly 'Microsoft.VisualStudio.TestPlatform.Fakes, Version=17.0.0.0, Culture=neutral, PublicKeyToken=null'. O sistema não pode encontrar o arquivo especificado.
File name: 'Microsoft.VisualStudio.TestPlatform.Fakes, Version=17.0.0.0, Culture=neutral, PublicKeyToken=null'
   at System.Reflection.RuntimeAssembly.InternalLoad(AssemblyName assemblyName, StackCrawlMark& stackMark, AssemblyLoadContext assemblyLoadContext, RuntimeAssembly requestingAssembly, Boolean throwOnFileNotFound)
   at System.Reflection.Assembly.Load(AssemblyName assemblyRef)
   at Microsoft.VisualStudio.TestPlatform.Common.Utilities.FakesUtilities.LoadTestPlatformAssembly() in /_/src/Microsoft.TestPlatform.Common/Utilities/FakesUtilities.cs:line 272
TpTrace Verbose: 0 : 23300, 1, 2024/10/01, 09:52:42.871, 3146418047801, vstest.console.dll, TestEngine: Initializing Parallel Execution as MaxCpuCount is set to: 1
TpTrace Information: 0 : 23300, 1, 2024/10/01, 09:52:42.873, 3146418069446, vstest.console.dll, TestPluginManager.CreateTestExtension: Attempting to load test extension: Microsoft.VisualStudio.TestPlatform.CrossPlatEngine.Hosting.DefaultTestHostManager
TpTrace Information: 0 : 23300, 1, 2024/10/01, 09:52:42.877, 3146418112885, vstest.console.dll, TestPluginManager.CreateTestExtension: Attempting to load test extension: Microsoft.VisualStudio.TestPlatform.CrossPlatEngine.Hosting.DotnetTestHostManager
TpTrace Verbose: 0 : 23300, 1, 2024/10/01, 09:52:42.878, 3146418117556, vstest.console.dll, TestHostManagerCallbacks.ctor: Forwarding output is enabled.
TpTrace Information: 0 : 23300, 1, 2024/10/01, 09:52:42.878, 3146418124918, vstest.console.dll, InferRunSettingsHelper.IsTestSettingsEnabled: Unable to navigate to RunSettings/MSTest. Current node: RunSettings
TpTrace Verbose: 0 : 23300, 1, 2024/10/01, 09:52:42.881, 3146418148021, vstest.console.dll, ParallelOperationManager.ClearSlots: Clearing all slots. Slots should accept more work: True
TpTrace Verbose: 0 : 23300, 1, 2024/10/01, 09:52:42.882, 3146418161960, vstest.console.dll, ParallelOperationManager.SetOccupiedSlotCount: Setting slot counts AvailableSlotCount = 1, OccupiedSlotCount = 0.
TpTrace Verbose: 0 : 23300, 1, 2024/10/01, 09:52:42.883, 3146418168306, vstest.console.dll, Occupied slots:

TpTrace Verbose: 0 : 23300, 1, 2024/10/01, 09:52:42.887, 3146418209051, vstest.console.dll, TestEngine.GetExecutionManager: Chosen execution manager 'Microsoft.VisualStudio.TestPlatform.CrossPlatEngine.Client.Parallel.ParallelProxyExecutionManager, Microsoft.TestPlatform.CrossPlatEngine, Version=15.0.0.0, Culture=neutral, PublicKeyToken=b03f5f7f11d50a3a' ParallelLevel '1'.
TpTrace Verbose: 0 : 23300, 1, 2024/10/01, 09:52:42.887, 3146418212386, vstest.console.dll, TestPlatform.GetSkipDefaultAdapters: Not skipping default adapters SkipDefaultAdapters was false.
TpTrace Verbose: 0 : 23300, 1, 2024/10/01, 09:52:42.887, 3146418213599, vstest.console.dll, TestRunRequest.ExecuteAsync: Creating test run request.
TpTrace Verbose: 0 : 23300, 1, 2024/10/01, 09:52:42.888, 3146418218371, vstest.console.dll, TestRunRequest.ExecuteAsync: Starting.
TpTrace Information: 0 : 23300, 1, 2024/10/01, 09:52:42.889, 3146418230758, vstest.console.dll, TestRunRequest.ExecuteAsync: Starting run with settings:TestRunCriteria:
   KeepAlive=False,FrequencyOfRunStatsChangeEvent=10,RunStatsChangeEventTimeout=00:00:01.5000000,TestCaseFilter=,TestExecutorLauncher=
   Settingsxml=<RunSettings>
  <RunConfiguration>
    <ResultsDirectory>C:\Users\danieldh\source\repos\E-CommerceDesafio\E-CommerceDesafio\TestResults</ResultsDirectory>
    <TargetPlatform>X64</TargetPlatform>
    <TargetFrameworkVersion>.NETCoreApp,Version=v8.0</TargetFrameworkVersion>
    <DesignMode>False</DesignMode>
    <CollectSourceInformation>False</CollectSourceInformation>
  </RunConfiguration>
  <LoggerRunSettings>
    <Loggers>
      <Logger friendlyName="Console" assemblyQualifiedName="Microsoft.VisualStudio.TestPlatform.CommandLine.Internal.ConsoleLogger, vstest.console, Version=15.0.0.0, Culture=neutral, PublicKeyToken=b03f5f7f11d50a3a" codeBase="C:\Program Files\dotnet\sdk\8.0.400\vstest.console.dll" enabled="True">
        <Configuration>
          <Verbosity>minimal</Verbosity>
        </Configuration>
      </Logger>
    </Loggers>
  </LoggerRunSettings>
</RunSettings>

TpTrace Verbose: 0 : 23300, 1, 2024/10/01, 09:52:42.889, 3146418232377, vstest.console.dll, TestRunRequest.ExecuteAsync: Wait for the first run request is over.
TpTrace Verbose: 0 : 23300, 1, 2024/10/01, 09:52:42.889, 3146418235642, vstest.console.dll, MulticastDelegateUtilities.SafeInvoke: TestRun.TestRunStart: Invoking callbacks was skipped because there are no subscribers.
TpTrace Verbose: 0 : 23300, 4, 2024/10/01, 09:52:42.890, 3146418241160, vstest.console.dll, MulticastDelegateUtilities.SafeInvoke: InternalTestLoggerEvents.SendTestRunStart: Invoking callback 1/1 for Microsoft.VisualStudio.TestPlatform.CommandLine.Internal.ConsoleLogger., took 0 ms.
TpTrace Verbose: 0 : 23300, 1, 2024/10/01, 09:52:42.891, 3146418247335, vstest.console.dll, ParallelProxyExecutionManager: Start execution. Total sources: 1
TpTrace Verbose: 0 : 23300, 1, 2024/10/01, 09:52:42.891, 3146418250698, vstest.console.dll, ParallelOperationManager.StartWork: Starting adding 1 workloads.
TpTrace Verbose: 0 : 23300, 1, 2024/10/01, 09:52:42.891, 3146418251383, vstest.console.dll, ParallelOperationManager.ClearSlots: Clearing all slots. Slots should accept more work: True
TpTrace Verbose: 0 : 23300, 1, 2024/10/01, 09:52:42.891, 3146418252181, vstest.console.dll, ParallelOperationManager.SetOccupiedSlotCount: Setting slot counts AvailableSlotCount = 1, OccupiedSlotCount = 0.
TpTrace Verbose: 0 : 23300, 1, 2024/10/01, 09:52:42.891, 3146418252612, vstest.console.dll, Occupied slots:

TpTrace Verbose: 0 : 23300, 1, 2024/10/01, 09:52:42.892, 3146418266059, vstest.console.dll, TestHostManagerCallbacks.ctor: Forwarding output is enabled.
TpTrace Verbose: 0 : 23300, 1, 2024/10/01, 09:52:42.893, 3146418268544, vstest.console.dll, TestRequestSender is acting as server.
TpTrace Verbose: 0 : 23300, 1, 2024/10/01, 09:52:42.893, 3146418271051, vstest.console.dll, ParallelOperationManager.RunWorkInParallel: Adding 1 workload to slot, remaining workloads 0.
TpTrace Verbose: 0 : 23300, 1, 2024/10/01, 09:52:42.893, 3146418271600, vstest.console.dll, ParallelOperationManager.SetOccupiedSlotCount: Setting slot counts AvailableSlotCount = 0, OccupiedSlotCount = 1.
TpTrace Verbose: 0 : 23300, 1, 2024/10/01, 09:52:42.893, 3146418272562, vstest.console.dll, Occupied slots:
0: C:\Users\danieldh\source\repos\E-CommerceDesafio\E-CommerceDesafio\bin\Debug\net8.0\E-CommerceDesafio.dll
TpTrace Verbose: 0 : 23300, 1, 2024/10/01, 09:52:42.894, 3146418283277, vstest.console.dll, ParallelOperationManager.RunWorkInParallel: Started host in slot number 0 for work (source): C:\Users\danieldh\source\repos\E-CommerceDesafio\E-CommerceDesafio\bin\Debug\net8.0\E-CommerceDesafio.dll.
TpTrace Verbose: 0 : 23300, 1, 2024/10/01, 09:52:42.899, 3146418328819, vstest.console.dll, ParallelOperationManager.RunWorkInParallel: We started 1 work items, which is the max parallel level. Won't start more work.
TpTrace Verbose: 0 : 23300, 1, 2024/10/01, 09:52:42.899, 3146418330415, vstest.console.dll, ParallelOperationManager.RunWorkInParallel: We started 1 work items in here, returning True.
TpTrace Information: 0 : 23300, 1, 2024/10/01, 09:52:42.899, 3146418330905, vstest.console.dll, TestRunRequest.ExecuteAsync: Started.
TpTrace Verbose: 0 : 23300, 1, 2024/10/01, 09:52:42.899, 3146418336695, vstest.console.dll, TestRunRequest.WaitForCompletion: Waiting with timeout -1.
TpTrace Verbose: 0 : 23300, 5, 2024/10/01, 09:52:42.900, 3146418339225, vstest.console.dll, ParallelProxyExecutionManager.StartTestRunOnConcurrentManager: Initializing uninitialized client. Started clients: 0
TpTrace Verbose: 0 : 23300, 5, 2024/10/01, 09:52:42.900, 3146418340754, vstest.console.dll, ParallelProxyExecutionManager.StartTestRunOnConcurrentManager: Initializing test run. Started clients: 0
TpTrace Verbose: 0 : 23300, 5, 2024/10/01, 09:52:42.900, 3146418342348, vstest.console.dll, ProxyExecutionManager: Test host is always Lazy initialize.
TpTrace Verbose: 0 : 23300, 5, 2024/10/01, 09:52:42.900, 3146418346316, vstest.console.dll, TestRequestSender.InitializeCommunication: initialize communication. 
TpTrace Information: 0 : 23300, 5, 2024/10/01, 09:52:42.915, 3146418487811, vstest.console.dll, SocketServer.Start: Listening on endpoint : 127.0.0.1:57349
TpTrace Verbose: 0 : 23300, 5, 2024/10/01, 09:52:42.925, 3146418589135, vstest.console.dll, DotnetTestHostmanager.GetTestHostProcessStartInfo: Platform environment 'X64' target architecture 'X64' framework '.NETCoreApp,Version=v8.0' OS 'Windows'
TpTrace Verbose: 0 : 23300, 5, 2024/10/01, 09:52:42.925, 3146418593452, vstest.console.dll, DotnetTestHostmanager: Adding  --runtimeconfig "C:\Users\danieldh\source\repos\E-CommerceDesafio\E-CommerceDesafio\bin\Debug\net8.0\E-CommerceDesafio.runtimeconfig.json" in args
TpTrace Verbose: 0 : 23300, 5, 2024/10/01, 09:52:42.925, 3146418595128, vstest.console.dll, DotnetTestHostmanager: Adding  --depsfile "C:\Users\danieldh\source\repos\E-CommerceDesafio\E-CommerceDesafio\bin\Debug\net8.0\E-CommerceDesafio.deps.json" in args
TpTrace Verbose: 0 : 23300, 5, 2024/10/01, 09:52:42.926, 3146418598262, vstest.console.dll, DotnetTestHostmanager.IsWinOnArm: Current PROCESSOR_ARCHITECTURE from environment variable 'AMD64'
TpTrace Verbose: 0 : 23300, 5, 2024/10/01, 09:52:42.926, 3146418599544, vstest.console.dll, DotnetTestHostmanager.IsWinOnArm: Is Windows on ARM 'False'
TpTrace Verbose: 0 : 23300, 5, 2024/10/01, 09:52:42.926, 3146418601271, vstest.console.dll, DotnetTestHostManager: testhost.exe found at path: C:\Users\danieldh\source\repos\E-CommerceDesafio\E-CommerceDesafio\bin\Debug\net8.0\testhost.exe
TpTrace Verbose: 0 : 23300, 5, 2024/10/01, 09:52:42.926, 3146418603387, vstest.console.dll, DotnetTestHostmanager: Full path of host exe is C:\Users\danieldh\source\repos\E-CommerceDesafio\E-CommerceDesafio\bin\Debug\net8.0\testhost.exe
TpTrace Verbose: 0 : 23300, 5, 2024/10/01, 09:52:42.926, 3146418605947, vstest.console.dll, DotnetTestHostmanager.LaunchTestHostAsync: Found 'VSTEST_WINAPPHOST_DOTNET_ROOT' in env variables, value 'C:\Program Files\dotnet', forwarding to 'DOTNET_ROOT'
TpTrace Verbose: 0 : 23300, 5, 2024/10/01, 09:52:42.927, 3146418610546, vstest.console.dll, DotnetTestHostManager: Starting process 'C:\Users\danieldh\source\repos\E-CommerceDesafio\E-CommerceDesafio\bin\Debug\net8.0\testhost.exe' with command line ' --runtimeconfig "C:\Users\danieldh\source\repos\E-CommerceDesafio\E-CommerceDesafio\bin\Debug\net8.0\E-CommerceDesafio.runtimeconfig.json" --depsfile "C:\Users\danieldh\source\repos\E-CommerceDesafio\E-CommerceDesafio\bin\Debug\net8.0\E-CommerceDesafio.deps.json" --port 57349 --endpoint 127.0.0.1:057349 --role client --parentprocessid 23300 --diag "C:\Users\danieldh\source\repos\E-CommerceDesafio\log.host.24-10-01_09-52-42_92468_5.txt" --tracelevel 4 --telemetryoptedin false'
TpTrace Verbose: 0 : 23300, 5, 2024/10/01, 09:52:42.941, 3146418751708, vstest.console.dll, Test Runtime launched
TpTrace Verbose: 0 : 23300, 5, 2024/10/01, 09:52:42.941, 3146418753285, vstest.console.dll, MulticastDelegateUtilities.SafeInvoke: HostProviderEvents.OnHostLaunched: Invoking callback 1/1 for Microsoft.VisualStudio.TestPlatform.CrossPlatEngine.Client.ProxyOperationManager., took 0 ms.
TpTrace Verbose: 0 : 23300, 5, 2024/10/01, 09:52:42.942, 3146418758484, vstest.console.dll, TestRequestSender.WaitForRequestHandlerConnection: waiting for connection with timeout: 90000.
TpTrace Verbose: 0 : 23300, 12, 2024/10/01, 09:52:43.376, 3146423097789, vstest.console.dll, MulticastDelegateUtilities.SafeInvoke: SocketServer: ClientConnected: Invoking callback 1/1 for Microsoft.VisualStudio.TestPlatform.CommunicationUtilities.TestRequestSender., took 0 ms.
TpTrace Verbose: 0 : 23300, 5, 2024/10/01, 09:52:43.376, 3146423097897, vstest.console.dll, TestRequestSender.WaitForRequestHandlerConnection: waiting took 433 ms, with timeout 90000 ms, and result 0, which is success.
TpTrace Verbose: 0 : 23300, 12, 2024/10/01, 09:52:43.376, 3146423099678, vstest.console.dll, SocketServer.OnClientConnected: Client connected for endPoint: 127.0.0.1:57349, starting MessageLoopAsync:
TpTrace Verbose: 0 : 23300, 12, 2024/10/01, 09:52:43.376, 3146423105936, vstest.console.dll, TcpClientExtensions.MessageLoopAsync: Polling on remoteEndPoint: 127.0.0.1:57350 localEndPoint: 127.0.0.1:57349 after 0 ms
TpTrace Verbose: 0 : 23300, 5, 2024/10/01, 09:52:43.450, 3146423843649, vstest.console.dll, TestRequestSender.CheckVersionWithTestHost: Sending check version message: {"MessageType":"ProtocolVersion","Payload":7}
TpTrace Verbose: 0 : 23300, 12, 2024/10/01, 09:52:43.604, 3146425380031, vstest.console.dll, TcpClientExtensions.MessageLoopAsync: NotifyDataAvailable remoteEndPoint: 127.0.0.1:57350 localEndPoint: 127.0.0.1:57349
TpTrace Verbose: 0 : 23300, 12, 2024/10/01, 09:52:43.604, 3146425384348, vstest.console.dll, TestRequestSender.CheckVersionWithTestHost: onMessageReceived received message: (ProtocolVersion) -> {"MessageType":"ProtocolVersion","Payload":7}
TpTrace Verbose: 0 : 23300, 12, 2024/10/01, 09:52:43.609, 3146425427563, vstest.console.dll, MulticastDelegateUtilities.SafeInvoke: LengthPrefixCommunicationChannel: MessageReceived: Invoking callback 1/1 for Microsoft.VisualStudio.TestPlatform.CommunicationUtilities.TestRequestSender+<>c__DisplayClass29_0., took 4 ms.
TpTrace Verbose: 0 : 23300, 12, 2024/10/01, 09:52:43.609, 3146425429214, vstest.console.dll, TcpClientExtensions.MessageLoopAsync: Polling on remoteEndPoint: 127.0.0.1:57350 localEndPoint: 127.0.0.1:57349 after 232 ms
TpTrace Verbose: 0 : 23300, 5, 2024/10/01, 09:52:43.609, 3146425429207, vstest.console.dll, TestPluginCache.GetExtensionPaths: Filtered extension paths: 
TpTrace Verbose: 0 : 23300, 5, 2024/10/01, 09:52:43.609, 3146425430873, vstest.console.dll, TestPluginCache.GetExtensionPaths: Added default extension paths: C:\Program Files\dotnet\sdk\8.0.400\Extensions\Microsoft.Diagnostics.NETCore.Client.dll
C:\Program Files\dotnet\sdk\8.0.400\Extensions\Microsoft.TestPlatform.Extensions.BlameDataCollector.dll
C:\Program Files\dotnet\sdk\8.0.400\Extensions\Microsoft.TestPlatform.Extensions.EventLogCollector.dll
C:\Program Files\dotnet\sdk\8.0.400\Extensions\Microsoft.TestPlatform.TestHostRuntimeProvider.dll
C:\Program Files\dotnet\sdk\8.0.400\Extensions\Microsoft.VisualStudio.TestPlatform.Extensions.Html.TestLogger.dll
C:\Program Files\dotnet\sdk\8.0.400\Extensions\Microsoft.VisualStudio.TestPlatform.Extensions.Trx.TestLogger.dll
TpTrace Verbose: 0 : 23300, 5, 2024/10/01, 09:52:43.609, 3146425431410, vstest.console.dll, TestPluginCache.GetExtensionPaths: Added unfilterableExtensionPaths: 
TpTrace Verbose: 0 : 23300, 5, 2024/10/01, 09:52:43.613, 3146425472884, vstest.console.dll, TestRequestSender.InitializeExecution: Sending initialize execution with message: {"Version":7,"MessageType":"TestExecution.Initialize","Payload":["C:\\Users\\danieldh\\source\\repos\\E-CommerceDesafio\\E-CommerceDesafio\\bin\\Debug\\net8.0\\xunit.runner.visualstudio.testadapter.dll"]}
TpTrace Verbose: 0 : 23300, 5, 2024/10/01, 09:52:43.613, 3146425476343, vstest.console.dll, ParallelProxyExecutionManager.StartTestRunOnConcurrentManager: Execution starting. Started clients: 1
TpTrace Warning: 0 : 23300, 5, 2024/10/01, 09:52:43.614, 3146425482830, vstest.console.dll, InferRunSettingsHelper.MakeRunsettingsCompatible: Removing the following settings: TargetPlatform from RunSettings file. To use those settings please move to latest version of Microsoft.NET.Test.Sdk
TpTrace Verbose: 0 : 23300, 12, 2024/10/01, 09:52:43.615, 3146425491136, vstest.console.dll, TcpClientExtensions.MessageLoopAsync: NotifyDataAvailable remoteEndPoint: 127.0.0.1:57350 localEndPoint: 127.0.0.1:57349
TpTrace Verbose: 0 : 23300, 12, 2024/10/01, 09:52:43.616, 3146425497656, vstest.console.dll, TestRequestSender.OnExecutionMessageReceived: Received message: {"Version":7,"MessageType":"TestSession.Message","Payload":{"MessageLevel":0,"Message":"Registro em log do diagnóstico TestHost no arquivo: C:\\Users\\danieldh\\source\\repos\\E-CommerceDesafio\\log.host.24-10-01_09-52-42_92468_5.txt"}}
TpTrace Verbose: 0 : 23300, 12, 2024/10/01, 09:52:43.622, 3146425563966, vstest.console.dll, TestRunRequest:SendTestRunMessage: Starting.
TpTrace Verbose: 0 : 23300, 12, 2024/10/01, 09:52:43.623, 3146425567542, vstest.console.dll, MulticastDelegateUtilities.SafeInvoke: TestRun.LogMessages: Invoking callback 1/1 for Microsoft.VisualStudio.TestPlatform.CommandLine.TestRunResultAggregator., took 0 ms.
TpTrace Information: 0 : 23300, 12, 2024/10/01, 09:52:43.623, 3146425568678, vstest.console.dll, TestRunRequest:SendTestRunMessage: Completed.
TpTrace Verbose: 0 : 23300, 12, 2024/10/01, 09:52:43.623, 3146425569671, vstest.console.dll, MulticastDelegateUtilities.SafeInvoke: LengthPrefixCommunicationChannel: MessageReceived: Invoking callback 1/1 for Microsoft.VisualStudio.TestPlatform.CommunicationUtilities.TestRequestSender+<>c__DisplayClass34_0., took 7 ms.
TpTrace Verbose: 0 : 23300, 12, 2024/10/01, 09:52:43.623, 3146425570781, vstest.console.dll, TcpClientExtensions.MessageLoopAsync: Polling on remoteEndPoint: 127.0.0.1:57350 localEndPoint: 127.0.0.1:57349 after 14 ms
TpTrace Verbose: 0 : 23300, 4, 2024/10/01, 09:52:43.623, 3146425570824, vstest.console.dll, MulticastDelegateUtilities.SafeInvoke: InternalTestLoggerEvents.SendTestRunMessage: Invoking callback 1/1 for Microsoft.VisualStudio.TestPlatform.CommandLine.Internal.ConsoleLogger., took 0 ms.
TpTrace Verbose: 0 : 23300, 5, 2024/10/01, 09:52:43.629, 3146425627247, vstest.console.dll, TestRequestSender.StartTestRun: Sending test run with message: {"Version":7,"MessageType":"TestExecution.StartWithSources","Payload":{"AdapterSourceMap":{"_none_":["C:\\Users\\danieldh\\source\\repos\\E-CommerceDesafio\\E-CommerceDesafio\\bin\\Debug\\net8.0\\E-CommerceDesafio.dll"]},"RunSettings":"<RunSettings>\r\n  <RunConfiguration>\r\n    <ResultsDirectory>C:\\Users\\danieldh\\source\\repos\\E-CommerceDesafio\\E-CommerceDesafio\\TestResults</ResultsDirectory>\r\n    <TargetFrameworkVersion>.NETCoreApp,Version=v8.0</TargetFrameworkVersion>\r\n    <DesignMode>False</DesignMode>\r\n    <CollectSourceInformation>False</CollectSourceInformation>\r\n  </RunConfiguration>\r\n  <LoggerRunSettings>\r\n    <Loggers>\r\n      <Logger friendlyName=\"Console\" assemblyQualifiedName=\"Microsoft.VisualStudio.TestPlatform.CommandLine.Internal.ConsoleLogger, vstest.console, Version=15.0.0.0, Culture=neutral, PublicKeyToken=b03f5f7f11d50a3a\" codeBase=\"C:\\Program Files\\dotnet\\sdk\\8.0.400\\vstest.console.dll\" enabled=\"True\">\r\n        <Configuration>\r\n          <Verbosity>minimal</Verbosity>\r\n        </Configuration>\r\n      </Logger>\r\n    </Loggers>\r\n  </LoggerRunSettings>\r\n</RunSettings>","TestExecutionContext":{"FrequencyOfRunStatsChangeEvent":10,"RunStatsChangeEventTimeout":"00:00:01.5000000","InIsolation":false,"KeepAlive":false,"AreTestCaseLevelEventsRequired":false,"IsDebug":false,"TestCaseFilter":null,"FilterOptions":null},"Package":null}}
TpTrace Verbose: 0 : 23300, 5, 2024/10/01, 09:52:43.629, 3146425631503, vstest.console.dll, ParallelProxyExecutionManager.StartTestRunOnConcurrentManager: Execution started. Started clients: 1
TpTrace Verbose: 0 : 23300, 12, 2024/10/01, 09:52:43.837, 3146427713838, vstest.console.dll, TcpClientExtensions.MessageLoopAsync: NotifyDataAvailable remoteEndPoint: 127.0.0.1:57350 localEndPoint: 127.0.0.1:57349
TpTrace Verbose: 0 : 23300, 12, 2024/10/01, 09:52:43.838, 3146427717314, vstest.console.dll, TestRequestSender.OnExecutionMessageReceived: Received message: {"Version":7,"MessageType":"TestSession.Message","Payload":{"MessageLevel":0,"Message":"[xUnit.net 00:00:00.00] xUnit.net VSTest Adapter v2.8.2+699d445a1a (64-bit .NET 8.0.8)"}}
TpTrace Verbose: 0 : 23300, 12, 2024/10/01, 09:52:43.838, 3146427721682, vstest.console.dll, TestRunRequest:SendTestRunMessage: Starting.
TpTrace Verbose: 0 : 23300, 12, 2024/10/01, 09:52:43.838, 3146427723612, vstest.console.dll, MulticastDelegateUtilities.SafeInvoke: TestRun.LogMessages: Invoking callback 1/1 for Microsoft.VisualStudio.TestPlatform.CommandLine.TestRunResultAggregator., took 0 ms.
TpTrace Information: 0 : 23300, 12, 2024/10/01, 09:52:43.838, 3146427724362, vstest.console.dll, TestRunRequest:SendTestRunMessage: Completed.
TpTrace Verbose: 0 : 23300, 4, 2024/10/01, 09:52:43.838, 3146427724366, vstest.console.dll, MulticastDelegateUtilities.SafeInvoke: InternalTestLoggerEvents.SendTestRunMessage: Invoking callback 1/1 for Microsoft.VisualStudio.TestPlatform.CommandLine.Internal.ConsoleLogger., took 0 ms.
TpTrace Verbose: 0 : 23300, 12, 2024/10/01, 09:52:43.838, 3146427726536, vstest.console.dll, MulticastDelegateUtilities.SafeInvoke: LengthPrefixCommunicationChannel: MessageReceived: Invoking callback 1/1 for Microsoft.VisualStudio.TestPlatform.CommunicationUtilities.TestRequestSender+<>c__DisplayClass34_0., took 0 ms.
TpTrace Verbose: 0 : 23300, 12, 2024/10/01, 09:52:43.839, 3146427729813, vstest.console.dll, TcpClientExtensions.MessageLoopAsync: Polling on remoteEndPoint: 127.0.0.1:57350 localEndPoint: 127.0.0.1:57349 after 215 ms
TpTrace Verbose: 0 : 23300, 12, 2024/10/01, 09:52:43.964, 3146428985516, vstest.console.dll, TcpClientExtensions.MessageLoopAsync: NotifyDataAvailable remoteEndPoint: 127.0.0.1:57350 localEndPoint: 127.0.0.1:57349
TpTrace Verbose: 0 : 23300, 12, 2024/10/01, 09:52:43.965, 3146428988582, vstest.console.dll, TestRequestSender.OnExecutionMessageReceived: Received message: {"Version":7,"MessageType":"TestSession.Message","Payload":{"MessageLevel":1,"Message":"Não há nenhum teste disponível em C:\\Users\\danieldh\\source\\repos\\E-CommerceDesafio\\E-CommerceDesafio\\bin\\Debug\\net8.0\\E-CommerceDesafio.dll. Verifique se o detector e os executores de teste estão registrados e se as configurações de versão da estrutura da plataforma & são apropriadas e tente novamente."}}
TpTrace Verbose: 0 : 23300, 12, 2024/10/01, 09:52:43.965, 3146428991049, vstest.console.dll, TestRunRequest:SendTestRunMessage: Starting.
TpTrace Verbose: 0 : 23300, 12, 2024/10/01, 09:52:43.965, 3146428992355, vstest.console.dll, MulticastDelegateUtilities.SafeInvoke: TestRun.LogMessages: Invoking callback 1/1 for Microsoft.VisualStudio.TestPlatform.CommandLine.TestRunResultAggregator., took 0 ms.
TpTrace Information: 0 : 23300, 12, 2024/10/01, 09:52:43.965, 3146428993063, vstest.console.dll, TestRunRequest:SendTestRunMessage: Completed.
TpTrace Verbose: 0 : 23300, 12, 2024/10/01, 09:52:43.965, 3146428993828, vstest.console.dll, MulticastDelegateUtilities.SafeInvoke: LengthPrefixCommunicationChannel: MessageReceived: Invoking callback 1/1 for Microsoft.VisualStudio.TestPlatform.CommunicationUtilities.TestRequestSender+<>c__DisplayClass34_0., took 0 ms.
TpTrace Verbose: 0 : 23300, 12, 2024/10/01, 09:52:43.965, 3146428994527, vstest.console.dll, TcpClientExtensions.MessageLoopAsync: Polling on remoteEndPoint: 127.0.0.1:57350 localEndPoint: 127.0.0.1:57349 after 126 ms
TpTrace Verbose: 0 : 23300, 4, 2024/10/01, 09:52:43.966, 3146429001025, vstest.console.dll, MulticastDelegateUtilities.SafeInvoke: InternalTestLoggerEvents.SendTestRunMessage: Invoking callback 1/1 for Microsoft.VisualStudio.TestPlatform.CommandLine.Internal.ConsoleLogger., took 0 ms.
TpTrace Verbose: 0 : 23300, 12, 2024/10/01, 09:52:44.012, 3146429458326, vstest.console.dll, TcpClientExtensions.MessageLoopAsync: NotifyDataAvailable remoteEndPoint: 127.0.0.1:57350 localEndPoint: 127.0.0.1:57349
TpTrace Verbose: 0 : 23300, 12, 2024/10/01, 09:52:44.012, 3146429461118, vstest.console.dll, TestRequestSender.OnExecutionMessageReceived: Received message: {"Version":7,"MessageType":"TestExecution.Completed","Payload":{"TestRunCompleteArgs":{"TestRunStatistics":{"ExecutedTests":0,"Stats":{}},"IsCanceled":false,"IsAborted":false,"Error":null,"AttachmentSets":[],"InvokedDataCollectors":[],"ElapsedTimeInRunningTests":"00:00:00.1624263","Metrics":{},"DiscoveredExtensions":{"TestDiscoverers":["Xunit.Runner.VisualStudio.VsTestRunner, xunit.runner.visualstudio.testadapter, Version=2.8.2.0, Culture=neutral, PublicKeyToken=null"],"TestExecutors":["executor://xunit/VsTestRunner2/netcoreapp"],"TestExecutors2":[],"TestSettingsProviders":[]}},"LastRunTests":{"NewTestResults":[],"TestRunStatistics":{"ExecutedTests":0,"Stats":{}},"ActiveTests":[]},"RunAttachments":[],"ExecutorUris":[]}}
TpTrace Verbose: 0 : 23300, 12, 2024/10/01, 09:52:44.012, 3146429462948, vstest.console.dll, TestRequestSender.EndSession: Sending end session.
TpTrace Verbose: 0 : 23300, 12, 2024/10/01, 09:52:44.012, 3146429465959, vstest.console.dll, ProxyOperationManager.Close: waiting for test host to exit for 100 ms
TpTrace Warning: 0 : 23300, 11, 2024/10/01, 09:52:44.020, 3146429541872, vstest.console.dll, TestHostManagerCallbacks.ErrorReceivedCallback Test host standard error line: 
TpTrace Verbose: 0 : 23300, 10, 2024/10/01, 09:52:44.020, 3146429541872, vstest.console.dll, TestHostManagerCallbacks.StandardOutputReceivedCallback Test host standard output line: 
TpTrace Verbose: 0 : 23300, 11, 2024/10/01, 09:52:44.029, 3146429635017, vstest.console.dll, TestHostProvider.ExitCallBack: Host exited starting callback.
TpTrace Information: 0 : 23300, 11, 2024/10/01, 09:52:44.030, 3146429637060, vstest.console.dll, TestHostManagerCallbacks.ExitCallBack: Testhost processId: 35144 exited with exitcode: 0 error: ''
TpTrace Verbose: 0 : 23300, 11, 2024/10/01, 09:52:44.030, 3146429637689, vstest.console.dll, DotnetTestHostManager.OnHostExited: invoking OnHostExited callback
TpTrace Verbose: 0 : 23300, 11, 2024/10/01, 09:52:44.030, 3146429642071, vstest.console.dll, CrossPlatEngine.TestHostManagerHostExited: calling on client process exit callback.
TpTrace Information: 0 : 23300, 11, 2024/10/01, 09:52:44.030, 3146429644028, vstest.console.dll, TestRequestSender.OnClientProcessExit: Test host process exited. Standard error: 
TpTrace Information: 0 : 23300, 12, 2024/10/01, 09:52:44.030, 3146429644688, vstest.console.dll, SocketServer.Stop: Stop server endPoint: 127.0.0.1:57349
TpTrace Information: 0 : 23300, 12, 2024/10/01, 09:52:44.030, 3146429645694, vstest.console.dll, SocketServer.Stop: Cancellation requested. Stopping message loop.
TpTrace Information: 0 : 23300, 11, 2024/10/01, 09:52:44.030, 3146429645011, vstest.console.dll, SocketServer.Stop: Stop server endPoint: 127.0.0.1:57349
TpTrace Information: 0 : 23300, 11, 2024/10/01, 09:52:44.031, 3146429647540, vstest.console.dll, SocketServer.Stop: Cancellation requested. Stopping message loop.
TpTrace Information: 0 : 23300, 12, 2024/10/01, 09:52:44.031, 3146429648584, vstest.console.dll, Closing the connection
TpTrace Verbose: 0 : 23300, 11, 2024/10/01, 09:52:44.031, 3146429648412, vstest.console.dll, MulticastDelegateUtilities.SafeInvoke: HostProviderEvents.OnHostExited: Invoking callback 1/1 for Microsoft.VisualStudio.TestPlatform.CrossPlatEngine.Client.ProxyOperationManager., took 1 ms.
TpTrace Verbose: 0 : 23300, 12, 2024/10/01, 09:52:44.053, 3146429875904, vstest.console.dll, ParallelRunEventsHandler.HandleTestRunComplete: Handling a run completion, this can be either one part of parallel run completing, or the whole parallel run completing.
TpTrace Verbose: 0 : 23300, 12, 2024/10/01, 09:52:44.056, 3146429903558, vstest.console.dll, TestRunRequest:SendTestRunStatsChange: Starting.
TpTrace Verbose: 0 : 23300, 12, 2024/10/01, 09:52:44.056, 3146429905284, vstest.console.dll, MulticastDelegateUtilities.SafeInvoke: TestRun.RunStatsChanged: Invoking callbacks was skipped because there are no subscribers.
TpTrace Information: 0 : 23300, 12, 2024/10/01, 09:52:44.056, 3146429905724, vstest.console.dll, TestRunRequest:SendTestRunStatsChange: Completed.
TpTrace Verbose: 0 : 23300, 12, 2024/10/01, 09:52:44.057, 3146429908518, vstest.console.dll, ParallelProxyExecutionManager: HandlePartialRunComplete: Total workloads = 1, Total started clients = 1 Total completed clients = 1, Run complete = True, Run canceled: False.
TpTrace Verbose: 0 : 23300, 12, 2024/10/01, 09:52:44.057, 3146429909076, vstest.console.dll, ParallelProxyExecutionManager: HandlePartialRunComplete: All runs completed stopping all managers.
TpTrace Verbose: 0 : 23300, 12, 2024/10/01, 09:52:44.057, 3146429909480, vstest.console.dll, ParallelOperationManager.StopAllManagers: Stopping all managers.
TpTrace Verbose: 0 : 23300, 12, 2024/10/01, 09:52:44.057, 3146429909833, vstest.console.dll, ParallelOperationManager.ClearSlots: Clearing all slots. Slots should accept more work: False
TpTrace Verbose: 0 : 23300, 12, 2024/10/01, 09:52:44.057, 3146429910384, vstest.console.dll, ParallelOperationManager.SetOccupiedSlotCount: Setting slot counts AvailableSlotCount = 1, OccupiedSlotCount = 0.
TpTrace Verbose: 0 : 23300, 12, 2024/10/01, 09:52:44.057, 3146429910865, vstest.console.dll, Occupied slots:

TpTrace Verbose: 0 : 23300, 12, 2024/10/01, 09:52:44.057, 3146429911194, vstest.console.dll, ParallelRunEventsHandler.HandleTestRunComplete: Whole parallel run completed.
TpTrace Verbose: 0 : 23300, 4, 2024/10/01, 09:52:44.064, 3146429978904, vstest.console.dll, MulticastDelegateUtilities.SafeInvoke: InternalTestLoggerEvents.SendTestRunComplete: Invoking callback 1/1 for Microsoft.VisualStudio.TestPlatform.CommandLine.Internal.ConsoleLogger., took 3 ms.
TpTrace Verbose: 0 : 23300, 12, 2024/10/01, 09:52:44.064, 3146429982950, vstest.console.dll, TestRunRequest:TestRunComplete: Starting. IsAborted:False IsCanceled:False.
TpTrace Verbose: 0 : 23300, 12, 2024/10/01, 09:52:44.064, 3146429984848, vstest.console.dll, ParallelOperationManager.DoActionOnAllManagers: Calling an action on all managers.
TpTrace Verbose: 0 : 23300, 12, 2024/10/01, 09:52:44.066, 3146430001174, vstest.console.dll, TestLoggerManager.HandleTestRunComplete: Ignoring as the object is disposed.
TpTrace Verbose: 0 : 23300, 12, 2024/10/01, 09:52:44.067, 3146430011020, vstest.console.dll, MulticastDelegateUtilities.SafeInvoke: TestRun.TestRunComplete: Invoking callback 1/2 for Microsoft.VisualStudio.TestPlatform.CommandLine.TestRunResultAggregator., took 0 ms.
TpTrace Verbose: 0 : 23300, 12, 2024/10/01, 09:52:44.068, 3146430018994, vstest.console.dll, MulticastDelegateUtilities.SafeInvoke: TestRun.TestRunComplete: Invoking callback 2/2 for Microsoft.VisualStudio.TestPlatform.CommandLine.Processors.RunTestsArgumentExecutor+TestRunRequestEventsRegistrar., took 0 ms.
TpTrace Information: 0 : 23300, 12, 2024/10/01, 09:52:44.068, 3146430020832, vstest.console.dll, TestRunRequest:TestRunComplete: Completed.
TpTrace Verbose: 0 : 23300, 12, 2024/10/01, 09:52:44.068, 3146430021448, vstest.console.dll, TestRequestSender.SetOperationComplete: Setting operation complete.
TpTrace Verbose: 0 : 23300, 1, 2024/10/01, 09:52:44.068, 3146430021342, vstest.console.dll, TestRunRequest.Dispose: Starting.
TpTrace Information: 0 : 23300, 12, 2024/10/01, 09:52:44.068, 3146430021905, vstest.console.dll, SocketServer.Stop: Stop server endPoint: 127.0.0.1:57349
TpTrace Information: 0 : 23300, 1, 2024/10/01, 09:52:44.068, 3146430022902, vstest.console.dll, TestRunRequest.Dispose: Completed.
TpTrace Information: 0 : 23300, 12, 2024/10/01, 09:52:44.068, 3146430023604, vstest.console.dll, SocketServer.Stop: Cancellation requested. Stopping message loop.
TpTrace Information: 0 : 23300, 1, 2024/10/01, 09:52:44.068, 3146430024472, vstest.console.dll, TestRequestManager.RunTests: run tests completed.
TpTrace Verbose: 0 : 23300, 12, 2024/10/01, 09:52:44.068, 3146430025646, vstest.console.dll, MulticastDelegateUtilities.SafeInvoke: LengthPrefixCommunicationChannel: MessageReceived: Invoking callback 1/1 for Microsoft.VisualStudio.TestPlatform.CommunicationUtilities.TestRequestSender+<>c__DisplayClass34_0., took 56 ms.
TpTrace Information: 0 : 23300, 1, 2024/10/01, 09:52:44.068, 3146430026673, vstest.console.dll, RunTestsArgumentProcessor:Execute: Test run is completed.
TpTrace Information: 0 : 23300, 12, 2024/10/01, 09:52:44.069, 3146430026805, vstest.console.dll, SocketServer.PrivateStop: Stopping server endPoint: 127.0.0.1:57349 error: 
TpTrace Verbose: 0 : 23300, 1, 2024/10/01, 09:52:44.069, 3146430029171, vstest.console.dll, Executor.Execute: Exiting with exit code of 0
TpTrace Verbose: 0 : 23300, 12, 2024/10/01, 09:52:44.069, 3146430034048, vstest.console.dll, LengthPrefixCommunicationChannel.Dispose: Dispose reader and writer.
TpTrace Information: 0 : 23300, 12, 2024/10/01, 09:52:44.069, 3146430035079, vstest.console.dll, SocketServer.Stop: Raise disconnected event endPoint: 127.0.0.1:57349 error: 
TpTrace Verbose: 0 : 23300, 12, 2024/10/01, 09:52:44.069, 3146430036416, vstest.console.dll, TestRequestSender: OnTestRunAbort: Operation is already complete. Skip error message.
TpTrace Verbose: 0 : 23300, 12, 2024/10/01, 09:52:44.070, 3146430036998, vstest.console.dll, MulticastDelegateUtilities.SafeInvoke: SocketServer: ClientDisconnected: Invoking callback 1/1 for Microsoft.VisualStudio.TestPlatform.CommunicationUtilities.TestRequestSender., took 0 ms.
TpTrace Verbose: 0 : 33812, 1, 2024/10/01, 10:00:41.061, 3151199947092, vstest.console.dll, Version: 17.11.0-release-24352-05 Current process architecture: X64
TpTrace Verbose: 0 : 33812, 1, 2024/10/01, 10:00:41.065, 3151199996342, vstest.console.dll, Runtime location: C:\Program Files\dotnet\shared\Microsoft.NETCore.App\8.0.8
TpTrace Information: 0 : 33812, 1, 2024/10/01, 10:00:41.070, 3151200042457, vstest.console.dll, Using .Net Framework version:.NETCoreApp,Version=v8.0
TpTrace Verbose: 0 : 33812, 1, 2024/10/01, 10:00:41.070, 3151200044353, vstest.console.dll, ArtifactProcessingPostProcessModeProcessorExecutor.Initialize: ArtifactProcessingMode.Collect
TpTrace Verbose: 0 : 33812, 1, 2024/10/01, 10:00:41.070, 3151200045117, vstest.console.dll, TestSessionCorrelationIdProcessorModeProcessorExecutor.Initialize: TestSessionCorrelationId '38252_9e8b37fd-a68a-497d-9a32-d267a06ff100'
TpTrace Information: 0 : 33812, 1, 2024/10/01, 10:00:41.079, 3151200130399, vstest.console.dll, FilePatternParser: The given file C:\Users\danieldh\source\repos\E-CommerceDesafio\E-CommerceDesafio\bin\Debug\net8.0\E-CommerceDesafio.dll is a full path.
TpTrace Verbose: 0 : 33812, 1, 2024/10/01, 10:00:41.092, 3151200262525, vstest.console.dll, TestPluginCache.DiscoverTestExtensions: finding test extensions in assemblies ends with: RuntimeProvider.dll TPluginInfo: Microsoft.VisualStudio.TestPlatform.Common.ExtensionFramework.Utilities.TestRuntimePluginInformation TExtension: Microsoft.VisualStudio.TestPlatform.ObjectModel.Host.ITestRuntimeProvider
TpTrace Verbose: 0 : 33812, 1, 2024/10/01, 10:00:41.097, 3151200313746, vstest.console.dll, TestPluginCache.GetExtensionPaths: Filtered extension paths: 
TpTrace Verbose: 0 : 33812, 1, 2024/10/01, 10:00:41.097, 3151200316350, vstest.console.dll, TestPluginCache.GetExtensionPaths: Added default extension paths: C:\Program Files\dotnet\sdk\8.0.400\Extensions\Microsoft.Diagnostics.NETCore.Client.dll
C:\Program Files\dotnet\sdk\8.0.400\Extensions\Microsoft.TestPlatform.Extensions.BlameDataCollector.dll
C:\Program Files\dotnet\sdk\8.0.400\Extensions\Microsoft.TestPlatform.Extensions.EventLogCollector.dll
C:\Program Files\dotnet\sdk\8.0.400\Extensions\Microsoft.TestPlatform.TestHostRuntimeProvider.dll
C:\Program Files\dotnet\sdk\8.0.400\Extensions\Microsoft.VisualStudio.TestPlatform.Extensions.Html.TestLogger.dll
C:\Program Files\dotnet\sdk\8.0.400\Extensions\Microsoft.VisualStudio.TestPlatform.Extensions.Trx.TestLogger.dll
TpTrace Verbose: 0 : 33812, 1, 2024/10/01, 10:00:41.098, 3151200317160, vstest.console.dll, TestPluginCache.GetExtensionPaths: Added unfilterableExtensionPaths: 
TpTrace Information: 0 : 33812, 1, 2024/10/01, 10:00:41.099, 3151200327598, vstest.console.dll, AssemblyResolver.ctor: Creating AssemblyResolver with searchDirectories C:\Program Files\dotnet\sdk\8.0.400\Extensions,C:\Program Files\dotnet\sdk\8.0.400
TpTrace Verbose: 0 : 33812, 1, 2024/10/01, 10:00:41.103, 3151200375960, vstest.console.dll, TestPluginCache.DiscoverTestExtensions: Discovering the extensions using extension path.
TpTrace Verbose: 0 : 33812, 1, 2024/10/01, 10:00:41.104, 3151200378489, vstest.console.dll, TestPluginCache.GetExtensionPaths: Filtered extension paths: 
TpTrace Verbose: 0 : 33812, 1, 2024/10/01, 10:00:41.104, 3151200379297, vstest.console.dll, TestPluginCache.GetExtensionPaths: Added default extension paths: C:\Program Files\dotnet\sdk\8.0.400\Extensions\Microsoft.Diagnostics.NETCore.Client.dll
C:\Program Files\dotnet\sdk\8.0.400\Extensions\Microsoft.TestPlatform.Extensions.BlameDataCollector.dll
C:\Program Files\dotnet\sdk\8.0.400\Extensions\Microsoft.TestPlatform.Extensions.EventLogCollector.dll
C:\Program Files\dotnet\sdk\8.0.400\Extensions\Microsoft.TestPlatform.TestHostRuntimeProvider.dll
C:\Program Files\dotnet\sdk\8.0.400\Extensions\Microsoft.VisualStudio.TestPlatform.Extensions.Html.TestLogger.dll
C:\Program Files\dotnet\sdk\8.0.400\Extensions\Microsoft.VisualStudio.TestPlatform.Extensions.Trx.TestLogger.dll
TpTrace Verbose: 0 : 33812, 1, 2024/10/01, 10:00:41.104, 3151200379760, vstest.console.dll, TestPluginCache.GetExtensionPaths: Added unfilterableExtensionPaths: 
TpTrace Verbose: 0 : 33812, 1, 2024/10/01, 10:00:41.104, 3151200384922, vstest.console.dll, TestPluginCache.DiscoverTestExtensions: Discovering the extensions using allExtensionPaths: C:\Program Files\dotnet\sdk\8.0.400\Extensions\Microsoft.Diagnostics.NETCore.Client.dll
C:\Program Files\dotnet\sdk\8.0.400\Extensions\Microsoft.TestPlatform.Extensions.BlameDataCollector.dll
C:\Program Files\dotnet\sdk\8.0.400\Extensions\Microsoft.TestPlatform.Extensions.EventLogCollector.dll
C:\Program Files\dotnet\sdk\8.0.400\Extensions\Microsoft.TestPlatform.TestHostRuntimeProvider.dll
C:\Program Files\dotnet\sdk\8.0.400\Extensions\Microsoft.VisualStudio.TestPlatform.Extensions.Html.TestLogger.dll
C:\Program Files\dotnet\sdk\8.0.400\Extensions\Microsoft.VisualStudio.TestPlatform.Extensions.Trx.TestLogger.dll
TpTrace Information: 0 : 33812, 1, 2024/10/01, 10:00:41.105, 3151200389579, vstest.console.dll, AssemblyResolver.AddSearchDirectories: Adding more searchDirectories C:\Program Files\dotnet\sdk\8.0.400\Extensions,C:\Program Files\dotnet\sdk\8.0.400
TpTrace Information: 0 : 33812, 1, 2024/10/01, 10:00:41.105, 3151200391953, vstest.console.dll, AssemblyResolver.AddSearchDirectories: Adding more searchDirectories C:\Program Files\dotnet\sdk\8.0.400\Extensions,C:\Program Files\dotnet\sdk\8.0.400
TpTrace Information: 0 : 33812, 1, 2024/10/01, 10:00:41.105, 3151200393068, vstest.console.dll, AssemblyResolver.AddSearchDirectories: Adding more searchDirectories C:\Program Files\dotnet\sdk\8.0.400\Extensions,C:\Program Files\dotnet\sdk\8.0.400
TpTrace Information: 0 : 33812, 1, 2024/10/01, 10:00:41.105, 3151200393872, vstest.console.dll, AssemblyResolver.AddSearchDirectories: Adding more searchDirectories C:\Program Files\dotnet\sdk\8.0.400\Extensions,C:\Program Files\dotnet\sdk\8.0.400
TpTrace Information: 0 : 33812, 1, 2024/10/01, 10:00:41.105, 3151200394652, vstest.console.dll, AssemblyResolver.AddSearchDirectories: Adding more searchDirectories C:\Program Files\dotnet\sdk\8.0.400\Extensions,C:\Program Files\dotnet\sdk\8.0.400
TpTrace Information: 0 : 33812, 1, 2024/10/01, 10:00:41.105, 3151200395444, vstest.console.dll, AssemblyResolver.AddSearchDirectories: Adding more searchDirectories C:\Program Files\dotnet\sdk\8.0.400\Extensions,C:\Program Files\dotnet\sdk\8.0.400
TpTrace Information: 0 : 33812, 1, 2024/10/01, 10:00:41.106, 3151200402699, vstest.console.dll, AssemblyResolver.OnResolve: Microsoft.Diagnostics.NETCore.Client: Resolving assembly.
TpTrace Information: 0 : 33812, 1, 2024/10/01, 10:00:41.106, 3151200404736, vstest.console.dll, AssemblyResolver.OnResolve: Microsoft.Diagnostics.NETCore.Client: Searching in: 'C:\Program Files\dotnet\sdk\8.0.400\Extensions'.
TpTrace Information: 0 : 33812, 1, 2024/10/01, 10:00:41.132, 3151200665688, vstest.console.dll, AssemblyResolver.OnResolve: Microsoft.Diagnostics.NETCore.Client: Loading assembly 'C:\Program Files\dotnet\sdk\8.0.400\Extensions\Microsoft.Diagnostics.NETCore.Client.dll'.
TpTrace Information: 0 : 33812, 1, 2024/10/01, 10:00:41.135, 3151200693883, vstest.console.dll, AssemblyResolver.OnResolve: Resolved assembly: Microsoft.Diagnostics.NETCore.Client, from path: C:\Program Files\dotnet\sdk\8.0.400\Extensions\Microsoft.Diagnostics.NETCore.Client.dll
TpTrace Verbose: 0 : 33812, 1, 2024/10/01, 10:00:41.144, 3151200776898, vstest.console.dll, MetadataReaderExtensionsHelper: Discovering extensions inside assembly 'Microsoft.Diagnostics.NETCore.Client, Version=0.2.10.30701, Culture=neutral, PublicKeyToken=31bf3856ad364e35' file path 'C:\Program Files\dotnet\sdk\8.0.400\Extensions\Microsoft.Diagnostics.NETCore.Client.dll'
TpTrace Information: 0 : 33812, 1, 2024/10/01, 10:00:41.154, 3151200882774, vstest.console.dll, AssemblyResolver.OnResolve: Microsoft.Bcl.AsyncInterfaces: Resolving assembly.
TpTrace Information: 0 : 33812, 1, 2024/10/01, 10:00:41.154, 3151200884483, vstest.console.dll, AssemblyResolver.OnResolve: Microsoft.Bcl.AsyncInterfaces: Searching in: 'C:\Program Files\dotnet\sdk\8.0.400\Extensions'.
TpTrace Information: 0 : 33812, 1, 2024/10/01, 10:00:41.154, 3151200885638, vstest.console.dll, AssemblyResolver.OnResolve: Microsoft.Bcl.AsyncInterfaces: Assembly path does not exist: 'C:\Program Files\dotnet\sdk\8.0.400\Extensions\Microsoft.Bcl.AsyncInterfaces.dll', returning.
TpTrace Information: 0 : 33812, 1, 2024/10/01, 10:00:41.154, 3151200886265, vstest.console.dll, AssemblyResolver.OnResolve: Microsoft.Bcl.AsyncInterfaces: Assembly path does not exist: 'C:\Program Files\dotnet\sdk\8.0.400\Extensions\Microsoft.Bcl.AsyncInterfaces.exe', returning.
TpTrace Information: 0 : 33812, 1, 2024/10/01, 10:00:41.154, 3151200886730, vstest.console.dll, AssemblyResolver.OnResolve: Microsoft.Bcl.AsyncInterfaces: Searching in: 'C:\Program Files\dotnet\sdk\8.0.400'.
TpTrace Information: 0 : 33812, 1, 2024/10/01, 10:00:41.155, 3151200887361, vstest.console.dll, AssemblyResolver.OnResolve: Microsoft.Bcl.AsyncInterfaces: Assembly path does not exist: 'C:\Program Files\dotnet\sdk\8.0.400\Microsoft.Bcl.AsyncInterfaces.dll', returning.
TpTrace Information: 0 : 33812, 1, 2024/10/01, 10:00:41.155, 3151200887955, vstest.console.dll, AssemblyResolver.OnResolve: Microsoft.Bcl.AsyncInterfaces: Assembly path does not exist: 'C:\Program Files\dotnet\sdk\8.0.400\Microsoft.Bcl.AsyncInterfaces.exe', returning.
TpTrace Information: 0 : 33812, 1, 2024/10/01, 10:00:41.155, 3151200888324, vstest.console.dll, AssemblyResolver.OnResolve: Microsoft.Bcl.AsyncInterfaces: Failed to load assembly.
TpTrace Verbose: 0 : 33812, 1, 2024/10/01, 10:00:41.155, 3151200888897, vstest.console.dll, CurrentDomainAssemblyResolve: Resolving assembly 'Microsoft.Bcl.AsyncInterfaces'.
TpTrace Information: 0 : 33812, 1, 2024/10/01, 10:00:41.155, 3151200889729, vstest.console.dll, AssemblyResolver.OnResolve: Microsoft.Bcl.AsyncInterfaces: Resolving assembly.
TpTrace Information: 0 : 33812, 1, 2024/10/01, 10:00:41.155, 3151200890228, vstest.console.dll, AssemblyResolver.OnResolve: Microsoft.Bcl.AsyncInterfaces: Resolved from cache.
TpTrace Verbose: 0 : 33812, 1, 2024/10/01, 10:00:41.155, 3151200890593, vstest.console.dll, CurrentDomainAssemblyResolve: Resolving assembly 'Microsoft.Bcl.AsyncInterfaces'.
TpTrace Verbose: 0 : 33812, 1, 2024/10/01, 10:00:41.155, 3151200891037, vstest.console.dll, CurrentDomainAssemblyResolve: Failed to resolve assembly 'Microsoft.Bcl.AsyncInterfaces'.
TpTrace Verbose: 0 : 33812, 1, 2024/10/01, 10:00:41.157, 3151200908540, vstest.console.dll, CurrentDomainAssemblyResolve: Failed to resolve assembly 'Microsoft.Bcl.AsyncInterfaces'.
TpTrace Warning: 0 : 33812, 1, 2024/10/01, 10:00:41.182, 3151201165764, vstest.console.dll, TestPluginDiscoverer: Failed to get types from assembly 'Microsoft.Diagnostics.NETCore.Client, Version=0.2.10.30701, Culture=neutral, PublicKeyToken=31bf3856ad364e35'. Error: System.Reflection.ReflectionTypeLoadException: Unable to load one or more of the requested types.
Could not load file or assembly 'Microsoft.Bcl.AsyncInterfaces, Version=6.0.0.0, Culture=neutral, PublicKeyToken=cc7b13ffcd2ddd51'. O sistema não pode encontrar o arquivo especificado.
   at System.Reflection.RuntimeModule.GetTypes(RuntimeModule module)
   at System.Reflection.RuntimeModule.GetTypes()
   at Microsoft.VisualStudio.TestPlatform.Common.ExtensionFramework.TestPluginDiscoverer.GetTestExtensionsFromAssembly[TPluginInfo,TExtension](Assembly assembly, Dictionary`2 pluginInfos, String filePath) in /_/src/Microsoft.TestPlatform.Common/ExtensionFramework/TestPluginDiscoverer.cs:line 158
System.IO.FileNotFoundException: Could not load file or assembly 'Microsoft.Bcl.AsyncInterfaces, Version=6.0.0.0, Culture=neutral, PublicKeyToken=cc7b13ffcd2ddd51'. O sistema não pode encontrar o arquivo especificado.
File name: 'Microsoft.Bcl.AsyncInterfaces, Version=6.0.0.0, Culture=neutral, PublicKeyToken=cc7b13ffcd2ddd51'
 ---> System.IO.FileNotFoundException: Could not load file or assembly 'Microsoft.Bcl.AsyncInterfaces, Culture=neutral, PublicKeyToken=null'. O sistema não pode encontrar o arquivo especificado.
File name: 'Microsoft.Bcl.AsyncInterfaces, Culture=neutral, PublicKeyToken=null'
   at System.Reflection.RuntimeAssembly.InternalLoad(AssemblyName assemblyName, StackCrawlMark& stackMark, AssemblyLoadContext assemblyLoadContext, RuntimeAssembly requestingAssembly, Boolean throwOnFileNotFound)
   at System.Reflection.Assembly.Load(AssemblyName assemblyRef)
   at Microsoft.VisualStudio.TestPlatform.Common.ExtensionFramework.TestPluginCache.CurrentDomainAssemblyResolve(Object sender, AssemblyResolveEventArgs args) in /_/src/Microsoft.TestPlatform.Common/ExtensionFramework/TestPluginCache.cs:line 513
   at System.Runtime.Loader.AssemblyLoadContext.GetFirstResolvedAssemblyFromResolvingEvent(AssemblyName assemblyName)
   at System.Runtime.Loader.AssemblyLoadContext.ResolveUsingEvent(AssemblyName assemblyName)
   at System.Runtime.Loader.AssemblyLoadContext.ResolveUsingResolvingEvent(IntPtr gchManagedAssemblyLoadContext, AssemblyName assemblyName)
TpTrace Warning: 0 : 33812, 1, 2024/10/01, 10:00:41.183, 3151201173386, vstest.console.dll, LoaderExceptions: System.IO.FileNotFoundException: Could not load file or assembly 'Microsoft.Bcl.AsyncInterfaces, Version=6.0.0.0, Culture=neutral, PublicKeyToken=cc7b13ffcd2ddd51'. O sistema não pode encontrar o arquivo especificado.
File name: 'Microsoft.Bcl.AsyncInterfaces, Version=6.0.0.0, Culture=neutral, PublicKeyToken=cc7b13ffcd2ddd51'
 ---> System.IO.FileNotFoundException: Could not load file or assembly 'Microsoft.Bcl.AsyncInterfaces, Culture=neutral, PublicKeyToken=null'. O sistema não pode encontrar o arquivo especificado.
File name: 'Microsoft.Bcl.AsyncInterfaces, Culture=neutral, PublicKeyToken=null'
   at System.Reflection.RuntimeAssembly.InternalLoad(AssemblyName assemblyName, StackCrawlMark& stackMark, AssemblyLoadContext assemblyLoadContext, RuntimeAssembly requestingAssembly, Boolean throwOnFileNotFound)
   at System.Reflection.Assembly.Load(AssemblyName assemblyRef)
   at Microsoft.VisualStudio.TestPlatform.Common.ExtensionFramework.TestPluginCache.CurrentDomainAssemblyResolve(Object sender, AssemblyResolveEventArgs args) in /_/src/Microsoft.TestPlatform.Common/ExtensionFramework/TestPluginCache.cs:line 513
   at System.Runtime.Loader.AssemblyLoadContext.GetFirstResolvedAssemblyFromResolvingEvent(AssemblyName assemblyName)
   at System.Runtime.Loader.AssemblyLoadContext.ResolveUsingEvent(AssemblyName assemblyName)
   at System.Runtime.Loader.AssemblyLoadContext.ResolveUsingResolvingEvent(IntPtr gchManagedAssemblyLoadContext, AssemblyName assemblyName)
TpTrace Information: 0 : 33812, 1, 2024/10/01, 10:00:41.183, 3151201176098, vstest.console.dll, AssemblyResolver.OnResolve: Microsoft.TestPlatform.Extensions.BlameDataCollector: Resolving assembly.
TpTrace Information: 0 : 33812, 1, 2024/10/01, 10:00:41.184, 3151201177429, vstest.console.dll, AssemblyResolver.OnResolve: Microsoft.TestPlatform.Extensions.BlameDataCollector: Searching in: 'C:\Program Files\dotnet\sdk\8.0.400\Extensions'.
TpTrace Information: 0 : 33812, 1, 2024/10/01, 10:00:41.185, 3151201191216, vstest.console.dll, AssemblyResolver.OnResolve: Microsoft.TestPlatform.Extensions.BlameDataCollector: Loading assembly 'C:\Program Files\dotnet\sdk\8.0.400\Extensions\Microsoft.TestPlatform.Extensions.BlameDataCollector.dll'.
TpTrace Information: 0 : 33812, 1, 2024/10/01, 10:00:41.187, 3151201216386, vstest.console.dll, AssemblyResolver.OnResolve: Resolved assembly: Microsoft.TestPlatform.Extensions.BlameDataCollector, from path: C:\Program Files\dotnet\sdk\8.0.400\Extensions\Microsoft.TestPlatform.Extensions.BlameDataCollector.dll
TpTrace Verbose: 0 : 33812, 1, 2024/10/01, 10:00:41.188, 3151201219307, vstest.console.dll, MetadataReaderExtensionsHelper: Discovering extensions inside assembly 'Microsoft.TestPlatform.Extensions.BlameDataCollector, Version=15.0.0.0, Culture=neutral, PublicKeyToken=b03f5f7f11d50a3a' file path 'C:\Program Files\dotnet\sdk\8.0.400\Extensions\Microsoft.TestPlatform.Extensions.BlameDataCollector.dll'
TpTrace Information: 0 : 33812, 1, 2024/10/01, 10:00:41.191, 3151201251250, vstest.console.dll, AssemblyResolver.OnResolve: Microsoft.TestPlatform.Extensions.EventLogCollector: Resolving assembly.
TpTrace Information: 0 : 33812, 1, 2024/10/01, 10:00:41.191, 3151201253086, vstest.console.dll, AssemblyResolver.OnResolve: Microsoft.TestPlatform.Extensions.EventLogCollector: Searching in: 'C:\Program Files\dotnet\sdk\8.0.400\Extensions'.
TpTrace Information: 0 : 33812, 1, 2024/10/01, 10:00:41.193, 3151201268065, vstest.console.dll, AssemblyResolver.OnResolve: Microsoft.TestPlatform.Extensions.EventLogCollector: Loading assembly 'C:\Program Files\dotnet\sdk\8.0.400\Extensions\Microsoft.TestPlatform.Extensions.EventLogCollector.dll'.
TpTrace Information: 0 : 33812, 1, 2024/10/01, 10:00:41.195, 3151201288887, vstest.console.dll, AssemblyResolver.OnResolve: Resolved assembly: Microsoft.TestPlatform.Extensions.EventLogCollector, from path: C:\Program Files\dotnet\sdk\8.0.400\Extensions\Microsoft.TestPlatform.Extensions.EventLogCollector.dll
TpTrace Verbose: 0 : 33812, 1, 2024/10/01, 10:00:41.195, 3151201291073, vstest.console.dll, MetadataReaderExtensionsHelper: Discovering extensions inside assembly 'Microsoft.TestPlatform.Extensions.EventLogCollector, Version=15.0.0.0, Culture=neutral, PublicKeyToken=b03f5f7f11d50a3a' file path 'C:\Program Files\dotnet\sdk\8.0.400\Extensions\Microsoft.TestPlatform.Extensions.EventLogCollector.dll'
TpTrace Information: 0 : 33812, 1, 2024/10/01, 10:00:41.204, 3151201380081, vstest.console.dll, AssemblyResolver.OnResolve: Microsoft.TestPlatform.TestHostRuntimeProvider: Resolving assembly.
TpTrace Information: 0 : 33812, 1, 2024/10/01, 10:00:41.204, 3151201382174, vstest.console.dll, AssemblyResolver.OnResolve: Microsoft.TestPlatform.TestHostRuntimeProvider: Searching in: 'C:\Program Files\dotnet\sdk\8.0.400\Extensions'.
TpTrace Information: 0 : 33812, 1, 2024/10/01, 10:00:41.206, 3151201400696, vstest.console.dll, AssemblyResolver.OnResolve: Microsoft.TestPlatform.TestHostRuntimeProvider: Loading assembly 'C:\Program Files\dotnet\sdk\8.0.400\Extensions\Microsoft.TestPlatform.TestHostRuntimeProvider.dll'.
TpTrace Information: 0 : 33812, 1, 2024/10/01, 10:00:41.208, 3151201421810, vstest.console.dll, AssemblyResolver.OnResolve: Resolved assembly: Microsoft.TestPlatform.TestHostRuntimeProvider, from path: C:\Program Files\dotnet\sdk\8.0.400\Extensions\Microsoft.TestPlatform.TestHostRuntimeProvider.dll
TpTrace Verbose: 0 : 33812, 1, 2024/10/01, 10:00:41.208, 3151201423781, vstest.console.dll, MetadataReaderExtensionsHelper: Discovering extensions inside assembly 'Microsoft.TestPlatform.TestHostRuntimeProvider, Version=15.0.0.0, Culture=neutral, PublicKeyToken=b03f5f7f11d50a3a' file path 'C:\Program Files\dotnet\sdk\8.0.400\Extensions\Microsoft.TestPlatform.TestHostRuntimeProvider.dll'
TpTrace Information: 0 : 33812, 1, 2024/10/01, 10:00:41.212, 3151201463920, vstest.console.dll, GetTestExtensionFromType: Register extension with identifier data 'HostProvider://DefaultTestHost' and type 'Microsoft.VisualStudio.TestPlatform.CrossPlatEngine.Hosting.DefaultTestHostManager, Microsoft.TestPlatform.TestHostRuntimeProvider, Version=15.0.0.0, Culture=neutral, PublicKeyToken=b03f5f7f11d50a3a' inside file 'C:\Program Files\dotnet\sdk\8.0.400\Extensions\Microsoft.TestPlatform.TestHostRuntimeProvider.dll'
TpTrace Information: 0 : 33812, 1, 2024/10/01, 10:00:41.213, 3151201468449, vstest.console.dll, GetTestExtensionFromType: Register extension with identifier data 'HostProvider://DotnetTestHost' and type 'Microsoft.VisualStudio.TestPlatform.CrossPlatEngine.Hosting.DotnetTestHostManager, Microsoft.TestPlatform.TestHostRuntimeProvider, Version=15.0.0.0, Culture=neutral, PublicKeyToken=b03f5f7f11d50a3a' inside file 'C:\Program Files\dotnet\sdk\8.0.400\Extensions\Microsoft.TestPlatform.TestHostRuntimeProvider.dll'
TpTrace Information: 0 : 33812, 1, 2024/10/01, 10:00:41.213, 3151201470114, vstest.console.dll, AssemblyResolver.OnResolve: Microsoft.VisualStudio.TestPlatform.Extensions.Html.TestLogger: Resolving assembly.
TpTrace Information: 0 : 33812, 1, 2024/10/01, 10:00:41.213, 3151201470937, vstest.console.dll, AssemblyResolver.OnResolve: Microsoft.VisualStudio.TestPlatform.Extensions.Html.TestLogger: Searching in: 'C:\Program Files\dotnet\sdk\8.0.400\Extensions'.
TpTrace Information: 0 : 33812, 1, 2024/10/01, 10:00:41.214, 3151201486332, vstest.console.dll, AssemblyResolver.OnResolve: Microsoft.VisualStudio.TestPlatform.Extensions.Html.TestLogger: Loading assembly 'C:\Program Files\dotnet\sdk\8.0.400\Extensions\Microsoft.VisualStudio.TestPlatform.Extensions.Html.TestLogger.dll'.
TpTrace Information: 0 : 33812, 1, 2024/10/01, 10:00:41.217, 3151201507375, vstest.console.dll, AssemblyResolver.OnResolve: Resolved assembly: Microsoft.VisualStudio.TestPlatform.Extensions.Html.TestLogger, from path: C:\Program Files\dotnet\sdk\8.0.400\Extensions\Microsoft.VisualStudio.TestPlatform.Extensions.Html.TestLogger.dll
TpTrace Verbose: 0 : 33812, 1, 2024/10/01, 10:00:41.217, 3151201509197, vstest.console.dll, MetadataReaderExtensionsHelper: Discovering extensions inside assembly 'Microsoft.VisualStudio.TestPlatform.Extensions.Html.TestLogger, Version=15.0.0.0, Culture=neutral, PublicKeyToken=b03f5f7f11d50a3a' file path 'C:\Program Files\dotnet\sdk\8.0.400\Extensions\Microsoft.VisualStudio.TestPlatform.Extensions.Html.TestLogger.dll'
TpTrace Information: 0 : 33812, 1, 2024/10/01, 10:00:41.219, 3151201532978, vstest.console.dll, AssemblyResolver.OnResolve: Microsoft.VisualStudio.TestPlatform.Extensions.Trx.TestLogger: Resolving assembly.
TpTrace Information: 0 : 33812, 1, 2024/10/01, 10:00:41.219, 3151201534646, vstest.console.dll, AssemblyResolver.OnResolve: Microsoft.VisualStudio.TestPlatform.Extensions.Trx.TestLogger: Searching in: 'C:\Program Files\dotnet\sdk\8.0.400\Extensions'.
TpTrace Information: 0 : 33812, 1, 2024/10/01, 10:00:41.221, 3151201548653, vstest.console.dll, AssemblyResolver.OnResolve: Microsoft.VisualStudio.TestPlatform.Extensions.Trx.TestLogger: Loading assembly 'C:\Program Files\dotnet\sdk\8.0.400\Extensions\Microsoft.VisualStudio.TestPlatform.Extensions.Trx.TestLogger.dll'.
TpTrace Information: 0 : 33812, 1, 2024/10/01, 10:00:41.223, 3151201570790, vstest.console.dll, AssemblyResolver.OnResolve: Resolved assembly: Microsoft.VisualStudio.TestPlatform.Extensions.Trx.TestLogger, from path: C:\Program Files\dotnet\sdk\8.0.400\Extensions\Microsoft.VisualStudio.TestPlatform.Extensions.Trx.TestLogger.dll
TpTrace Verbose: 0 : 33812, 1, 2024/10/01, 10:00:41.223, 3151201572550, vstest.console.dll, MetadataReaderExtensionsHelper: Discovering extensions inside assembly 'Microsoft.VisualStudio.TestPlatform.Extensions.Trx.TestLogger, Version=15.0.0.0, Culture=neutral, PublicKeyToken=b03f5f7f11d50a3a' file path 'C:\Program Files\dotnet\sdk\8.0.400\Extensions\Microsoft.VisualStudio.TestPlatform.Extensions.Trx.TestLogger.dll'
TpTrace Verbose: 0 : 33812, 1, 2024/10/01, 10:00:41.226, 3151201598092, vstest.console.dll, TestPluginCache: Discovered the extensions using extension path ''.
TpTrace Verbose: 0 : 33812, 1, 2024/10/01, 10:00:41.226, 3151201600022, vstest.console.dll, TestPluginCache: Discoverers are ''.
TpTrace Verbose: 0 : 33812, 1, 2024/10/01, 10:00:41.226, 3151201600559, vstest.console.dll, TestPluginCache: Executors are ''.
TpTrace Verbose: 0 : 33812, 1, 2024/10/01, 10:00:41.226, 3151201601046, vstest.console.dll, TestPluginCache: Executors2 are ''.
TpTrace Verbose: 0 : 33812, 1, 2024/10/01, 10:00:41.226, 3151201601528, vstest.console.dll, TestPluginCache: Setting providers are ''.
TpTrace Verbose: 0 : 33812, 1, 2024/10/01, 10:00:41.226, 3151201602024, vstest.console.dll, TestPluginCache: Loggers are ''.
TpTrace Verbose: 0 : 33812, 1, 2024/10/01, 10:00:41.226, 3151201604847, vstest.console.dll, TestPluginCache: TestHosts are 'HostProvider://DefaultTestHost,HostProvider://DotnetTestHost'.
TpTrace Verbose: 0 : 33812, 1, 2024/10/01, 10:00:41.226, 3151201605467, vstest.console.dll, TestPluginCache: DataCollectors are ''.
TpTrace Information: 0 : 33812, 1, 2024/10/01, 10:00:41.259, 3151201933894, vstest.console.dll, RunTestsArgumentProcessor:Execute: Test run is starting.
TpTrace Verbose: 0 : 33812, 1, 2024/10/01, 10:00:41.259, 3151201935721, vstest.console.dll, RunTestsArgumentProcessor:Execute: Queuing Test run.
TpTrace Information: 0 : 33812, 1, 2024/10/01, 10:00:41.260, 3151201940636, vstest.console.dll, TestRequestManager.RunTests: run tests started.
TpTrace Information: 0 : 33812, 1, 2024/10/01, 10:00:41.263, 3151201975806, vstest.console.dll, AssemblyMetadataProvider.GetFrameworkName: Determined framework:'.NETCoreApp,Version=v8.0' for source: 'C:\Users\danieldh\source\repos\E-CommerceDesafio\E-CommerceDesafio\bin\Debug\net8.0\E-CommerceDesafio.dll'
TpTrace Information: 0 : 33812, 1, 2024/10/01, 10:00:41.264, 3151201979229, vstest.console.dll, Determined framework for all sources: .NETCoreApp,Version=v8.0
TpTrace Verbose: 0 : 33812, 1, 2024/10/01, 10:00:41.264, 3151201982876, vstest.console.dll, TestRequestManager.UpdateRunSettingsIfRequired: Default architecture: X64 IsDefaultTargetArchitecture: True, Current process architecture: X64 OperatingSystem: Windows.
TpTrace Information: 0 : 33812, 1, 2024/10/01, 10:00:41.268, 3151202020964, vstest.console.dll, AssemblyMetadataProvider.GetArchitecture: Determined architecture:AnyCPU info for assembly: C:\Users\danieldh\source\repos\E-CommerceDesafio\E-CommerceDesafio\bin\Debug\net8.0\E-CommerceDesafio.dll
TpTrace Information: 0 : 33812, 1, 2024/10/01, 10:00:41.268, 3151202022509, vstest.console.dll, Determined platform for source 'C:\Users\danieldh\source\repos\E-CommerceDesafio\E-CommerceDesafio\bin\Debug\net8.0\E-CommerceDesafio.dll' was AnyCPU and it will use the default plaform X64.
TpTrace Information: 0 : 33812, 1, 2024/10/01, 10:00:41.268, 3151202023190, vstest.console.dll, None of the sources provided any runnable platform, using the default platform: X64
TpTrace Information: 0 : 33812, 1, 2024/10/01, 10:00:41.268, 3151202025544, vstest.console.dll, Platform was updated to 'X64'.
TpTrace Information: 0 : 33812, 1, 2024/10/01, 10:00:41.271, 3151202053570, vstest.console.dll, Compatible sources list: 
TpTrace Information: 0 : 33812, 1, 2024/10/01, 10:00:41.271, 3151202055487, vstest.console.dll, C:\Users\danieldh\source\repos\E-CommerceDesafio\E-CommerceDesafio\bin\Debug\net8.0\E-CommerceDesafio.dll
TpTrace Information: 0 : 33812, 1, 2024/10/01, 10:00:41.275, 3151202094186, vstest.console.dll, InferRunSettingsHelper.IsTestSettingsEnabled: Unable to navigate to RunSettings/MSTest. Current node: RunSettings
TpTrace Information: 0 : 33812, 1, 2024/10/01, 10:00:41.276, 3151202104722, vstest.console.dll, AssemblyResolver.OnResolve: Microsoft.VisualStudio.TestPlatform.Fakes: Resolving assembly.
TpTrace Information: 0 : 33812, 1, 2024/10/01, 10:00:41.276, 3151202106341, vstest.console.dll, AssemblyResolver.OnResolve: Microsoft.VisualStudio.TestPlatform.Fakes: Searching in: 'C:\Program Files\dotnet\sdk\8.0.400\Extensions'.
TpTrace Information: 0 : 33812, 1, 2024/10/01, 10:00:41.277, 3151202107949, vstest.console.dll, AssemblyResolver.OnResolve: Microsoft.VisualStudio.TestPlatform.Fakes: Assembly path does not exist: 'C:\Program Files\dotnet\sdk\8.0.400\Extensions\Microsoft.VisualStudio.TestPlatform.Fakes.dll', returning.
TpTrace Information: 0 : 33812, 1, 2024/10/01, 10:00:41.277, 3151202108938, vstest.console.dll, AssemblyResolver.OnResolve: Microsoft.VisualStudio.TestPlatform.Fakes: Assembly path does not exist: 'C:\Program Files\dotnet\sdk\8.0.400\Extensions\Microsoft.VisualStudio.TestPlatform.Fakes.exe', returning.
TpTrace Information: 0 : 33812, 1, 2024/10/01, 10:00:41.277, 3151202109367, vstest.console.dll, AssemblyResolver.OnResolve: Microsoft.VisualStudio.TestPlatform.Fakes: Searching in: 'C:\Program Files\dotnet\sdk\8.0.400'.
TpTrace Information: 0 : 33812, 1, 2024/10/01, 10:00:41.277, 3151202110152, vstest.console.dll, AssemblyResolver.OnResolve: Microsoft.VisualStudio.TestPlatform.Fakes: Assembly path does not exist: 'C:\Program Files\dotnet\sdk\8.0.400\Microsoft.VisualStudio.TestPlatform.Fakes.dll', returning.
TpTrace Information: 0 : 33812, 1, 2024/10/01, 10:00:41.277, 3151202110718, vstest.console.dll, AssemblyResolver.OnResolve: Microsoft.VisualStudio.TestPlatform.Fakes: Assembly path does not exist: 'C:\Program Files\dotnet\sdk\8.0.400\Microsoft.VisualStudio.TestPlatform.Fakes.exe', returning.
TpTrace Information: 0 : 33812, 1, 2024/10/01, 10:00:41.277, 3151202111100, vstest.console.dll, AssemblyResolver.OnResolve: Microsoft.VisualStudio.TestPlatform.Fakes: Failed to load assembly.
TpTrace Information: 0 : 33812, 1, 2024/10/01, 10:00:41.277, 3151202114369, vstest.console.dll, Failed to load assembly Microsoft.VisualStudio.TestPlatform.Fakes, Version=17.0.0.0, Culture=neutral. Reason:System.IO.FileNotFoundException: Could not load file or assembly 'Microsoft.VisualStudio.TestPlatform.Fakes, Version=17.0.0.0, Culture=neutral, PublicKeyToken=null'. O sistema não pode encontrar o arquivo especificado.
File name: 'Microsoft.VisualStudio.TestPlatform.Fakes, Version=17.0.0.0, Culture=neutral, PublicKeyToken=null'
   at System.Reflection.RuntimeAssembly.InternalLoad(AssemblyName assemblyName, StackCrawlMark& stackMark, AssemblyLoadContext assemblyLoadContext, RuntimeAssembly requestingAssembly, Boolean throwOnFileNotFound)
   at System.Reflection.Assembly.Load(AssemblyName assemblyRef)
   at Microsoft.VisualStudio.TestPlatform.Common.Utilities.FakesUtilities.LoadTestPlatformAssembly() in /_/src/Microsoft.TestPlatform.Common/Utilities/FakesUtilities.cs:line 272
TpTrace Verbose: 0 : 33812, 1, 2024/10/01, 10:00:41.299, 3151202331117, vstest.console.dll, TestEngine: Initializing Parallel Execution as MaxCpuCount is set to: 1
TpTrace Information: 0 : 33812, 1, 2024/10/01, 10:00:41.301, 3151202348139, vstest.console.dll, TestPluginManager.CreateTestExtension: Attempting to load test extension: Microsoft.VisualStudio.TestPlatform.CrossPlatEngine.Hosting.DefaultTestHostManager
TpTrace Information: 0 : 33812, 1, 2024/10/01, 10:00:41.304, 3151202384236, vstest.console.dll, TestPluginManager.CreateTestExtension: Attempting to load test extension: Microsoft.VisualStudio.TestPlatform.CrossPlatEngine.Hosting.DotnetTestHostManager
TpTrace Verbose: 0 : 33812, 1, 2024/10/01, 10:00:41.305, 3151202387610, vstest.console.dll, TestHostManagerCallbacks.ctor: Forwarding output is enabled.
TpTrace Information: 0 : 33812, 1, 2024/10/01, 10:00:41.305, 3151202392430, vstest.console.dll, InferRunSettingsHelper.IsTestSettingsEnabled: Unable to navigate to RunSettings/MSTest. Current node: RunSettings
TpTrace Verbose: 0 : 33812, 1, 2024/10/01, 10:00:41.307, 3151202413073, vstest.console.dll, ParallelOperationManager.ClearSlots: Clearing all slots. Slots should accept more work: True
TpTrace Verbose: 0 : 33812, 1, 2024/10/01, 10:00:41.308, 3151202425184, vstest.console.dll, ParallelOperationManager.SetOccupiedSlotCount: Setting slot counts AvailableSlotCount = 1, OccupiedSlotCount = 0.
TpTrace Verbose: 0 : 33812, 1, 2024/10/01, 10:00:41.309, 3151202430478, vstest.console.dll, Occupied slots:

TpTrace Verbose: 0 : 33812, 1, 2024/10/01, 10:00:41.313, 3151202470667, vstest.console.dll, TestEngine.GetExecutionManager: Chosen execution manager 'Microsoft.VisualStudio.TestPlatform.CrossPlatEngine.Client.Parallel.ParallelProxyExecutionManager, Microsoft.TestPlatform.CrossPlatEngine, Version=15.0.0.0, Culture=neutral, PublicKeyToken=b03f5f7f11d50a3a' ParallelLevel '1'.
TpTrace Verbose: 0 : 33812, 1, 2024/10/01, 10:00:41.313, 3151202474064, vstest.console.dll, TestPlatform.GetSkipDefaultAdapters: Not skipping default adapters SkipDefaultAdapters was false.
TpTrace Verbose: 0 : 33812, 1, 2024/10/01, 10:00:41.313, 3151202475256, vstest.console.dll, TestRunRequest.ExecuteAsync: Creating test run request.
TpTrace Verbose: 0 : 33812, 1, 2024/10/01, 10:00:41.314, 3151202480356, vstest.console.dll, TestRunRequest.ExecuteAsync: Starting.
TpTrace Information: 0 : 33812, 1, 2024/10/01, 10:00:41.315, 3151202494341, vstest.console.dll, TestRunRequest.ExecuteAsync: Starting run with settings:TestRunCriteria:
   KeepAlive=False,FrequencyOfRunStatsChangeEvent=10,RunStatsChangeEventTimeout=00:00:01.5000000,TestCaseFilter=,TestExecutorLauncher=
   Settingsxml=<RunSettings>
  <RunConfiguration>
    <ResultsDirectory>C:\Users\danieldh\source\repos\E-CommerceDesafio\E-CommerceDesafio\TestResults</ResultsDirectory>
    <TargetPlatform>X64</TargetPlatform>
    <TargetFrameworkVersion>.NETCoreApp,Version=v8.0</TargetFrameworkVersion>
    <DesignMode>False</DesignMode>
    <CollectSourceInformation>False</CollectSourceInformation>
  </RunConfiguration>
  <LoggerRunSettings>
    <Loggers>
      <Logger friendlyName="Console" assemblyQualifiedName="Microsoft.VisualStudio.TestPlatform.CommandLine.Internal.ConsoleLogger, vstest.console, Version=15.0.0.0, Culture=neutral, PublicKeyToken=b03f5f7f11d50a3a" codeBase="C:\Program Files\dotnet\sdk\8.0.400\vstest.console.dll" enabled="True">
        <Configuration>
          <Verbosity>minimal</Verbosity>
        </Configuration>
      </Logger>
    </Loggers>
  </LoggerRunSettings>
</RunSettings>

TpTrace Verbose: 0 : 33812, 1, 2024/10/01, 10:00:41.315, 3151202495262, vstest.console.dll, TestRunRequest.ExecuteAsync: Wait for the first run request is over.
TpTrace Verbose: 0 : 33812, 1, 2024/10/01, 10:00:41.316, 3151202498674, vstest.console.dll, MulticastDelegateUtilities.SafeInvoke: TestRun.TestRunStart: Invoking callbacks was skipped because there are no subscribers.
TpTrace Verbose: 0 : 33812, 4, 2024/10/01, 10:00:41.316, 3151202503870, vstest.console.dll, MulticastDelegateUtilities.SafeInvoke: InternalTestLoggerEvents.SendTestRunStart: Invoking callback 1/1 for Microsoft.VisualStudio.TestPlatform.CommandLine.Internal.ConsoleLogger., took 0 ms.
TpTrace Verbose: 0 : 33812, 1, 2024/10/01, 10:00:41.317, 3151202509941, vstest.console.dll, ParallelProxyExecutionManager: Start execution. Total sources: 1
TpTrace Verbose: 0 : 33812, 1, 2024/10/01, 10:00:41.317, 3151202513636, vstest.console.dll, ParallelOperationManager.StartWork: Starting adding 1 workloads.
TpTrace Verbose: 0 : 33812, 1, 2024/10/01, 10:00:41.317, 3151202514428, vstest.console.dll, ParallelOperationManager.ClearSlots: Clearing all slots. Slots should accept more work: True
TpTrace Verbose: 0 : 33812, 1, 2024/10/01, 10:00:41.317, 3151202515350, vstest.console.dll, ParallelOperationManager.SetOccupiedSlotCount: Setting slot counts AvailableSlotCount = 1, OccupiedSlotCount = 0.
TpTrace Verbose: 0 : 33812, 1, 2024/10/01, 10:00:41.317, 3151202515844, vstest.console.dll, Occupied slots:

TpTrace Verbose: 0 : 33812, 1, 2024/10/01, 10:00:41.319, 3151202531229, vstest.console.dll, TestHostManagerCallbacks.ctor: Forwarding output is enabled.
TpTrace Verbose: 0 : 33812, 1, 2024/10/01, 10:00:41.319, 3151202535472, vstest.console.dll, TestRequestSender is acting as server.
TpTrace Verbose: 0 : 33812, 1, 2024/10/01, 10:00:41.320, 3151202538963, vstest.console.dll, ParallelOperationManager.RunWorkInParallel: Adding 1 workload to slot, remaining workloads 0.
TpTrace Verbose: 0 : 33812, 1, 2024/10/01, 10:00:41.320, 3151202540352, vstest.console.dll, ParallelOperationManager.SetOccupiedSlotCount: Setting slot counts AvailableSlotCount = 0, OccupiedSlotCount = 1.
TpTrace Verbose: 0 : 33812, 1, 2024/10/01, 10:00:41.320, 3151202541706, vstest.console.dll, Occupied slots:
0: C:\Users\danieldh\source\repos\E-CommerceDesafio\E-CommerceDesafio\bin\Debug\net8.0\E-CommerceDesafio.dll
TpTrace Verbose: 0 : 33812, 1, 2024/10/01, 10:00:41.321, 3151202554063, vstest.console.dll, ParallelOperationManager.RunWorkInParallel: Started host in slot number 0 for work (source): C:\Users\danieldh\source\repos\E-CommerceDesafio\E-CommerceDesafio\bin\Debug\net8.0\E-CommerceDesafio.dll.
TpTrace Verbose: 0 : 33812, 1, 2024/10/01, 10:00:41.322, 3151202564694, vstest.console.dll, ParallelOperationManager.RunWorkInParallel: We started 1 work items, which is the max parallel level. Won't start more work.
TpTrace Verbose: 0 : 33812, 1, 2024/10/01, 10:00:41.322, 3151202565867, vstest.console.dll, ParallelOperationManager.RunWorkInParallel: We started 1 work items in here, returning True.
TpTrace Information: 0 : 33812, 1, 2024/10/01, 10:00:41.322, 3151202566453, vstest.console.dll, TestRunRequest.ExecuteAsync: Started.
TpTrace Verbose: 0 : 33812, 5, 2024/10/01, 10:00:41.323, 3151202569284, vstest.console.dll, ParallelProxyExecutionManager.StartTestRunOnConcurrentManager: Initializing uninitialized client. Started clients: 0
TpTrace Verbose: 0 : 33812, 5, 2024/10/01, 10:00:41.323, 3151202570761, vstest.console.dll, ParallelProxyExecutionManager.StartTestRunOnConcurrentManager: Initializing test run. Started clients: 0
TpTrace Verbose: 0 : 33812, 5, 2024/10/01, 10:00:41.323, 3151202572387, vstest.console.dll, ProxyExecutionManager: Test host is always Lazy initialize.
TpTrace Verbose: 0 : 33812, 1, 2024/10/01, 10:00:41.323, 3151202572505, vstest.console.dll, TestRunRequest.WaitForCompletion: Waiting with timeout -1.
TpTrace Verbose: 0 : 33812, 5, 2024/10/01, 10:00:41.323, 3151202576540, vstest.console.dll, TestRequestSender.InitializeCommunication: initialize communication. 
TpTrace Information: 0 : 33812, 5, 2024/10/01, 10:00:41.340, 3151202744850, vstest.console.dll, SocketServer.Start: Listening on endpoint : 127.0.0.1:57435
TpTrace Verbose: 0 : 33812, 5, 2024/10/01, 10:00:41.352, 3151202857808, vstest.console.dll, DotnetTestHostmanager.GetTestHostProcessStartInfo: Platform environment 'X64' target architecture 'X64' framework '.NETCoreApp,Version=v8.0' OS 'Windows'
TpTrace Verbose: 0 : 33812, 5, 2024/10/01, 10:00:41.352, 3151202861157, vstest.console.dll, DotnetTestHostmanager: Adding  --runtimeconfig "C:\Users\danieldh\source\repos\E-CommerceDesafio\E-CommerceDesafio\bin\Debug\net8.0\E-CommerceDesafio.runtimeconfig.json" in args
TpTrace Verbose: 0 : 33812, 5, 2024/10/01, 10:00:41.352, 3151202862368, vstest.console.dll, DotnetTestHostmanager: Adding  --depsfile "C:\Users\danieldh\source\repos\E-CommerceDesafio\E-CommerceDesafio\bin\Debug\net8.0\E-CommerceDesafio.deps.json" in args
TpTrace Verbose: 0 : 33812, 5, 2024/10/01, 10:00:41.352, 3151202864655, vstest.console.dll, DotnetTestHostmanager.IsWinOnArm: Current PROCESSOR_ARCHITECTURE from environment variable 'AMD64'
TpTrace Verbose: 0 : 33812, 5, 2024/10/01, 10:00:41.352, 3151202865382, vstest.console.dll, DotnetTestHostmanager.IsWinOnArm: Is Windows on ARM 'False'
TpTrace Verbose: 0 : 33812, 5, 2024/10/01, 10:00:41.352, 3151202866490, vstest.console.dll, DotnetTestHostManager: testhost.exe found at path: C:\Users\danieldh\source\repos\E-CommerceDesafio\E-CommerceDesafio\bin\Debug\net8.0\testhost.exe
TpTrace Verbose: 0 : 33812, 5, 2024/10/01, 10:00:41.353, 3151202866966, vstest.console.dll, DotnetTestHostmanager: Full path of host exe is C:\Users\danieldh\source\repos\E-CommerceDesafio\E-CommerceDesafio\bin\Debug\net8.0\testhost.exe
TpTrace Verbose: 0 : 33812, 5, 2024/10/01, 10:00:41.353, 3151202868279, vstest.console.dll, DotnetTestHostmanager.LaunchTestHostAsync: Found 'VSTEST_WINAPPHOST_DOTNET_ROOT' in env variables, value 'C:\Program Files\dotnet', forwarding to 'DOTNET_ROOT'
TpTrace Verbose: 0 : 33812, 5, 2024/10/01, 10:00:41.353, 3151202870400, vstest.console.dll, DotnetTestHostManager: Starting process 'C:\Users\danieldh\source\repos\E-CommerceDesafio\E-CommerceDesafio\bin\Debug\net8.0\testhost.exe' with command line ' --runtimeconfig "C:\Users\danieldh\source\repos\E-CommerceDesafio\E-CommerceDesafio\bin\Debug\net8.0\E-CommerceDesafio.runtimeconfig.json" --depsfile "C:\Users\danieldh\source\repos\E-CommerceDesafio\E-CommerceDesafio\bin\Debug\net8.0\E-CommerceDesafio.deps.json" --port 57435 --endpoint 127.0.0.1:057435 --role client --parentprocessid 33812 --diag "C:\Users\danieldh\source\repos\E-CommerceDesafio\log.host.24-10-01_10-00-41_35144_5.txt" --tracelevel 4 --telemetryoptedin false'
TpTrace Verbose: 0 : 33812, 5, 2024/10/01, 10:00:41.367, 3151203013785, vstest.console.dll, Test Runtime launched
TpTrace Verbose: 0 : 33812, 5, 2024/10/01, 10:00:41.367, 3151203015978, vstest.console.dll, MulticastDelegateUtilities.SafeInvoke: HostProviderEvents.OnHostLaunched: Invoking callback 1/1 for Microsoft.VisualStudio.TestPlatform.CrossPlatEngine.Client.ProxyOperationManager., took 0 ms.
TpTrace Verbose: 0 : 33812, 5, 2024/10/01, 10:00:41.368, 3151203021912, vstest.console.dll, TestRequestSender.WaitForRequestHandlerConnection: waiting for connection with timeout: 90000.
TpTrace Verbose: 0 : 33812, 5, 2024/10/01, 10:00:41.818, 3151207524412, vstest.console.dll, TestRequestSender.WaitForRequestHandlerConnection: waiting took 450 ms, with timeout 90000 ms, and result 0, which is success.
TpTrace Verbose: 0 : 33812, 10, 2024/10/01, 10:00:41.818, 3151207524409, vstest.console.dll, MulticastDelegateUtilities.SafeInvoke: SocketServer: ClientConnected: Invoking callback 1/1 for Microsoft.VisualStudio.TestPlatform.CommunicationUtilities.TestRequestSender., took 0 ms.
TpTrace Verbose: 0 : 33812, 10, 2024/10/01, 10:00:41.819, 3151207528473, vstest.console.dll, SocketServer.OnClientConnected: Client connected for endPoint: 127.0.0.1:57435, starting MessageLoopAsync:
TpTrace Verbose: 0 : 33812, 10, 2024/10/01, 10:00:41.819, 3151207534843, vstest.console.dll, TcpClientExtensions.MessageLoopAsync: Polling on remoteEndPoint: 127.0.0.1:57436 localEndPoint: 127.0.0.1:57435 after 0 ms
TpTrace Verbose: 0 : 33812, 5, 2024/10/01, 10:00:41.897, 3151208313436, vstest.console.dll, TestRequestSender.CheckVersionWithTestHost: Sending check version message: {"MessageType":"ProtocolVersion","Payload":7}
TpTrace Verbose: 0 : 33812, 10, 2024/10/01, 10:00:42.071, 3151210053718, vstest.console.dll, TcpClientExtensions.MessageLoopAsync: NotifyDataAvailable remoteEndPoint: 127.0.0.1:57436 localEndPoint: 127.0.0.1:57435
TpTrace Verbose: 0 : 33812, 10, 2024/10/01, 10:00:42.072, 3151210058530, vstest.console.dll, TestRequestSender.CheckVersionWithTestHost: onMessageReceived received message: (ProtocolVersion) -> {"MessageType":"ProtocolVersion","Payload":7}
TpTrace Verbose: 0 : 33812, 10, 2024/10/01, 10:00:42.077, 3151210110906, vstest.console.dll, MulticastDelegateUtilities.SafeInvoke: LengthPrefixCommunicationChannel: MessageReceived: Invoking callback 1/1 for Microsoft.VisualStudio.TestPlatform.CommunicationUtilities.TestRequestSender+<>c__DisplayClass29_0., took 5 ms.
TpTrace Verbose: 0 : 33812, 5, 2024/10/01, 10:00:42.077, 3151210112865, vstest.console.dll, TestPluginCache.GetExtensionPaths: Filtered extension paths: 
TpTrace Verbose: 0 : 33812, 10, 2024/10/01, 10:00:42.077, 3151210114335, vstest.console.dll, TcpClientExtensions.MessageLoopAsync: Polling on remoteEndPoint: 127.0.0.1:57436 localEndPoint: 127.0.0.1:57435 after 257 ms
TpTrace Verbose: 0 : 33812, 5, 2024/10/01, 10:00:42.077, 3151210116232, vstest.console.dll, TestPluginCache.GetExtensionPaths: Added default extension paths: C:\Program Files\dotnet\sdk\8.0.400\Extensions\Microsoft.Diagnostics.NETCore.Client.dll
C:\Program Files\dotnet\sdk\8.0.400\Extensions\Microsoft.TestPlatform.Extensions.BlameDataCollector.dll
C:\Program Files\dotnet\sdk\8.0.400\Extensions\Microsoft.TestPlatform.Extensions.EventLogCollector.dll
C:\Program Files\dotnet\sdk\8.0.400\Extensions\Microsoft.TestPlatform.TestHostRuntimeProvider.dll
C:\Program Files\dotnet\sdk\8.0.400\Extensions\Microsoft.VisualStudio.TestPlatform.Extensions.Html.TestLogger.dll
C:\Program Files\dotnet\sdk\8.0.400\Extensions\Microsoft.VisualStudio.TestPlatform.Extensions.Trx.TestLogger.dll
TpTrace Verbose: 0 : 33812, 5, 2024/10/01, 10:00:42.078, 3151210118152, vstest.console.dll, TestPluginCache.GetExtensionPaths: Added unfilterableExtensionPaths: 
TpTrace Verbose: 0 : 33812, 5, 2024/10/01, 10:00:42.084, 3151210183549, vstest.console.dll, TestRequestSender.InitializeExecution: Sending initialize execution with message: {"Version":7,"MessageType":"TestExecution.Initialize","Payload":["C:\\Users\\danieldh\\source\\repos\\E-CommerceDesafio\\E-CommerceDesafio\\bin\\Debug\\net8.0\\xunit.runner.visualstudio.testadapter.dll"]}
TpTrace Verbose: 0 : 33812, 5, 2024/10/01, 10:00:42.085, 3151210188687, vstest.console.dll, ParallelProxyExecutionManager.StartTestRunOnConcurrentManager: Execution starting. Started clients: 1
TpTrace Verbose: 0 : 33812, 10, 2024/10/01, 10:00:42.085, 3151210188787, vstest.console.dll, TcpClientExtensions.MessageLoopAsync: NotifyDataAvailable remoteEndPoint: 127.0.0.1:57436 localEndPoint: 127.0.0.1:57435
TpTrace Warning: 0 : 33812, 5, 2024/10/01, 10:00:42.085, 3151210194728, vstest.console.dll, InferRunSettingsHelper.MakeRunsettingsCompatible: Removing the following settings: TargetPlatform from RunSettings file. To use those settings please move to latest version of Microsoft.NET.Test.Sdk
TpTrace Verbose: 0 : 33812, 10, 2024/10/01, 10:00:42.086, 3151210206487, vstest.console.dll, TestRequestSender.OnExecutionMessageReceived: Received message: {"Version":7,"MessageType":"TestSession.Message","Payload":{"MessageLevel":0,"Message":"Registro em log do diagnóstico TestHost no arquivo: C:\\Users\\danieldh\\source\\repos\\E-CommerceDesafio\\log.host.24-10-01_10-00-41_35144_5.txt"}}
TpTrace Verbose: 0 : 33812, 10, 2024/10/01, 10:00:42.093, 3151210276644, vstest.console.dll, TestRunRequest:SendTestRunMessage: Starting.
TpTrace Verbose: 0 : 33812, 10, 2024/10/01, 10:00:42.094, 3151210280981, vstest.console.dll, MulticastDelegateUtilities.SafeInvoke: TestRun.LogMessages: Invoking callback 1/1 for Microsoft.VisualStudio.TestPlatform.CommandLine.TestRunResultAggregator., took 0 ms.
TpTrace Information: 0 : 33812, 10, 2024/10/01, 10:00:42.094, 3151210282460, vstest.console.dll, TestRunRequest:SendTestRunMessage: Completed.
TpTrace Verbose: 0 : 33812, 10, 2024/10/01, 10:00:42.094, 3151210283519, vstest.console.dll, MulticastDelegateUtilities.SafeInvoke: LengthPrefixCommunicationChannel: MessageReceived: Invoking callback 1/1 for Microsoft.VisualStudio.TestPlatform.CommunicationUtilities.TestRequestSender+<>c__DisplayClass34_0., took 8 ms.
TpTrace Verbose: 0 : 33812, 10, 2024/10/01, 10:00:42.094, 3151210284459, vstest.console.dll, TcpClientExtensions.MessageLoopAsync: Polling on remoteEndPoint: 127.0.0.1:57436 localEndPoint: 127.0.0.1:57435 after 16 ms
TpTrace Verbose: 0 : 33812, 4, 2024/10/01, 10:00:42.094, 3151210285154, vstest.console.dll, MulticastDelegateUtilities.SafeInvoke: InternalTestLoggerEvents.SendTestRunMessage: Invoking callback 1/1 for Microsoft.VisualStudio.TestPlatform.CommandLine.Internal.ConsoleLogger., took 0 ms.
TpTrace Verbose: 0 : 33812, 5, 2024/10/01, 10:00:42.099, 3151210333772, vstest.console.dll, TestRequestSender.StartTestRun: Sending test run with message: {"Version":7,"MessageType":"TestExecution.StartWithSources","Payload":{"AdapterSourceMap":{"_none_":["C:\\Users\\danieldh\\source\\repos\\E-CommerceDesafio\\E-CommerceDesafio\\bin\\Debug\\net8.0\\E-CommerceDesafio.dll"]},"RunSettings":"<RunSettings>\r\n  <RunConfiguration>\r\n    <ResultsDirectory>C:\\Users\\danieldh\\source\\repos\\E-CommerceDesafio\\E-CommerceDesafio\\TestResults</ResultsDirectory>\r\n    <TargetFrameworkVersion>.NETCoreApp,Version=v8.0</TargetFrameworkVersion>\r\n    <DesignMode>False</DesignMode>\r\n    <CollectSourceInformation>False</CollectSourceInformation>\r\n  </RunConfiguration>\r\n  <LoggerRunSettings>\r\n    <Loggers>\r\n      <Logger friendlyName=\"Console\" assemblyQualifiedName=\"Microsoft.VisualStudio.TestPlatform.CommandLine.Internal.ConsoleLogger, vstest.console, Version=15.0.0.0, Culture=neutral, PublicKeyToken=b03f5f7f11d50a3a\" codeBase=\"C:\\Program Files\\dotnet\\sdk\\8.0.400\\vstest.console.dll\" enabled=\"True\">\r\n        <Configuration>\r\n          <Verbosity>minimal</Verbosity>\r\n        </Configuration>\r\n      </Logger>\r\n    </Loggers>\r\n  </LoggerRunSettings>\r\n</RunSettings>","TestExecutionContext":{"FrequencyOfRunStatsChangeEvent":10,"RunStatsChangeEventTimeout":"00:00:01.5000000","InIsolation":false,"KeepAlive":false,"AreTestCaseLevelEventsRequired":false,"IsDebug":false,"TestCaseFilter":null,"FilterOptions":null},"Package":null}}
TpTrace Verbose: 0 : 33812, 5, 2024/10/01, 10:00:42.100, 3151210337684, vstest.console.dll, ParallelProxyExecutionManager.StartTestRunOnConcurrentManager: Execution started. Started clients: 1
TpTrace Verbose: 0 : 33812, 10, 2024/10/01, 10:00:42.316, 3151212501078, vstest.console.dll, TcpClientExtensions.MessageLoopAsync: NotifyDataAvailable remoteEndPoint: 127.0.0.1:57436 localEndPoint: 127.0.0.1:57435
TpTrace Verbose: 0 : 33812, 10, 2024/10/01, 10:00:42.316, 3151212503866, vstest.console.dll, TestRequestSender.OnExecutionMessageReceived: Received message: {"Version":7,"MessageType":"TestSession.Message","Payload":{"MessageLevel":0,"Message":"[xUnit.net 00:00:00.00] xUnit.net VSTest Adapter v2.8.2+699d445a1a (64-bit .NET 8.0.8)"}}
TpTrace Verbose: 0 : 33812, 10, 2024/10/01, 10:00:42.316, 3151212506242, vstest.console.dll, TestRunRequest:SendTestRunMessage: Starting.
TpTrace Verbose: 0 : 33812, 10, 2024/10/01, 10:00:42.317, 3151212507273, vstest.console.dll, MulticastDelegateUtilities.SafeInvoke: TestRun.LogMessages: Invoking callback 1/1 for Microsoft.VisualStudio.TestPlatform.CommandLine.TestRunResultAggregator., took 0 ms.
TpTrace Information: 0 : 33812, 10, 2024/10/01, 10:00:42.317, 3151212507945, vstest.console.dll, TestRunRequest:SendTestRunMessage: Completed.
TpTrace Verbose: 0 : 33812, 4, 2024/10/01, 10:00:42.317, 3151212507952, vstest.console.dll, MulticastDelegateUtilities.SafeInvoke: InternalTestLoggerEvents.SendTestRunMessage: Invoking callback 1/1 for Microsoft.VisualStudio.TestPlatform.CommandLine.Internal.ConsoleLogger., took 0 ms.
TpTrace Verbose: 0 : 33812, 10, 2024/10/01, 10:00:42.317, 3151212508745, vstest.console.dll, MulticastDelegateUtilities.SafeInvoke: LengthPrefixCommunicationChannel: MessageReceived: Invoking callback 1/1 for Microsoft.VisualStudio.TestPlatform.CommunicationUtilities.TestRequestSender+<>c__DisplayClass34_0., took 0 ms.
TpTrace Verbose: 0 : 33812, 10, 2024/10/01, 10:00:42.317, 3151212510903, vstest.console.dll, TcpClientExtensions.MessageLoopAsync: Polling on remoteEndPoint: 127.0.0.1:57436 localEndPoint: 127.0.0.1:57435 after 222 ms
TpTrace Verbose: 0 : 33812, 10, 2024/10/01, 10:00:42.441, 3151213749553, vstest.console.dll, TcpClientExtensions.MessageLoopAsync: NotifyDataAvailable remoteEndPoint: 127.0.0.1:57436 localEndPoint: 127.0.0.1:57435
TpTrace Verbose: 0 : 33812, 10, 2024/10/01, 10:00:42.441, 3151213752203, vstest.console.dll, TestRequestSender.OnExecutionMessageReceived: Received message: {"Version":7,"MessageType":"TestSession.Message","Payload":{"MessageLevel":1,"Message":"Não há nenhum teste disponível em C:\\Users\\danieldh\\source\\repos\\E-CommerceDesafio\\E-CommerceDesafio\\bin\\Debug\\net8.0\\E-CommerceDesafio.dll. Verifique se o detector e os executores de teste estão registrados e se as configurações de versão da estrutura da plataforma & são apropriadas e tente novamente."}}
TpTrace Verbose: 0 : 33812, 10, 2024/10/01, 10:00:42.441, 3151213753954, vstest.console.dll, TestRunRequest:SendTestRunMessage: Starting.
TpTrace Verbose: 0 : 33812, 10, 2024/10/01, 10:00:42.441, 3151213754826, vstest.console.dll, MulticastDelegateUtilities.SafeInvoke: TestRun.LogMessages: Invoking callback 1/1 for Microsoft.VisualStudio.TestPlatform.CommandLine.TestRunResultAggregator., took 0 ms.
TpTrace Information: 0 : 33812, 10, 2024/10/01, 10:00:42.441, 3151213755398, vstest.console.dll, TestRunRequest:SendTestRunMessage: Completed.
TpTrace Verbose: 0 : 33812, 10, 2024/10/01, 10:00:42.441, 3151213756007, vstest.console.dll, MulticastDelegateUtilities.SafeInvoke: LengthPrefixCommunicationChannel: MessageReceived: Invoking callback 1/1 for Microsoft.VisualStudio.TestPlatform.CommunicationUtilities.TestRequestSender+<>c__DisplayClass34_0., took 0 ms.
TpTrace Verbose: 0 : 33812, 10, 2024/10/01, 10:00:42.441, 3151213756488, vstest.console.dll, TcpClientExtensions.MessageLoopAsync: Polling on remoteEndPoint: 127.0.0.1:57436 localEndPoint: 127.0.0.1:57435 after 124 ms
TpTrace Verbose: 0 : 33812, 4, 2024/10/01, 10:00:42.445, 3151213787699, vstest.console.dll, MulticastDelegateUtilities.SafeInvoke: InternalTestLoggerEvents.SendTestRunMessage: Invoking callback 1/1 for Microsoft.VisualStudio.TestPlatform.CommandLine.Internal.ConsoleLogger., took 3 ms.
TpTrace Verbose: 0 : 33812, 10, 2024/10/01, 10:00:42.490, 3151214240991, vstest.console.dll, TcpClientExtensions.MessageLoopAsync: NotifyDataAvailable remoteEndPoint: 127.0.0.1:57436 localEndPoint: 127.0.0.1:57435
TpTrace Verbose: 0 : 33812, 10, 2024/10/01, 10:00:42.490, 3151214244071, vstest.console.dll, TestRequestSender.OnExecutionMessageReceived: Received message: {"Version":7,"MessageType":"TestExecution.Completed","Payload":{"TestRunCompleteArgs":{"TestRunStatistics":{"ExecutedTests":0,"Stats":{}},"IsCanceled":false,"IsAborted":false,"Error":null,"AttachmentSets":[],"InvokedDataCollectors":[],"ElapsedTimeInRunningTests":"00:00:00.1491022","Metrics":{},"DiscoveredExtensions":{"TestDiscoverers":["Xunit.Runner.VisualStudio.VsTestRunner, xunit.runner.visualstudio.testadapter, Version=2.8.2.0, Culture=neutral, PublicKeyToken=null"],"TestExecutors":["executor://xunit/VsTestRunner2/netcoreapp"],"TestExecutors2":[],"TestSettingsProviders":[]}},"LastRunTests":{"NewTestResults":[],"TestRunStatistics":{"ExecutedTests":0,"Stats":{}},"ActiveTests":[]},"RunAttachments":[],"ExecutorUris":[]}}
TpTrace Verbose: 0 : 33812, 10, 2024/10/01, 10:00:42.491, 3151214246892, vstest.console.dll, TestRequestSender.EndSession: Sending end session.
TpTrace Verbose: 0 : 33812, 10, 2024/10/01, 10:00:42.491, 3151214251111, vstest.console.dll, ProxyOperationManager.Close: waiting for test host to exit for 100 ms
TpTrace Verbose: 0 : 33812, 12, 2024/10/01, 10:00:42.503, 3151214374241, vstest.console.dll, TestHostManagerCallbacks.StandardOutputReceivedCallback Test host standard output line: 
TpTrace Warning: 0 : 33812, 11, 2024/10/01, 10:00:42.503, 3151214374319, vstest.console.dll, TestHostManagerCallbacks.ErrorReceivedCallback Test host standard error line: 
TpTrace Verbose: 0 : 33812, 12, 2024/10/01, 10:00:42.514, 3151214485402, vstest.console.dll, TestHostProvider.ExitCallBack: Host exited starting callback.
TpTrace Information: 0 : 33812, 12, 2024/10/01, 10:00:42.515, 3151214488304, vstest.console.dll, TestHostManagerCallbacks.ExitCallBack: Testhost processId: 13716 exited with exitcode: 0 error: ''
TpTrace Verbose: 0 : 33812, 12, 2024/10/01, 10:00:42.515, 3151214489460, vstest.console.dll, DotnetTestHostManager.OnHostExited: invoking OnHostExited callback
TpTrace Verbose: 0 : 33812, 12, 2024/10/01, 10:00:42.515, 3151214494619, vstest.console.dll, CrossPlatEngine.TestHostManagerHostExited: calling on client process exit callback.
TpTrace Information: 0 : 33812, 12, 2024/10/01, 10:00:42.515, 3151214496313, vstest.console.dll, TestRequestSender.OnClientProcessExit: Test host process exited. Standard error: 
TpTrace Information: 0 : 33812, 12, 2024/10/01, 10:00:42.516, 3151214497496, vstest.console.dll, SocketServer.Stop: Stop server endPoint: 127.0.0.1:57435
TpTrace Information: 0 : 33812, 12, 2024/10/01, 10:00:42.516, 3151214498674, vstest.console.dll, SocketServer.Stop: Cancellation requested. Stopping message loop.
TpTrace Information: 0 : 33812, 10, 2024/10/01, 10:00:42.516, 3151214497209, vstest.console.dll, SocketServer.Stop: Stop server endPoint: 127.0.0.1:57435
TpTrace Information: 0 : 33812, 10, 2024/10/01, 10:00:42.516, 3151214501787, vstest.console.dll, SocketServer.Stop: Cancellation requested. Stopping message loop.
TpTrace Information: 0 : 33812, 10, 2024/10/01, 10:00:42.516, 3151214502985, vstest.console.dll, Closing the connection
TpTrace Verbose: 0 : 33812, 12, 2024/10/01, 10:00:42.516, 3151214502941, vstest.console.dll, MulticastDelegateUtilities.SafeInvoke: HostProviderEvents.OnHostExited: Invoking callback 1/1 for Microsoft.VisualStudio.TestPlatform.CrossPlatEngine.Client.ProxyOperationManager., took 1 ms.
TpTrace Verbose: 0 : 33812, 10, 2024/10/01, 10:00:42.548, 3151214817865, vstest.console.dll, ParallelRunEventsHandler.HandleTestRunComplete: Handling a run completion, this can be either one part of parallel run completing, or the whole parallel run completing.
TpTrace Verbose: 0 : 33812, 10, 2024/10/01, 10:00:42.551, 3151214855754, vstest.console.dll, TestRunRequest:SendTestRunStatsChange: Starting.
TpTrace Verbose: 0 : 33812, 10, 2024/10/01, 10:00:42.552, 3151214857947, vstest.console.dll, MulticastDelegateUtilities.SafeInvoke: TestRun.RunStatsChanged: Invoking callbacks was skipped because there are no subscribers.
TpTrace Information: 0 : 33812, 10, 2024/10/01, 10:00:42.552, 3151214858548, vstest.console.dll, TestRunRequest:SendTestRunStatsChange: Completed.
TpTrace Verbose: 0 : 33812, 10, 2024/10/01, 10:00:42.552, 3151214862013, vstest.console.dll, ParallelProxyExecutionManager: HandlePartialRunComplete: Total workloads = 1, Total started clients = 1 Total completed clients = 1, Run complete = True, Run canceled: False.
TpTrace Verbose: 0 : 33812, 10, 2024/10/01, 10:00:42.552, 3151214862664, vstest.console.dll, ParallelProxyExecutionManager: HandlePartialRunComplete: All runs completed stopping all managers.
TpTrace Verbose: 0 : 33812, 10, 2024/10/01, 10:00:42.552, 3151214863186, vstest.console.dll, ParallelOperationManager.StopAllManagers: Stopping all managers.
TpTrace Verbose: 0 : 33812, 10, 2024/10/01, 10:00:42.552, 3151214863636, vstest.console.dll, ParallelOperationManager.ClearSlots: Clearing all slots. Slots should accept more work: False
TpTrace Verbose: 0 : 33812, 10, 2024/10/01, 10:00:42.552, 3151214864196, vstest.console.dll, ParallelOperationManager.SetOccupiedSlotCount: Setting slot counts AvailableSlotCount = 1, OccupiedSlotCount = 0.
TpTrace Verbose: 0 : 33812, 10, 2024/10/01, 10:00:42.552, 3151214865035, vstest.console.dll, Occupied slots:

TpTrace Verbose: 0 : 33812, 10, 2024/10/01, 10:00:42.552, 3151214865483, vstest.console.dll, ParallelRunEventsHandler.HandleTestRunComplete: Whole parallel run completed.
TpTrace Verbose: 0 : 33812, 4, 2024/10/01, 10:00:42.561, 3151214952679, vstest.console.dll, MulticastDelegateUtilities.SafeInvoke: InternalTestLoggerEvents.SendTestRunComplete: Invoking callback 1/1 for Microsoft.VisualStudio.TestPlatform.CommandLine.Internal.ConsoleLogger., took 4 ms.
TpTrace Verbose: 0 : 33812, 10, 2024/10/01, 10:00:42.562, 3151214959764, vstest.console.dll, TestRunRequest:TestRunComplete: Starting. IsAborted:False IsCanceled:False.
TpTrace Verbose: 0 : 33812, 10, 2024/10/01, 10:00:42.562, 3151214966777, vstest.console.dll, ParallelOperationManager.DoActionOnAllManagers: Calling an action on all managers.
TpTrace Verbose: 0 : 33812, 10, 2024/10/01, 10:00:42.564, 3151214984131, vstest.console.dll, TestLoggerManager.HandleTestRunComplete: Ignoring as the object is disposed.
TpTrace Verbose: 0 : 33812, 10, 2024/10/01, 10:00:42.565, 3151214995010, vstest.console.dll, MulticastDelegateUtilities.SafeInvoke: TestRun.TestRunComplete: Invoking callback 1/2 for Microsoft.VisualStudio.TestPlatform.CommandLine.TestRunResultAggregator., took 0 ms.
TpTrace Verbose: 0 : 33812, 10, 2024/10/01, 10:00:42.566, 3151215004633, vstest.console.dll, MulticastDelegateUtilities.SafeInvoke: TestRun.TestRunComplete: Invoking callback 2/2 for Microsoft.VisualStudio.TestPlatform.CommandLine.Processors.RunTestsArgumentExecutor+TestRunRequestEventsRegistrar., took 0 ms.
TpTrace Information: 0 : 33812, 10, 2024/10/01, 10:00:42.567, 3151215007420, vstest.console.dll, TestRunRequest:TestRunComplete: Completed.
TpTrace Verbose: 0 : 33812, 1, 2024/10/01, 10:00:42.567, 3151215008353, vstest.console.dll, TestRunRequest.Dispose: Starting.
TpTrace Verbose: 0 : 33812, 10, 2024/10/01, 10:00:42.567, 3151215008507, vstest.console.dll, TestRequestSender.SetOperationComplete: Setting operation complete.
TpTrace Information: 0 : 33812, 1, 2024/10/01, 10:00:42.567, 3151215010281, vstest.console.dll, TestRunRequest.Dispose: Completed.
TpTrace Information: 0 : 33812, 10, 2024/10/01, 10:00:42.567, 3151215011371, vstest.console.dll, SocketServer.Stop: Stop server endPoint: 127.0.0.1:57435
TpTrace Information: 0 : 33812, 1, 2024/10/01, 10:00:42.567, 3151215012951, vstest.console.dll, TestRequestManager.RunTests: run tests completed.
TpTrace Information: 0 : 33812, 10, 2024/10/01, 10:00:42.567, 3151215013870, vstest.console.dll, SocketServer.Stop: Cancellation requested. Stopping message loop.
TpTrace Information: 0 : 33812, 1, 2024/10/01, 10:00:42.567, 3151215015843, vstest.console.dll, RunTestsArgumentProcessor:Execute: Test run is completed.
TpTrace Verbose: 0 : 33812, 10, 2024/10/01, 10:00:42.567, 3151215016175, vstest.console.dll, MulticastDelegateUtilities.SafeInvoke: LengthPrefixCommunicationChannel: MessageReceived: Invoking callback 1/1 for Microsoft.VisualStudio.TestPlatform.CommunicationUtilities.TestRequestSender+<>c__DisplayClass34_0., took 77 ms.
TpTrace Information: 0 : 33812, 10, 2024/10/01, 10:00:42.568, 3151215018652, vstest.console.dll, SocketServer.PrivateStop: Stopping server endPoint: 127.0.0.1:57435 error: 
TpTrace Verbose: 0 : 33812, 1, 2024/10/01, 10:00:42.568, 3151215019792, vstest.console.dll, Executor.Execute: Exiting with exit code of 0
TpTrace Verbose: 0 : 13952, 1, 2024/10/01, 10:04:03.852, 3153227864827, vstest.console.dll, Version: 17.11.0-release-24352-05 Current process architecture: X64
TpTrace Verbose: 0 : 13952, 1, 2024/10/01, 10:04:03.857, 3153227913226, vstest.console.dll, Runtime location: C:\Program Files\dotnet\shared\Microsoft.NETCore.App\8.0.8
TpTrace Information: 0 : 13952, 1, 2024/10/01, 10:04:03.862, 3153227963373, vstest.console.dll, Using .Net Framework version:.NETCoreApp,Version=v8.0
TpTrace Verbose: 0 : 13952, 1, 2024/10/01, 10:04:03.862, 3153227965537, vstest.console.dll, ArtifactProcessingPostProcessModeProcessorExecutor.Initialize: ArtifactProcessingMode.Collect
TpTrace Verbose: 0 : 13952, 1, 2024/10/01, 10:04:03.862, 3153227966773, vstest.console.dll, TestSessionCorrelationIdProcessorModeProcessorExecutor.Initialize: TestSessionCorrelationId '32972_5064c89c-c9e4-402c-865f-6979e99a0fbf'
TpTrace Information: 0 : 13952, 1, 2024/10/01, 10:04:03.871, 3153228050179, vstest.console.dll, FilePatternParser: The given file C:\Users\danieldh\source\repos\E-CommerceDesafio\E-CommerceDesafio\bin\Debug\net8.0\E-CommerceDesafio.dll is a full path.
TpTrace Verbose: 0 : 13952, 1, 2024/10/01, 10:04:03.883, 3153228175494, vstest.console.dll, TestPluginCache.DiscoverTestExtensions: finding test extensions in assemblies ends with: RuntimeProvider.dll TPluginInfo: Microsoft.VisualStudio.TestPlatform.Common.ExtensionFramework.Utilities.TestRuntimePluginInformation TExtension: Microsoft.VisualStudio.TestPlatform.ObjectModel.Host.ITestRuntimeProvider
TpTrace Verbose: 0 : 13952, 1, 2024/10/01, 10:04:03.887, 3153228213446, vstest.console.dll, TestPluginCache.GetExtensionPaths: Filtered extension paths: 
TpTrace Verbose: 0 : 13952, 1, 2024/10/01, 10:04:03.887, 3153228216254, vstest.console.dll, TestPluginCache.GetExtensionPaths: Added default extension paths: C:\Program Files\dotnet\sdk\8.0.400\Extensions\Microsoft.Diagnostics.NETCore.Client.dll
C:\Program Files\dotnet\sdk\8.0.400\Extensions\Microsoft.TestPlatform.Extensions.BlameDataCollector.dll
C:\Program Files\dotnet\sdk\8.0.400\Extensions\Microsoft.TestPlatform.Extensions.EventLogCollector.dll
C:\Program Files\dotnet\sdk\8.0.400\Extensions\Microsoft.TestPlatform.TestHostRuntimeProvider.dll
C:\Program Files\dotnet\sdk\8.0.400\Extensions\Microsoft.VisualStudio.TestPlatform.Extensions.Html.TestLogger.dll
C:\Program Files\dotnet\sdk\8.0.400\Extensions\Microsoft.VisualStudio.TestPlatform.Extensions.Trx.TestLogger.dll
TpTrace Verbose: 0 : 13952, 1, 2024/10/01, 10:04:03.888, 3153228218195, vstest.console.dll, TestPluginCache.GetExtensionPaths: Added unfilterableExtensionPaths: 
TpTrace Information: 0 : 13952, 1, 2024/10/01, 10:04:03.889, 3153228228713, vstest.console.dll, AssemblyResolver.ctor: Creating AssemblyResolver with searchDirectories C:\Program Files\dotnet\sdk\8.0.400\Extensions,C:\Program Files\dotnet\sdk\8.0.400
TpTrace Verbose: 0 : 13952, 1, 2024/10/01, 10:04:03.892, 3153228265604, vstest.console.dll, TestPluginCache.DiscoverTestExtensions: Discovering the extensions using extension path.
TpTrace Verbose: 0 : 13952, 1, 2024/10/01, 10:04:03.893, 3153228268563, vstest.console.dll, TestPluginCache.GetExtensionPaths: Filtered extension paths: 
TpTrace Verbose: 0 : 13952, 1, 2024/10/01, 10:04:03.893, 3153228269763, vstest.console.dll, TestPluginCache.GetExtensionPaths: Added default extension paths: C:\Program Files\dotnet\sdk\8.0.400\Extensions\Microsoft.Diagnostics.NETCore.Client.dll
C:\Program Files\dotnet\sdk\8.0.400\Extensions\Microsoft.TestPlatform.Extensions.BlameDataCollector.dll
C:\Program Files\dotnet\sdk\8.0.400\Extensions\Microsoft.TestPlatform.Extensions.EventLogCollector.dll
C:\Program Files\dotnet\sdk\8.0.400\Extensions\Microsoft.TestPlatform.TestHostRuntimeProvider.dll
C:\Program Files\dotnet\sdk\8.0.400\Extensions\Microsoft.VisualStudio.TestPlatform.Extensions.Html.TestLogger.dll
C:\Program Files\dotnet\sdk\8.0.400\Extensions\Microsoft.VisualStudio.TestPlatform.Extensions.Trx.TestLogger.dll
TpTrace Verbose: 0 : 13952, 1, 2024/10/01, 10:04:03.893, 3153228270540, vstest.console.dll, TestPluginCache.GetExtensionPaths: Added unfilterableExtensionPaths: 
TpTrace Verbose: 0 : 13952, 1, 2024/10/01, 10:04:03.893, 3153228272192, vstest.console.dll, TestPluginCache.DiscoverTestExtensions: Discovering the extensions using allExtensionPaths: C:\Program Files\dotnet\sdk\8.0.400\Extensions\Microsoft.Diagnostics.NETCore.Client.dll
C:\Program Files\dotnet\sdk\8.0.400\Extensions\Microsoft.TestPlatform.Extensions.BlameDataCollector.dll
C:\Program Files\dotnet\sdk\8.0.400\Extensions\Microsoft.TestPlatform.Extensions.EventLogCollector.dll
C:\Program Files\dotnet\sdk\8.0.400\Extensions\Microsoft.TestPlatform.TestHostRuntimeProvider.dll
C:\Program Files\dotnet\sdk\8.0.400\Extensions\Microsoft.VisualStudio.TestPlatform.Extensions.Html.TestLogger.dll
C:\Program Files\dotnet\sdk\8.0.400\Extensions\Microsoft.VisualStudio.TestPlatform.Extensions.Trx.TestLogger.dll
TpTrace Information: 0 : 13952, 1, 2024/10/01, 10:04:03.893, 3153228274526, vstest.console.dll, AssemblyResolver.AddSearchDirectories: Adding more searchDirectories C:\Program Files\dotnet\sdk\8.0.400\Extensions,C:\Program Files\dotnet\sdk\8.0.400
TpTrace Information: 0 : 13952, 1, 2024/10/01, 10:04:03.893, 3153228275956, vstest.console.dll, AssemblyResolver.AddSearchDirectories: Adding more searchDirectories C:\Program Files\dotnet\sdk\8.0.400\Extensions,C:\Program Files\dotnet\sdk\8.0.400
TpTrace Information: 0 : 13952, 1, 2024/10/01, 10:04:03.894, 3153228276933, vstest.console.dll, AssemblyResolver.AddSearchDirectories: Adding more searchDirectories C:\Program Files\dotnet\sdk\8.0.400\Extensions,C:\Program Files\dotnet\sdk\8.0.400
TpTrace Information: 0 : 13952, 1, 2024/10/01, 10:04:03.894, 3153228277698, vstest.console.dll, AssemblyResolver.AddSearchDirectories: Adding more searchDirectories C:\Program Files\dotnet\sdk\8.0.400\Extensions,C:\Program Files\dotnet\sdk\8.0.400
TpTrace Information: 0 : 13952, 1, 2024/10/01, 10:04:03.894, 3153228278395, vstest.console.dll, AssemblyResolver.AddSearchDirectories: Adding more searchDirectories C:\Program Files\dotnet\sdk\8.0.400\Extensions,C:\Program Files\dotnet\sdk\8.0.400
TpTrace Information: 0 : 13952, 1, 2024/10/01, 10:04:03.894, 3153228279143, vstest.console.dll, AssemblyResolver.AddSearchDirectories: Adding more searchDirectories C:\Program Files\dotnet\sdk\8.0.400\Extensions,C:\Program Files\dotnet\sdk\8.0.400
TpTrace Information: 0 : 13952, 1, 2024/10/01, 10:04:03.894, 3153228286133, vstest.console.dll, AssemblyResolver.OnResolve: Microsoft.Diagnostics.NETCore.Client: Resolving assembly.
TpTrace Information: 0 : 13952, 1, 2024/10/01, 10:04:03.895, 3153228287995, vstest.console.dll, AssemblyResolver.OnResolve: Microsoft.Diagnostics.NETCore.Client: Searching in: 'C:\Program Files\dotnet\sdk\8.0.400\Extensions'.
TpTrace Information: 0 : 13952, 1, 2024/10/01, 10:04:03.914, 3153228482527, vstest.console.dll, AssemblyResolver.OnResolve: Microsoft.Diagnostics.NETCore.Client: Loading assembly 'C:\Program Files\dotnet\sdk\8.0.400\Extensions\Microsoft.Diagnostics.NETCore.Client.dll'.
TpTrace Information: 0 : 13952, 1, 2024/10/01, 10:04:03.916, 3153228504854, vstest.console.dll, AssemblyResolver.OnResolve: Resolved assembly: Microsoft.Diagnostics.NETCore.Client, from path: C:\Program Files\dotnet\sdk\8.0.400\Extensions\Microsoft.Diagnostics.NETCore.Client.dll
TpTrace Verbose: 0 : 13952, 1, 2024/10/01, 10:04:03.924, 3153228584595, vstest.console.dll, MetadataReaderExtensionsHelper: Discovering extensions inside assembly 'Microsoft.Diagnostics.NETCore.Client, Version=0.2.10.30701, Culture=neutral, PublicKeyToken=31bf3856ad364e35' file path 'C:\Program Files\dotnet\sdk\8.0.400\Extensions\Microsoft.Diagnostics.NETCore.Client.dll'
TpTrace Information: 0 : 13952, 1, 2024/10/01, 10:04:03.936, 3153228706008, vstest.console.dll, AssemblyResolver.OnResolve: Microsoft.Bcl.AsyncInterfaces: Resolving assembly.
TpTrace Information: 0 : 13952, 1, 2024/10/01, 10:04:03.937, 3153228708119, vstest.console.dll, AssemblyResolver.OnResolve: Microsoft.Bcl.AsyncInterfaces: Searching in: 'C:\Program Files\dotnet\sdk\8.0.400\Extensions'.
TpTrace Information: 0 : 13952, 1, 2024/10/01, 10:04:03.937, 3153228709878, vstest.console.dll, AssemblyResolver.OnResolve: Microsoft.Bcl.AsyncInterfaces: Assembly path does not exist: 'C:\Program Files\dotnet\sdk\8.0.400\Extensions\Microsoft.Bcl.AsyncInterfaces.dll', returning.
TpTrace Information: 0 : 13952, 1, 2024/10/01, 10:04:03.937, 3153228711212, vstest.console.dll, AssemblyResolver.OnResolve: Microsoft.Bcl.AsyncInterfaces: Assembly path does not exist: 'C:\Program Files\dotnet\sdk\8.0.400\Extensions\Microsoft.Bcl.AsyncInterfaces.exe', returning.
TpTrace Information: 0 : 13952, 1, 2024/10/01, 10:04:03.937, 3153228712697, vstest.console.dll, AssemblyResolver.OnResolve: Microsoft.Bcl.AsyncInterfaces: Searching in: 'C:\Program Files\dotnet\sdk\8.0.400'.
TpTrace Information: 0 : 13952, 1, 2024/10/01, 10:04:03.937, 3153228714341, vstest.console.dll, AssemblyResolver.OnResolve: Microsoft.Bcl.AsyncInterfaces: Assembly path does not exist: 'C:\Program Files\dotnet\sdk\8.0.400\Microsoft.Bcl.AsyncInterfaces.dll', returning.
TpTrace Information: 0 : 13952, 1, 2024/10/01, 10:04:03.937, 3153228715420, vstest.console.dll, AssemblyResolver.OnResolve: Microsoft.Bcl.AsyncInterfaces: Assembly path does not exist: 'C:\Program Files\dotnet\sdk\8.0.400\Microsoft.Bcl.AsyncInterfaces.exe', returning.
TpTrace Information: 0 : 13952, 1, 2024/10/01, 10:04:03.937, 3153228716672, vstest.console.dll, AssemblyResolver.OnResolve: Microsoft.Bcl.AsyncInterfaces: Failed to load assembly.
TpTrace Verbose: 0 : 13952, 1, 2024/10/01, 10:04:03.938, 3153228717677, vstest.console.dll, CurrentDomainAssemblyResolve: Resolving assembly 'Microsoft.Bcl.AsyncInterfaces'.
TpTrace Information: 0 : 13952, 1, 2024/10/01, 10:04:03.938, 3153228718997, vstest.console.dll, AssemblyResolver.OnResolve: Microsoft.Bcl.AsyncInterfaces: Resolving assembly.
TpTrace Information: 0 : 13952, 1, 2024/10/01, 10:04:03.938, 3153228719888, vstest.console.dll, AssemblyResolver.OnResolve: Microsoft.Bcl.AsyncInterfaces: Resolved from cache.
TpTrace Verbose: 0 : 13952, 1, 2024/10/01, 10:04:03.938, 3153228720537, vstest.console.dll, CurrentDomainAssemblyResolve: Resolving assembly 'Microsoft.Bcl.AsyncInterfaces'.
TpTrace Verbose: 0 : 13952, 1, 2024/10/01, 10:04:03.938, 3153228721360, vstest.console.dll, CurrentDomainAssemblyResolve: Failed to resolve assembly 'Microsoft.Bcl.AsyncInterfaces'.
TpTrace Verbose: 0 : 13952, 1, 2024/10/01, 10:04:03.941, 3153228752287, vstest.console.dll, CurrentDomainAssemblyResolve: Failed to resolve assembly 'Microsoft.Bcl.AsyncInterfaces'.
TpTrace Warning: 0 : 13952, 1, 2024/10/01, 10:04:03.966, 3153229000151, vstest.console.dll, TestPluginDiscoverer: Failed to get types from assembly 'Microsoft.Diagnostics.NETCore.Client, Version=0.2.10.30701, Culture=neutral, PublicKeyToken=31bf3856ad364e35'. Error: System.Reflection.ReflectionTypeLoadException: Unable to load one or more of the requested types.
Could not load file or assembly 'Microsoft.Bcl.AsyncInterfaces, Version=6.0.0.0, Culture=neutral, PublicKeyToken=cc7b13ffcd2ddd51'. O sistema não pode encontrar o arquivo especificado.
   at System.Reflection.RuntimeModule.GetTypes(RuntimeModule module)
   at System.Reflection.RuntimeModule.GetTypes()
   at Microsoft.VisualStudio.TestPlatform.Common.ExtensionFramework.TestPluginDiscoverer.GetTestExtensionsFromAssembly[TPluginInfo,TExtension](Assembly assembly, Dictionary`2 pluginInfos, String filePath) in /_/src/Microsoft.TestPlatform.Common/ExtensionFramework/TestPluginDiscoverer.cs:line 158
System.IO.FileNotFoundException: Could not load file or assembly 'Microsoft.Bcl.AsyncInterfaces, Version=6.0.0.0, Culture=neutral, PublicKeyToken=cc7b13ffcd2ddd51'. O sistema não pode encontrar o arquivo especificado.
File name: 'Microsoft.Bcl.AsyncInterfaces, Version=6.0.0.0, Culture=neutral, PublicKeyToken=cc7b13ffcd2ddd51'
 ---> System.IO.FileNotFoundException: Could not load file or assembly 'Microsoft.Bcl.AsyncInterfaces, Culture=neutral, PublicKeyToken=null'. O sistema não pode encontrar o arquivo especificado.
File name: 'Microsoft.Bcl.AsyncInterfaces, Culture=neutral, PublicKeyToken=null'
   at System.Reflection.RuntimeAssembly.InternalLoad(AssemblyName assemblyName, StackCrawlMark& stackMark, AssemblyLoadContext assemblyLoadContext, RuntimeAssembly requestingAssembly, Boolean throwOnFileNotFound)
   at System.Reflection.Assembly.Load(AssemblyName assemblyRef)
   at Microsoft.VisualStudio.TestPlatform.Common.ExtensionFramework.TestPluginCache.CurrentDomainAssemblyResolve(Object sender, AssemblyResolveEventArgs args) in /_/src/Microsoft.TestPlatform.Common/ExtensionFramework/TestPluginCache.cs:line 513
   at System.Runtime.Loader.AssemblyLoadContext.GetFirstResolvedAssemblyFromResolvingEvent(AssemblyName assemblyName)
   at System.Runtime.Loader.AssemblyLoadContext.ResolveUsingEvent(AssemblyName assemblyName)
   at System.Runtime.Loader.AssemblyLoadContext.ResolveUsingResolvingEvent(IntPtr gchManagedAssemblyLoadContext, AssemblyName assemblyName)
TpTrace Warning: 0 : 13952, 1, 2024/10/01, 10:04:03.966, 3153229005406, vstest.console.dll, LoaderExceptions: System.IO.FileNotFoundException: Could not load file or assembly 'Microsoft.Bcl.AsyncInterfaces, Version=6.0.0.0, Culture=neutral, PublicKeyToken=cc7b13ffcd2ddd51'. O sistema não pode encontrar o arquivo especificado.
File name: 'Microsoft.Bcl.AsyncInterfaces, Version=6.0.0.0, Culture=neutral, PublicKeyToken=cc7b13ffcd2ddd51'
 ---> System.IO.FileNotFoundException: Could not load file or assembly 'Microsoft.Bcl.AsyncInterfaces, Culture=neutral, PublicKeyToken=null'. O sistema não pode encontrar o arquivo especificado.
File name: 'Microsoft.Bcl.AsyncInterfaces, Culture=neutral, PublicKeyToken=null'
   at System.Reflection.RuntimeAssembly.InternalLoad(AssemblyName assemblyName, StackCrawlMark& stackMark, AssemblyLoadContext assemblyLoadContext, RuntimeAssembly requestingAssembly, Boolean throwOnFileNotFound)
   at System.Reflection.Assembly.Load(AssemblyName assemblyRef)
   at Microsoft.VisualStudio.TestPlatform.Common.ExtensionFramework.TestPluginCache.CurrentDomainAssemblyResolve(Object sender, AssemblyResolveEventArgs args) in /_/src/Microsoft.TestPlatform.Common/ExtensionFramework/TestPluginCache.cs:line 513
   at System.Runtime.Loader.AssemblyLoadContext.GetFirstResolvedAssemblyFromResolvingEvent(AssemblyName assemblyName)
   at System.Runtime.Loader.AssemblyLoadContext.ResolveUsingEvent(AssemblyName assemblyName)
   at System.Runtime.Loader.AssemblyLoadContext.ResolveUsingResolvingEvent(IntPtr gchManagedAssemblyLoadContext, AssemblyName assemblyName)
TpTrace Information: 0 : 13952, 1, 2024/10/01, 10:04:03.967, 3153229008382, vstest.console.dll, AssemblyResolver.OnResolve: Microsoft.TestPlatform.Extensions.BlameDataCollector: Resolving assembly.
TpTrace Information: 0 : 13952, 1, 2024/10/01, 10:04:03.967, 3153229009216, vstest.console.dll, AssemblyResolver.OnResolve: Microsoft.TestPlatform.Extensions.BlameDataCollector: Searching in: 'C:\Program Files\dotnet\sdk\8.0.400\Extensions'.
TpTrace Information: 0 : 13952, 1, 2024/10/01, 10:04:03.968, 3153229023193, vstest.console.dll, AssemblyResolver.OnResolve: Microsoft.TestPlatform.Extensions.BlameDataCollector: Loading assembly 'C:\Program Files\dotnet\sdk\8.0.400\Extensions\Microsoft.TestPlatform.Extensions.BlameDataCollector.dll'.
TpTrace Information: 0 : 13952, 1, 2024/10/01, 10:04:03.970, 3153229045896, vstest.console.dll, AssemblyResolver.OnResolve: Resolved assembly: Microsoft.TestPlatform.Extensions.BlameDataCollector, from path: C:\Program Files\dotnet\sdk\8.0.400\Extensions\Microsoft.TestPlatform.Extensions.BlameDataCollector.dll
TpTrace Verbose: 0 : 13952, 1, 2024/10/01, 10:04:03.971, 3153229048194, vstest.console.dll, MetadataReaderExtensionsHelper: Discovering extensions inside assembly 'Microsoft.TestPlatform.Extensions.BlameDataCollector, Version=15.0.0.0, Culture=neutral, PublicKeyToken=b03f5f7f11d50a3a' file path 'C:\Program Files\dotnet\sdk\8.0.400\Extensions\Microsoft.TestPlatform.Extensions.BlameDataCollector.dll'
TpTrace Information: 0 : 13952, 1, 2024/10/01, 10:04:03.973, 3153229075311, vstest.console.dll, AssemblyResolver.OnResolve: Microsoft.TestPlatform.Extensions.EventLogCollector: Resolving assembly.
TpTrace Information: 0 : 13952, 1, 2024/10/01, 10:04:03.973, 3153229076784, vstest.console.dll, AssemblyResolver.OnResolve: Microsoft.TestPlatform.Extensions.EventLogCollector: Searching in: 'C:\Program Files\dotnet\sdk\8.0.400\Extensions'.
TpTrace Information: 0 : 13952, 1, 2024/10/01, 10:04:03.975, 3153229090895, vstest.console.dll, AssemblyResolver.OnResolve: Microsoft.TestPlatform.Extensions.EventLogCollector: Loading assembly 'C:\Program Files\dotnet\sdk\8.0.400\Extensions\Microsoft.TestPlatform.Extensions.EventLogCollector.dll'.
TpTrace Information: 0 : 13952, 1, 2024/10/01, 10:04:03.977, 3153229112965, vstest.console.dll, AssemblyResolver.OnResolve: Resolved assembly: Microsoft.TestPlatform.Extensions.EventLogCollector, from path: C:\Program Files\dotnet\sdk\8.0.400\Extensions\Microsoft.TestPlatform.Extensions.EventLogCollector.dll
TpTrace Verbose: 0 : 13952, 1, 2024/10/01, 10:04:03.977, 3153229114557, vstest.console.dll, MetadataReaderExtensionsHelper: Discovering extensions inside assembly 'Microsoft.TestPlatform.Extensions.EventLogCollector, Version=15.0.0.0, Culture=neutral, PublicKeyToken=b03f5f7f11d50a3a' file path 'C:\Program Files\dotnet\sdk\8.0.400\Extensions\Microsoft.TestPlatform.Extensions.EventLogCollector.dll'
TpTrace Information: 0 : 13952, 1, 2024/10/01, 10:04:03.988, 3153229219001, vstest.console.dll, AssemblyResolver.OnResolve: Microsoft.TestPlatform.TestHostRuntimeProvider: Resolving assembly.
TpTrace Information: 0 : 13952, 1, 2024/10/01, 10:04:03.988, 3153229221551, vstest.console.dll, AssemblyResolver.OnResolve: Microsoft.TestPlatform.TestHostRuntimeProvider: Searching in: 'C:\Program Files\dotnet\sdk\8.0.400\Extensions'.
TpTrace Information: 0 : 13952, 1, 2024/10/01, 10:04:03.990, 3153229238694, vstest.console.dll, AssemblyResolver.OnResolve: Microsoft.TestPlatform.TestHostRuntimeProvider: Loading assembly 'C:\Program Files\dotnet\sdk\8.0.400\Extensions\Microsoft.TestPlatform.TestHostRuntimeProvider.dll'.
TpTrace Information: 0 : 13952, 1, 2024/10/01, 10:04:03.992, 3153229261395, vstest.console.dll, AssemblyResolver.OnResolve: Resolved assembly: Microsoft.TestPlatform.TestHostRuntimeProvider, from path: C:\Program Files\dotnet\sdk\8.0.400\Extensions\Microsoft.TestPlatform.TestHostRuntimeProvider.dll
TpTrace Verbose: 0 : 13952, 1, 2024/10/01, 10:04:03.992, 3153229263400, vstest.console.dll, MetadataReaderExtensionsHelper: Discovering extensions inside assembly 'Microsoft.TestPlatform.TestHostRuntimeProvider, Version=15.0.0.0, Culture=neutral, PublicKeyToken=b03f5f7f11d50a3a' file path 'C:\Program Files\dotnet\sdk\8.0.400\Extensions\Microsoft.TestPlatform.TestHostRuntimeProvider.dll'
TpTrace Information: 0 : 13952, 1, 2024/10/01, 10:04:03.996, 3153229298156, vstest.console.dll, GetTestExtensionFromType: Register extension with identifier data 'HostProvider://DefaultTestHost' and type 'Microsoft.VisualStudio.TestPlatform.CrossPlatEngine.Hosting.DefaultTestHostManager, Microsoft.TestPlatform.TestHostRuntimeProvider, Version=15.0.0.0, Culture=neutral, PublicKeyToken=b03f5f7f11d50a3a' inside file 'C:\Program Files\dotnet\sdk\8.0.400\Extensions\Microsoft.TestPlatform.TestHostRuntimeProvider.dll'
TpTrace Information: 0 : 13952, 1, 2024/10/01, 10:04:03.996, 3153229302370, vstest.console.dll, GetTestExtensionFromType: Register extension with identifier data 'HostProvider://DotnetTestHost' and type 'Microsoft.VisualStudio.TestPlatform.CrossPlatEngine.Hosting.DotnetTestHostManager, Microsoft.TestPlatform.TestHostRuntimeProvider, Version=15.0.0.0, Culture=neutral, PublicKeyToken=b03f5f7f11d50a3a' inside file 'C:\Program Files\dotnet\sdk\8.0.400\Extensions\Microsoft.TestPlatform.TestHostRuntimeProvider.dll'
TpTrace Information: 0 : 13952, 1, 2024/10/01, 10:04:03.996, 3153229304117, vstest.console.dll, AssemblyResolver.OnResolve: Microsoft.VisualStudio.TestPlatform.Extensions.Html.TestLogger: Resolving assembly.
TpTrace Information: 0 : 13952, 1, 2024/10/01, 10:04:03.996, 3153229305142, vstest.console.dll, AssemblyResolver.OnResolve: Microsoft.VisualStudio.TestPlatform.Extensions.Html.TestLogger: Searching in: 'C:\Program Files\dotnet\sdk\8.0.400\Extensions'.
TpTrace Information: 0 : 13952, 1, 2024/10/01, 10:04:03.999, 3153229328368, vstest.console.dll, AssemblyResolver.OnResolve: Microsoft.VisualStudio.TestPlatform.Extensions.Html.TestLogger: Loading assembly 'C:\Program Files\dotnet\sdk\8.0.400\Extensions\Microsoft.VisualStudio.TestPlatform.Extensions.Html.TestLogger.dll'.
TpTrace Information: 0 : 13952, 1, 2024/10/01, 10:04:04.002, 3153229359965, vstest.console.dll, AssemblyResolver.OnResolve: Resolved assembly: Microsoft.VisualStudio.TestPlatform.Extensions.Html.TestLogger, from path: C:\Program Files\dotnet\sdk\8.0.400\Extensions\Microsoft.VisualStudio.TestPlatform.Extensions.Html.TestLogger.dll
TpTrace Verbose: 0 : 13952, 1, 2024/10/01, 10:04:04.002, 3153229362400, vstest.console.dll, MetadataReaderExtensionsHelper: Discovering extensions inside assembly 'Microsoft.VisualStudio.TestPlatform.Extensions.Html.TestLogger, Version=15.0.0.0, Culture=neutral, PublicKeyToken=b03f5f7f11d50a3a' file path 'C:\Program Files\dotnet\sdk\8.0.400\Extensions\Microsoft.VisualStudio.TestPlatform.Extensions.Html.TestLogger.dll'
TpTrace Information: 0 : 13952, 1, 2024/10/01, 10:04:04.004, 3153229385477, vstest.console.dll, AssemblyResolver.OnResolve: Microsoft.VisualStudio.TestPlatform.Extensions.Trx.TestLogger: Resolving assembly.
TpTrace Information: 0 : 13952, 1, 2024/10/01, 10:04:04.005, 3153229387119, vstest.console.dll, AssemblyResolver.OnResolve: Microsoft.VisualStudio.TestPlatform.Extensions.Trx.TestLogger: Searching in: 'C:\Program Files\dotnet\sdk\8.0.400\Extensions'.
TpTrace Information: 0 : 13952, 1, 2024/10/01, 10:04:04.006, 3153229400860, vstest.console.dll, AssemblyResolver.OnResolve: Microsoft.VisualStudio.TestPlatform.Extensions.Trx.TestLogger: Loading assembly 'C:\Program Files\dotnet\sdk\8.0.400\Extensions\Microsoft.VisualStudio.TestPlatform.Extensions.Trx.TestLogger.dll'.
TpTrace Information: 0 : 13952, 1, 2024/10/01, 10:04:04.008, 3153229424226, vstest.console.dll, AssemblyResolver.OnResolve: Resolved assembly: Microsoft.VisualStudio.TestPlatform.Extensions.Trx.TestLogger, from path: C:\Program Files\dotnet\sdk\8.0.400\Extensions\Microsoft.VisualStudio.TestPlatform.Extensions.Trx.TestLogger.dll
TpTrace Verbose: 0 : 13952, 1, 2024/10/01, 10:04:04.008, 3153229426360, vstest.console.dll, MetadataReaderExtensionsHelper: Discovering extensions inside assembly 'Microsoft.VisualStudio.TestPlatform.Extensions.Trx.TestLogger, Version=15.0.0.0, Culture=neutral, PublicKeyToken=b03f5f7f11d50a3a' file path 'C:\Program Files\dotnet\sdk\8.0.400\Extensions\Microsoft.VisualStudio.TestPlatform.Extensions.Trx.TestLogger.dll'
TpTrace Verbose: 0 : 13952, 1, 2024/10/01, 10:04:04.011, 3153229454033, vstest.console.dll, TestPluginCache: Discovered the extensions using extension path ''.
TpTrace Verbose: 0 : 13952, 1, 2024/10/01, 10:04:04.011, 3153229455877, vstest.console.dll, TestPluginCache: Discoverers are ''.
TpTrace Verbose: 0 : 13952, 1, 2024/10/01, 10:04:04.011, 3153229456669, vstest.console.dll, TestPluginCache: Executors are ''.
TpTrace Verbose: 0 : 13952, 1, 2024/10/01, 10:04:04.012, 3153229457293, vstest.console.dll, TestPluginCache: Executors2 are ''.
TpTrace Verbose: 0 : 13952, 1, 2024/10/01, 10:04:04.012, 3153229457891, vstest.console.dll, TestPluginCache: Setting providers are ''.
TpTrace Verbose: 0 : 13952, 1, 2024/10/01, 10:04:04.012, 3153229458474, vstest.console.dll, TestPluginCache: Loggers are ''.
TpTrace Verbose: 0 : 13952, 1, 2024/10/01, 10:04:04.012, 3153229461490, vstest.console.dll, TestPluginCache: TestHosts are 'HostProvider://DefaultTestHost,HostProvider://DotnetTestHost'.
TpTrace Verbose: 0 : 13952, 1, 2024/10/01, 10:04:04.012, 3153229462341, vstest.console.dll, TestPluginCache: DataCollectors are ''.
TpTrace Information: 0 : 13952, 1, 2024/10/01, 10:04:04.038, 3153229725642, vstest.console.dll, RunTestsArgumentProcessor:Execute: Test run is starting.
TpTrace Verbose: 0 : 13952, 1, 2024/10/01, 10:04:04.039, 3153229727048, vstest.console.dll, RunTestsArgumentProcessor:Execute: Queuing Test run.
TpTrace Information: 0 : 13952, 1, 2024/10/01, 10:04:04.039, 3153229731854, vstest.console.dll, TestRequestManager.RunTests: run tests started.
TpTrace Information: 0 : 13952, 1, 2024/10/01, 10:04:04.043, 3153229769367, vstest.console.dll, AssemblyMetadataProvider.GetFrameworkName: Determined framework:'.NETCoreApp,Version=v8.0' for source: 'C:\Users\danieldh\source\repos\E-CommerceDesafio\E-CommerceDesafio\bin\Debug\net8.0\E-CommerceDesafio.dll'
TpTrace Information: 0 : 13952, 1, 2024/10/01, 10:04:04.043, 3153229772137, vstest.console.dll, Determined framework for all sources: .NETCoreApp,Version=v8.0
TpTrace Verbose: 0 : 13952, 1, 2024/10/01, 10:04:04.043, 3153229775232, vstest.console.dll, TestRequestManager.UpdateRunSettingsIfRequired: Default architecture: X64 IsDefaultTargetArchitecture: True, Current process architecture: X64 OperatingSystem: Windows.
TpTrace Information: 0 : 13952, 1, 2024/10/01, 10:04:04.048, 3153229819256, vstest.console.dll, AssemblyMetadataProvider.GetArchitecture: Determined architecture:AnyCPU info for assembly: C:\Users\danieldh\source\repos\E-CommerceDesafio\E-CommerceDesafio\bin\Debug\net8.0\E-CommerceDesafio.dll
TpTrace Information: 0 : 13952, 1, 2024/10/01, 10:04:04.048, 3153229820765, vstest.console.dll, Determined platform for source 'C:\Users\danieldh\source\repos\E-CommerceDesafio\E-CommerceDesafio\bin\Debug\net8.0\E-CommerceDesafio.dll' was AnyCPU and it will use the default plaform X64.
TpTrace Information: 0 : 13952, 1, 2024/10/01, 10:04:04.048, 3153229821573, vstest.console.dll, None of the sources provided any runnable platform, using the default platform: X64
TpTrace Information: 0 : 13952, 1, 2024/10/01, 10:04:04.048, 3153229823978, vstest.console.dll, Platform was updated to 'X64'.
TpTrace Information: 0 : 13952, 1, 2024/10/01, 10:04:04.051, 3153229856315, vstest.console.dll, Compatible sources list: 
TpTrace Information: 0 : 13952, 1, 2024/10/01, 10:04:04.052, 3153229858484, vstest.console.dll, C:\Users\danieldh\source\repos\E-CommerceDesafio\E-CommerceDesafio\bin\Debug\net8.0\E-CommerceDesafio.dll
TpTrace Information: 0 : 13952, 1, 2024/10/01, 10:04:04.057, 3153229907865, vstest.console.dll, InferRunSettingsHelper.IsTestSettingsEnabled: Unable to navigate to RunSettings/MSTest. Current node: RunSettings
TpTrace Information: 0 : 13952, 1, 2024/10/01, 10:04:04.058, 3153229918816, vstest.console.dll, AssemblyResolver.OnResolve: Microsoft.VisualStudio.TestPlatform.Fakes: Resolving assembly.
TpTrace Information: 0 : 13952, 1, 2024/10/01, 10:04:04.058, 3153229920327, vstest.console.dll, AssemblyResolver.OnResolve: Microsoft.VisualStudio.TestPlatform.Fakes: Searching in: 'C:\Program Files\dotnet\sdk\8.0.400\Extensions'.
TpTrace Information: 0 : 13952, 1, 2024/10/01, 10:04:04.058, 3153229922115, vstest.console.dll, AssemblyResolver.OnResolve: Microsoft.VisualStudio.TestPlatform.Fakes: Assembly path does not exist: 'C:\Program Files\dotnet\sdk\8.0.400\Extensions\Microsoft.VisualStudio.TestPlatform.Fakes.dll', returning.
TpTrace Information: 0 : 13952, 1, 2024/10/01, 10:04:04.058, 3153229923586, vstest.console.dll, AssemblyResolver.OnResolve: Microsoft.VisualStudio.TestPlatform.Fakes: Assembly path does not exist: 'C:\Program Files\dotnet\sdk\8.0.400\Extensions\Microsoft.VisualStudio.TestPlatform.Fakes.exe', returning.
TpTrace Information: 0 : 13952, 1, 2024/10/01, 10:04:04.058, 3153229924435, vstest.console.dll, AssemblyResolver.OnResolve: Microsoft.VisualStudio.TestPlatform.Fakes: Searching in: 'C:\Program Files\dotnet\sdk\8.0.400'.
TpTrace Information: 0 : 13952, 1, 2024/10/01, 10:04:04.058, 3153229925903, vstest.console.dll, AssemblyResolver.OnResolve: Microsoft.VisualStudio.TestPlatform.Fakes: Assembly path does not exist: 'C:\Program Files\dotnet\sdk\8.0.400\Microsoft.VisualStudio.TestPlatform.Fakes.dll', returning.
TpTrace Information: 0 : 13952, 1, 2024/10/01, 10:04:04.059, 3153229927203, vstest.console.dll, AssemblyResolver.OnResolve: Microsoft.VisualStudio.TestPlatform.Fakes: Assembly path does not exist: 'C:\Program Files\dotnet\sdk\8.0.400\Microsoft.VisualStudio.TestPlatform.Fakes.exe', returning.
TpTrace Information: 0 : 13952, 1, 2024/10/01, 10:04:04.059, 3153229928016, vstest.console.dll, AssemblyResolver.OnResolve: Microsoft.VisualStudio.TestPlatform.Fakes: Failed to load assembly.
TpTrace Information: 0 : 13952, 1, 2024/10/01, 10:04:04.059, 3153229934230, vstest.console.dll, Failed to load assembly Microsoft.VisualStudio.TestPlatform.Fakes, Version=17.0.0.0, Culture=neutral. Reason:System.IO.FileNotFoundException: Could not load file or assembly 'Microsoft.VisualStudio.TestPlatform.Fakes, Version=17.0.0.0, Culture=neutral, PublicKeyToken=null'. O sistema não pode encontrar o arquivo especificado.
File name: 'Microsoft.VisualStudio.TestPlatform.Fakes, Version=17.0.0.0, Culture=neutral, PublicKeyToken=null'
   at System.Reflection.RuntimeAssembly.InternalLoad(AssemblyName assemblyName, StackCrawlMark& stackMark, AssemblyLoadContext assemblyLoadContext, RuntimeAssembly requestingAssembly, Boolean throwOnFileNotFound)
   at System.Reflection.Assembly.Load(AssemblyName assemblyRef)
   at Microsoft.VisualStudio.TestPlatform.Common.Utilities.FakesUtilities.LoadTestPlatformAssembly() in /_/src/Microsoft.TestPlatform.Common/Utilities/FakesUtilities.cs:line 272
TpTrace Verbose: 0 : 13952, 1, 2024/10/01, 10:04:04.081, 3153230152915, vstest.console.dll, TestEngine: Initializing Parallel Execution as MaxCpuCount is set to: 1
TpTrace Information: 0 : 13952, 1, 2024/10/01, 10:04:04.083, 3153230172155, vstest.console.dll, TestPluginManager.CreateTestExtension: Attempting to load test extension: Microsoft.VisualStudio.TestPlatform.CrossPlatEngine.Hosting.DefaultTestHostManager
TpTrace Information: 0 : 13952, 1, 2024/10/01, 10:04:04.087, 3153230214728, vstest.console.dll, TestPluginManager.CreateTestExtension: Attempting to load test extension: Microsoft.VisualStudio.TestPlatform.CrossPlatEngine.Hosting.DotnetTestHostManager
TpTrace Verbose: 0 : 13952, 1, 2024/10/01, 10:04:04.088, 3153230219653, vstest.console.dll, TestHostManagerCallbacks.ctor: Forwarding output is enabled.
TpTrace Information: 0 : 13952, 1, 2024/10/01, 10:04:04.089, 3153230228659, vstest.console.dll, InferRunSettingsHelper.IsTestSettingsEnabled: Unable to navigate to RunSettings/MSTest. Current node: RunSettings
TpTrace Verbose: 0 : 13952, 1, 2024/10/01, 10:04:04.091, 3153230252621, vstest.console.dll, ParallelOperationManager.ClearSlots: Clearing all slots. Slots should accept more work: True
TpTrace Verbose: 0 : 13952, 1, 2024/10/01, 10:04:04.092, 3153230261856, vstest.console.dll, ParallelOperationManager.SetOccupiedSlotCount: Setting slot counts AvailableSlotCount = 1, OccupiedSlotCount = 0.
TpTrace Verbose: 0 : 13952, 1, 2024/10/01, 10:04:04.092, 3153230265890, vstest.console.dll, Occupied slots:

TpTrace Verbose: 0 : 13952, 1, 2024/10/01, 10:04:04.096, 3153230298780, vstest.console.dll, TestEngine.GetExecutionManager: Chosen execution manager 'Microsoft.VisualStudio.TestPlatform.CrossPlatEngine.Client.Parallel.ParallelProxyExecutionManager, Microsoft.TestPlatform.CrossPlatEngine, Version=15.0.0.0, Culture=neutral, PublicKeyToken=b03f5f7f11d50a3a' ParallelLevel '1'.
TpTrace Verbose: 0 : 13952, 1, 2024/10/01, 10:04:04.096, 3153230301631, vstest.console.dll, TestPlatform.GetSkipDefaultAdapters: Not skipping default adapters SkipDefaultAdapters was false.
TpTrace Verbose: 0 : 13952, 1, 2024/10/01, 10:04:04.096, 3153230302750, vstest.console.dll, TestRunRequest.ExecuteAsync: Creating test run request.
TpTrace Verbose: 0 : 13952, 1, 2024/10/01, 10:04:04.097, 3153230307207, vstest.console.dll, TestRunRequest.ExecuteAsync: Starting.
TpTrace Information: 0 : 13952, 1, 2024/10/01, 10:04:04.098, 3153230320157, vstest.console.dll, TestRunRequest.ExecuteAsync: Starting run with settings:TestRunCriteria:
   KeepAlive=False,FrequencyOfRunStatsChangeEvent=10,RunStatsChangeEventTimeout=00:00:01.5000000,TestCaseFilter=,TestExecutorLauncher=
   Settingsxml=<RunSettings>
  <RunConfiguration>
    <ResultsDirectory>C:\Users\danieldh\source\repos\E-CommerceDesafio\E-CommerceDesafio\TestResults</ResultsDirectory>
    <TargetPlatform>X64</TargetPlatform>
    <TargetFrameworkVersion>.NETCoreApp,Version=v8.0</TargetFrameworkVersion>
    <DesignMode>False</DesignMode>
    <CollectSourceInformation>False</CollectSourceInformation>
  </RunConfiguration>
  <LoggerRunSettings>
    <Loggers>
      <Logger friendlyName="Console" assemblyQualifiedName="Microsoft.VisualStudio.TestPlatform.CommandLine.Internal.ConsoleLogger, vstest.console, Version=15.0.0.0, Culture=neutral, PublicKeyToken=b03f5f7f11d50a3a" codeBase="C:\Program Files\dotnet\sdk\8.0.400\vstest.console.dll" enabled="True">
        <Configuration>
          <Verbosity>minimal</Verbosity>
        </Configuration>
      </Logger>
    </Loggers>
  </LoggerRunSettings>
</RunSettings>

TpTrace Verbose: 0 : 13952, 1, 2024/10/01, 10:04:04.098, 3153230321111, vstest.console.dll, TestRunRequest.ExecuteAsync: Wait for the first run request is over.
TpTrace Verbose: 0 : 13952, 1, 2024/10/01, 10:04:04.098, 3153230324140, vstest.console.dll, MulticastDelegateUtilities.SafeInvoke: TestRun.TestRunStart: Invoking callbacks was skipped because there are no subscribers.
TpTrace Verbose: 0 : 13952, 4, 2024/10/01, 10:04:04.099, 3153230328590, vstest.console.dll, MulticastDelegateUtilities.SafeInvoke: InternalTestLoggerEvents.SendTestRunStart: Invoking callback 1/1 for Microsoft.VisualStudio.TestPlatform.CommandLine.Internal.ConsoleLogger., took 0 ms.
TpTrace Verbose: 0 : 13952, 1, 2024/10/01, 10:04:04.099, 3153230334508, vstest.console.dll, ParallelProxyExecutionManager: Start execution. Total sources: 1
TpTrace Verbose: 0 : 13952, 1, 2024/10/01, 10:04:04.100, 3153230340689, vstest.console.dll, ParallelOperationManager.StartWork: Starting adding 1 workloads.
TpTrace Verbose: 0 : 13952, 1, 2024/10/01, 10:04:04.100, 3153230342580, vstest.console.dll, ParallelOperationManager.ClearSlots: Clearing all slots. Slots should accept more work: True
TpTrace Verbose: 0 : 13952, 1, 2024/10/01, 10:04:04.100, 3153230344659, vstest.console.dll, ParallelOperationManager.SetOccupiedSlotCount: Setting slot counts AvailableSlotCount = 1, OccupiedSlotCount = 0.
TpTrace Verbose: 0 : 13952, 1, 2024/10/01, 10:04:04.100, 3153230345803, vstest.console.dll, Occupied slots:

TpTrace Verbose: 0 : 13952, 1, 2024/10/01, 10:04:04.103, 3153230368270, vstest.console.dll, TestHostManagerCallbacks.ctor: Forwarding output is enabled.
TpTrace Verbose: 0 : 13952, 1, 2024/10/01, 10:04:04.103, 3153230372762, vstest.console.dll, TestRequestSender is acting as server.
TpTrace Verbose: 0 : 13952, 1, 2024/10/01, 10:04:04.104, 3153230377582, vstest.console.dll, ParallelOperationManager.RunWorkInParallel: Adding 1 workload to slot, remaining workloads 0.
TpTrace Verbose: 0 : 13952, 1, 2024/10/01, 10:04:04.104, 3153230378847, vstest.console.dll, ParallelOperationManager.SetOccupiedSlotCount: Setting slot counts AvailableSlotCount = 0, OccupiedSlotCount = 1.
TpTrace Verbose: 0 : 13952, 1, 2024/10/01, 10:04:04.104, 3153230380986, vstest.console.dll, Occupied slots:
0: C:\Users\danieldh\source\repos\E-CommerceDesafio\E-CommerceDesafio\bin\Debug\net8.0\E-CommerceDesafio.dll
TpTrace Verbose: 0 : 13952, 1, 2024/10/01, 10:04:04.106, 3153230402100, vstest.console.dll, ParallelOperationManager.RunWorkInParallel: Started host in slot number 0 for work (source): C:\Users\danieldh\source\repos\E-CommerceDesafio\E-CommerceDesafio\bin\Debug\net8.0\E-CommerceDesafio.dll.
TpTrace Verbose: 0 : 13952, 1, 2024/10/01, 10:04:04.108, 3153230418703, vstest.console.dll, ParallelOperationManager.RunWorkInParallel: We started 1 work items, which is the max parallel level. Won't start more work.
TpTrace Verbose: 0 : 13952, 1, 2024/10/01, 10:04:04.108, 3153230420222, vstest.console.dll, ParallelOperationManager.RunWorkInParallel: We started 1 work items in here, returning True.
TpTrace Verbose: 0 : 13952, 5, 2024/10/01, 10:04:04.108, 3153230420480, vstest.console.dll, ParallelProxyExecutionManager.StartTestRunOnConcurrentManager: Initializing uninitialized client. Started clients: 0
TpTrace Information: 0 : 13952, 1, 2024/10/01, 10:04:04.108, 3153230421367, vstest.console.dll, TestRunRequest.ExecuteAsync: Started.
TpTrace Verbose: 0 : 13952, 5, 2024/10/01, 10:04:04.108, 3153230422662, vstest.console.dll, ParallelProxyExecutionManager.StartTestRunOnConcurrentManager: Initializing test run. Started clients: 0
TpTrace Verbose: 0 : 13952, 5, 2024/10/01, 10:04:04.108, 3153230425312, vstest.console.dll, ProxyExecutionManager: Test host is always Lazy initialize.
TpTrace Verbose: 0 : 13952, 5, 2024/10/01, 10:04:04.109, 3153230430626, vstest.console.dll, TestRequestSender.InitializeCommunication: initialize communication. 
TpTrace Verbose: 0 : 13952, 1, 2024/10/01, 10:04:04.109, 3153230431597, vstest.console.dll, TestRunRequest.WaitForCompletion: Waiting with timeout -1.
TpTrace Information: 0 : 13952, 5, 2024/10/01, 10:04:04.124, 3153230582742, vstest.console.dll, SocketServer.Start: Listening on endpoint : 127.0.0.1:57485
TpTrace Verbose: 0 : 13952, 5, 2024/10/01, 10:04:04.134, 3153230685714, vstest.console.dll, DotnetTestHostmanager.GetTestHostProcessStartInfo: Platform environment 'X64' target architecture 'X64' framework '.NETCoreApp,Version=v8.0' OS 'Windows'
TpTrace Verbose: 0 : 13952, 5, 2024/10/01, 10:04:04.135, 3153230690112, vstest.console.dll, DotnetTestHostmanager: Adding  --runtimeconfig "C:\Users\danieldh\source\repos\E-CommerceDesafio\E-CommerceDesafio\bin\Debug\net8.0\E-CommerceDesafio.runtimeconfig.json" in args
TpTrace Verbose: 0 : 13952, 5, 2024/10/01, 10:04:04.135, 3153230692196, vstest.console.dll, DotnetTestHostmanager: Adding  --depsfile "C:\Users\danieldh\source\repos\E-CommerceDesafio\E-CommerceDesafio\bin\Debug\net8.0\E-CommerceDesafio.deps.json" in args
TpTrace Verbose: 0 : 13952, 5, 2024/10/01, 10:04:04.135, 3153230695661, vstest.console.dll, DotnetTestHostmanager.IsWinOnArm: Current PROCESSOR_ARCHITECTURE from environment variable 'AMD64'
TpTrace Verbose: 0 : 13952, 5, 2024/10/01, 10:04:04.136, 3153230697566, vstest.console.dll, DotnetTestHostmanager.IsWinOnArm: Is Windows on ARM 'False'
TpTrace Verbose: 0 : 13952, 5, 2024/10/01, 10:04:04.136, 3153230698875, vstest.console.dll, DotnetTestHostManager: testhost.exe found at path: C:\Users\danieldh\source\repos\E-CommerceDesafio\E-CommerceDesafio\bin\Debug\net8.0\testhost.exe
TpTrace Verbose: 0 : 13952, 5, 2024/10/01, 10:04:04.136, 3153230699987, vstest.console.dll, DotnetTestHostmanager: Full path of host exe is C:\Users\danieldh\source\repos\E-CommerceDesafio\E-CommerceDesafio\bin\Debug\net8.0\testhost.exe
TpTrace Verbose: 0 : 13952, 5, 2024/10/01, 10:04:04.136, 3153230701432, vstest.console.dll, DotnetTestHostmanager.LaunchTestHostAsync: Found 'VSTEST_WINAPPHOST_DOTNET_ROOT' in env variables, value 'C:\Program Files\dotnet', forwarding to 'DOTNET_ROOT'
TpTrace Verbose: 0 : 13952, 5, 2024/10/01, 10:04:04.136, 3153230703512, vstest.console.dll, DotnetTestHostManager: Starting process 'C:\Users\danieldh\source\repos\E-CommerceDesafio\E-CommerceDesafio\bin\Debug\net8.0\testhost.exe' with command line ' --runtimeconfig "C:\Users\danieldh\source\repos\E-CommerceDesafio\E-CommerceDesafio\bin\Debug\net8.0\E-CommerceDesafio.runtimeconfig.json" --depsfile "C:\Users\danieldh\source\repos\E-CommerceDesafio\E-CommerceDesafio\bin\Debug\net8.0\E-CommerceDesafio.deps.json" --port 57485 --endpoint 127.0.0.1:057485 --role client --parentprocessid 13952 --diag "C:\Users\danieldh\source\repos\E-CommerceDesafio\log.host.24-10-01_10-04-04_13430_5.txt" --tracelevel 4 --telemetryoptedin false'
TpTrace Verbose: 0 : 13952, 5, 2024/10/01, 10:04:04.149, 3153230836791, vstest.console.dll, Test Runtime launched
TpTrace Verbose: 0 : 13952, 5, 2024/10/01, 10:04:04.150, 3153230839143, vstest.console.dll, MulticastDelegateUtilities.SafeInvoke: HostProviderEvents.OnHostLaunched: Invoking callback 1/1 for Microsoft.VisualStudio.TestPlatform.CrossPlatEngine.Client.ProxyOperationManager., took 0 ms.
TpTrace Verbose: 0 : 13952, 5, 2024/10/01, 10:04:04.150, 3153230844796, vstest.console.dll, TestRequestSender.WaitForRequestHandlerConnection: waiting for connection with timeout: 90000.
TpTrace Verbose: 0 : 13952, 5, 2024/10/01, 10:04:04.526, 3153234605748, vstest.console.dll, TestRequestSender.WaitForRequestHandlerConnection: waiting took 376 ms, with timeout 90000 ms, and result 0, which is success.
TpTrace Verbose: 0 : 13952, 13, 2024/10/01, 10:04:04.526, 3153234605741, vstest.console.dll, MulticastDelegateUtilities.SafeInvoke: SocketServer: ClientConnected: Invoking callback 1/1 for Microsoft.VisualStudio.TestPlatform.CommunicationUtilities.TestRequestSender., took 0 ms.
TpTrace Verbose: 0 : 13952, 13, 2024/10/01, 10:04:04.527, 3153234608891, vstest.console.dll, SocketServer.OnClientConnected: Client connected for endPoint: 127.0.0.1:57485, starting MessageLoopAsync:
TpTrace Verbose: 0 : 13952, 10, 2024/10/01, 10:04:04.527, 3153234614692, vstest.console.dll, TcpClientExtensions.MessageLoopAsync: Polling on remoteEndPoint: 127.0.0.1:57489 localEndPoint: 127.0.0.1:57485 after 0 ms
TpTrace Verbose: 0 : 13952, 5, 2024/10/01, 10:04:04.586, 3153235204991, vstest.console.dll, TestRequestSender.CheckVersionWithTestHost: Sending check version message: {"MessageType":"ProtocolVersion","Payload":7}
TpTrace Verbose: 0 : 13952, 10, 2024/10/01, 10:04:04.729, 3153236635337, vstest.console.dll, TcpClientExtensions.MessageLoopAsync: NotifyDataAvailable remoteEndPoint: 127.0.0.1:57489 localEndPoint: 127.0.0.1:57485
TpTrace Verbose: 0 : 13952, 10, 2024/10/01, 10:04:04.730, 3153236640488, vstest.console.dll, TestRequestSender.CheckVersionWithTestHost: onMessageReceived received message: (ProtocolVersion) -> {"MessageType":"ProtocolVersion","Payload":7}
TpTrace Verbose: 0 : 13952, 10, 2024/10/01, 10:04:04.735, 3153236695830, vstest.console.dll, MulticastDelegateUtilities.SafeInvoke: LengthPrefixCommunicationChannel: MessageReceived: Invoking callback 1/1 for Microsoft.VisualStudio.TestPlatform.CommunicationUtilities.TestRequestSender+<>c__DisplayClass29_0., took 5 ms.
TpTrace Verbose: 0 : 13952, 5, 2024/10/01, 10:04:04.736, 3153236697230, vstest.console.dll, TestPluginCache.GetExtensionPaths: Filtered extension paths: 
TpTrace Verbose: 0 : 13952, 10, 2024/10/01, 10:04:04.736, 3153236698198, vstest.console.dll, TcpClientExtensions.MessageLoopAsync: Polling on remoteEndPoint: 127.0.0.1:57489 localEndPoint: 127.0.0.1:57485 after 208 ms
TpTrace Verbose: 0 : 13952, 5, 2024/10/01, 10:04:04.736, 3153236699266, vstest.console.dll, TestPluginCache.GetExtensionPaths: Added default extension paths: C:\Program Files\dotnet\sdk\8.0.400\Extensions\Microsoft.Diagnostics.NETCore.Client.dll
C:\Program Files\dotnet\sdk\8.0.400\Extensions\Microsoft.TestPlatform.Extensions.BlameDataCollector.dll
C:\Program Files\dotnet\sdk\8.0.400\Extensions\Microsoft.TestPlatform.Extensions.EventLogCollector.dll
C:\Program Files\dotnet\sdk\8.0.400\Extensions\Microsoft.TestPlatform.TestHostRuntimeProvider.dll
C:\Program Files\dotnet\sdk\8.0.400\Extensions\Microsoft.VisualStudio.TestPlatform.Extensions.Html.TestLogger.dll
C:\Program Files\dotnet\sdk\8.0.400\Extensions\Microsoft.VisualStudio.TestPlatform.Extensions.Trx.TestLogger.dll
TpTrace Verbose: 0 : 13952, 5, 2024/10/01, 10:04:04.736, 3153236701630, vstest.console.dll, TestPluginCache.GetExtensionPaths: Added unfilterableExtensionPaths: 
TpTrace Verbose: 0 : 13952, 5, 2024/10/01, 10:04:04.740, 3153236746061, vstest.console.dll, TestRequestSender.InitializeExecution: Sending initialize execution with message: {"Version":7,"MessageType":"TestExecution.Initialize","Payload":["C:\\Users\\danieldh\\source\\repos\\E-CommerceDesafio\\E-CommerceDesafio\\bin\\Debug\\net8.0\\xunit.runner.visualstudio.testadapter.dll"]}
TpTrace Verbose: 0 : 13952, 5, 2024/10/01, 10:04:04.741, 3153236748927, vstest.console.dll, ParallelProxyExecutionManager.StartTestRunOnConcurrentManager: Execution starting. Started clients: 1
TpTrace Warning: 0 : 13952, 5, 2024/10/01, 10:04:04.741, 3153236752412, vstest.console.dll, InferRunSettingsHelper.MakeRunsettingsCompatible: Removing the following settings: TargetPlatform from RunSettings file. To use those settings please move to latest version of Microsoft.NET.Test.Sdk
TpTrace Verbose: 0 : 13952, 10, 2024/10/01, 10:04:04.743, 3153236772211, vstest.console.dll, TcpClientExtensions.MessageLoopAsync: NotifyDataAvailable remoteEndPoint: 127.0.0.1:57489 localEndPoint: 127.0.0.1:57485
TpTrace Verbose: 0 : 13952, 10, 2024/10/01, 10:04:04.744, 3153236783784, vstest.console.dll, TestRequestSender.OnExecutionMessageReceived: Received message: {"Version":7,"MessageType":"TestSession.Message","Payload":{"MessageLevel":0,"Message":"Registro em log do diagnóstico TestHost no arquivo: C:\\Users\\danieldh\\source\\repos\\E-CommerceDesafio\\log.host.24-10-01_10-04-04_13430_5.txt"}}
TpTrace Verbose: 0 : 13952, 10, 2024/10/01, 10:04:04.747, 3153236815891, vstest.console.dll, TestRunRequest:SendTestRunMessage: Starting.
TpTrace Verbose: 0 : 13952, 10, 2024/10/01, 10:04:04.748, 3153236818236, vstest.console.dll, MulticastDelegateUtilities.SafeInvoke: TestRun.LogMessages: Invoking callback 1/1 for Microsoft.VisualStudio.TestPlatform.CommandLine.TestRunResultAggregator., took 0 ms.
TpTrace Information: 0 : 13952, 10, 2024/10/01, 10:04:04.748, 3153236818870, vstest.console.dll, TestRunRequest:SendTestRunMessage: Completed.
TpTrace Verbose: 0 : 13952, 10, 2024/10/01, 10:04:04.748, 3153236819270, vstest.console.dll, MulticastDelegateUtilities.SafeInvoke: LengthPrefixCommunicationChannel: MessageReceived: Invoking callback 1/1 for Microsoft.VisualStudio.TestPlatform.CommunicationUtilities.TestRequestSender+<>c__DisplayClass34_0., took 3 ms.
TpTrace Verbose: 0 : 13952, 10, 2024/10/01, 10:04:04.748, 3153236819710, vstest.console.dll, TcpClientExtensions.MessageLoopAsync: Polling on remoteEndPoint: 127.0.0.1:57489 localEndPoint: 127.0.0.1:57485 after 11 ms
TpTrace Verbose: 0 : 13952, 4, 2024/10/01, 10:04:04.748, 3153236820810, vstest.console.dll, MulticastDelegateUtilities.SafeInvoke: InternalTestLoggerEvents.SendTestRunMessage: Invoking callback 1/1 for Microsoft.VisualStudio.TestPlatform.CommandLine.Internal.ConsoleLogger., took 0 ms.
TpTrace Verbose: 0 : 13952, 5, 2024/10/01, 10:04:04.748, 3153236822334, vstest.console.dll, TestRequestSender.StartTestRun: Sending test run with message: {"Version":7,"MessageType":"TestExecution.StartWithSources","Payload":{"AdapterSourceMap":{"_none_":["C:\\Users\\danieldh\\source\\repos\\E-CommerceDesafio\\E-CommerceDesafio\\bin\\Debug\\net8.0\\E-CommerceDesafio.dll"]},"RunSettings":"<RunSettings>\r\n  <RunConfiguration>\r\n    <ResultsDirectory>C:\\Users\\danieldh\\source\\repos\\E-CommerceDesafio\\E-CommerceDesafio\\TestResults</ResultsDirectory>\r\n    <TargetFrameworkVersion>.NETCoreApp,Version=v8.0</TargetFrameworkVersion>\r\n    <DesignMode>False</DesignMode>\r\n    <CollectSourceInformation>False</CollectSourceInformation>\r\n  </RunConfiguration>\r\n  <LoggerRunSettings>\r\n    <Loggers>\r\n      <Logger friendlyName=\"Console\" assemblyQualifiedName=\"Microsoft.VisualStudio.TestPlatform.CommandLine.Internal.ConsoleLogger, vstest.console, Version=15.0.0.0, Culture=neutral, PublicKeyToken=b03f5f7f11d50a3a\" codeBase=\"C:\\Program Files\\dotnet\\sdk\\8.0.400\\vstest.console.dll\" enabled=\"True\">\r\n        <Configuration>\r\n          <Verbosity>minimal</Verbosity>\r\n        </Configuration>\r\n      </Logger>\r\n    </Loggers>\r\n  </LoggerRunSettings>\r\n</RunSettings>","TestExecutionContext":{"FrequencyOfRunStatsChangeEvent":10,"RunStatsChangeEventTimeout":"00:00:01.5000000","InIsolation":false,"KeepAlive":false,"AreTestCaseLevelEventsRequired":false,"IsDebug":false,"TestCaseFilter":null,"FilterOptions":null},"Package":null}}
TpTrace Verbose: 0 : 13952, 5, 2024/10/01, 10:04:04.748, 3153236824634, vstest.console.dll, ParallelProxyExecutionManager.StartTestRunOnConcurrentManager: Execution started. Started clients: 1
TpTrace Verbose: 0 : 13952, 10, 2024/10/01, 10:04:04.928, 3153238625714, vstest.console.dll, TcpClientExtensions.MessageLoopAsync: NotifyDataAvailable remoteEndPoint: 127.0.0.1:57489 localEndPoint: 127.0.0.1:57485
TpTrace Verbose: 0 : 13952, 10, 2024/10/01, 10:04:04.929, 3153238628563, vstest.console.dll, TestRequestSender.OnExecutionMessageReceived: Received message: {"Version":7,"MessageType":"TestSession.Message","Payload":{"MessageLevel":0,"Message":"[xUnit.net 00:00:00.00] xUnit.net VSTest Adapter v2.8.2+699d445a1a (64-bit .NET 8.0.8)"}}
TpTrace Verbose: 0 : 13952, 10, 2024/10/01, 10:04:04.929, 3153238631124, vstest.console.dll, TestRunRequest:SendTestRunMessage: Starting.
TpTrace Verbose: 0 : 13952, 10, 2024/10/01, 10:04:04.929, 3153238632025, vstest.console.dll, MulticastDelegateUtilities.SafeInvoke: TestRun.LogMessages: Invoking callback 1/1 for Microsoft.VisualStudio.TestPlatform.CommandLine.TestRunResultAggregator., took 0 ms.
TpTrace Information: 0 : 13952, 10, 2024/10/01, 10:04:04.929, 3153238632624, vstest.console.dll, TestRunRequest:SendTestRunMessage: Completed.
TpTrace Verbose: 0 : 13952, 10, 2024/10/01, 10:04:04.929, 3153238633134, vstest.console.dll, MulticastDelegateUtilities.SafeInvoke: LengthPrefixCommunicationChannel: MessageReceived: Invoking callback 1/1 for Microsoft.VisualStudio.TestPlatform.CommunicationUtilities.TestRequestSender+<>c__DisplayClass34_0., took 0 ms.
TpTrace Verbose: 0 : 13952, 10, 2024/10/01, 10:04:04.929, 3153238633497, vstest.console.dll, TcpClientExtensions.MessageLoopAsync: Polling on remoteEndPoint: 127.0.0.1:57489 localEndPoint: 127.0.0.1:57485 after 181 ms
TpTrace Verbose: 0 : 13952, 4, 2024/10/01, 10:04:04.929, 3153238633700, vstest.console.dll, MulticastDelegateUtilities.SafeInvoke: InternalTestLoggerEvents.SendTestRunMessage: Invoking callback 1/1 for Microsoft.VisualStudio.TestPlatform.CommandLine.Internal.ConsoleLogger., took 0 ms.
TpTrace Verbose: 0 : 13952, 10, 2024/10/01, 10:04:05.018, 3153239526434, vstest.console.dll, TcpClientExtensions.MessageLoopAsync: NotifyDataAvailable remoteEndPoint: 127.0.0.1:57489 localEndPoint: 127.0.0.1:57485
TpTrace Verbose: 0 : 13952, 10, 2024/10/01, 10:04:05.019, 3153239529219, vstest.console.dll, TestRequestSender.OnExecutionMessageReceived: Received message: {"Version":7,"MessageType":"TestSession.Message","Payload":{"MessageLevel":1,"Message":"Não há nenhum teste disponível em C:\\Users\\danieldh\\source\\repos\\E-CommerceDesafio\\E-CommerceDesafio\\bin\\Debug\\net8.0\\E-CommerceDesafio.dll. Verifique se o detector e os executores de teste estão registrados e se as configurações de versão da estrutura da plataforma & são apropriadas e tente novamente."}}
TpTrace Verbose: 0 : 13952, 10, 2024/10/01, 10:04:05.019, 3153239531431, vstest.console.dll, TestRunRequest:SendTestRunMessage: Starting.
TpTrace Verbose: 0 : 13952, 10, 2024/10/01, 10:04:05.019, 3153239532721, vstest.console.dll, MulticastDelegateUtilities.SafeInvoke: TestRun.LogMessages: Invoking callback 1/1 for Microsoft.VisualStudio.TestPlatform.CommandLine.TestRunResultAggregator., took 0 ms.
TpTrace Information: 0 : 13952, 10, 2024/10/01, 10:04:05.019, 3153239533374, vstest.console.dll, TestRunRequest:SendTestRunMessage: Completed.
TpTrace Verbose: 0 : 13952, 10, 2024/10/01, 10:04:05.019, 3153239534157, vstest.console.dll, MulticastDelegateUtilities.SafeInvoke: LengthPrefixCommunicationChannel: MessageReceived: Invoking callback 1/1 for Microsoft.VisualStudio.TestPlatform.CommunicationUtilities.TestRequestSender+<>c__DisplayClass34_0., took 0 ms.
TpTrace Verbose: 0 : 13952, 10, 2024/10/01, 10:04:05.019, 3153239534775, vstest.console.dll, TcpClientExtensions.MessageLoopAsync: Polling on remoteEndPoint: 127.0.0.1:57489 localEndPoint: 127.0.0.1:57485 after 90 ms
TpTrace Verbose: 0 : 13952, 4, 2024/10/01, 10:04:05.020, 3153239537643, vstest.console.dll, MulticastDelegateUtilities.SafeInvoke: InternalTestLoggerEvents.SendTestRunMessage: Invoking callback 1/1 for Microsoft.VisualStudio.TestPlatform.CommandLine.Internal.ConsoleLogger., took 0 ms.
TpTrace Verbose: 0 : 13952, 10, 2024/10/01, 10:04:05.046, 3153239797236, vstest.console.dll, TcpClientExtensions.MessageLoopAsync: NotifyDataAvailable remoteEndPoint: 127.0.0.1:57489 localEndPoint: 127.0.0.1:57485
TpTrace Verbose: 0 : 13952, 10, 2024/10/01, 10:04:05.046, 3153239800141, vstest.console.dll, TestRequestSender.OnExecutionMessageReceived: Received message: {"Version":7,"MessageType":"TestExecution.Completed","Payload":{"TestRunCompleteArgs":{"TestRunStatistics":{"ExecutedTests":0,"Stats":{}},"IsCanceled":false,"IsAborted":false,"Error":null,"AttachmentSets":[],"InvokedDataCollectors":[],"ElapsedTimeInRunningTests":"00:00:00.1052705","Metrics":{},"DiscoveredExtensions":{"TestDiscoverers":["Xunit.Runner.VisualStudio.VsTestRunner, xunit.runner.visualstudio.testadapter, Version=2.8.2.0, Culture=neutral, PublicKeyToken=null"],"TestExecutors":["executor://xunit/VsTestRunner2/netcoreapp"],"TestExecutors2":[],"TestSettingsProviders":[]}},"LastRunTests":{"NewTestResults":[],"TestRunStatistics":{"ExecutedTests":0,"Stats":{}},"ActiveTests":[]},"RunAttachments":[],"ExecutorUris":[]}}
TpTrace Verbose: 0 : 13952, 10, 2024/10/01, 10:04:05.046, 3153239801361, vstest.console.dll, TestRequestSender.EndSession: Sending end session.
TpTrace Verbose: 0 : 13952, 10, 2024/10/01, 10:04:05.046, 3153239803086, vstest.console.dll, ProxyOperationManager.Close: waiting for test host to exit for 100 ms
TpTrace Verbose: 0 : 13952, 12, 2024/10/01, 10:04:05.052, 3153239861494, vstest.console.dll, TestHostManagerCallbacks.StandardOutputReceivedCallback Test host standard output line: 
TpTrace Warning: 0 : 13952, 11, 2024/10/01, 10:04:05.052, 3153239864751, vstest.console.dll, TestHostManagerCallbacks.ErrorReceivedCallback Test host standard error line: 
TpTrace Verbose: 0 : 13952, 12, 2024/10/01, 10:04:05.062, 3153239958873, vstest.console.dll, TestHostProvider.ExitCallBack: Host exited starting callback.
TpTrace Information: 0 : 13952, 12, 2024/10/01, 10:04:05.062, 3153239960755, vstest.console.dll, TestHostManagerCallbacks.ExitCallBack: Testhost processId: 41992 exited with exitcode: 0 error: ''
TpTrace Verbose: 0 : 13952, 12, 2024/10/01, 10:04:05.062, 3153239961314, vstest.console.dll, DotnetTestHostManager.OnHostExited: invoking OnHostExited callback
TpTrace Verbose: 0 : 13952, 12, 2024/10/01, 10:04:05.062, 3153239964598, vstest.console.dll, CrossPlatEngine.TestHostManagerHostExited: calling on client process exit callback.
TpTrace Information: 0 : 13952, 12, 2024/10/01, 10:04:05.062, 3153239965632, vstest.console.dll, TestRequestSender.OnClientProcessExit: Test host process exited. Standard error: 
TpTrace Information: 0 : 13952, 12, 2024/10/01, 10:04:05.062, 3153239966162, vstest.console.dll, SocketServer.Stop: Stop server endPoint: 127.0.0.1:57485
TpTrace Information: 0 : 13952, 12, 2024/10/01, 10:04:05.062, 3153239966468, vstest.console.dll, SocketServer.Stop: Cancellation requested. Stopping message loop.
TpTrace Information: 0 : 13952, 10, 2024/10/01, 10:04:05.062, 3153239966534, vstest.console.dll, SocketServer.Stop: Stop server endPoint: 127.0.0.1:57485
TpTrace Information: 0 : 13952, 10, 2024/10/01, 10:04:05.063, 3153239967928, vstest.console.dll, SocketServer.Stop: Cancellation requested. Stopping message loop.
TpTrace Information: 0 : 13952, 10, 2024/10/01, 10:04:05.063, 3153239968746, vstest.console.dll, Closing the connection
TpTrace Verbose: 0 : 13952, 12, 2024/10/01, 10:04:05.063, 3153239968901, vstest.console.dll, MulticastDelegateUtilities.SafeInvoke: HostProviderEvents.OnHostExited: Invoking callback 1/1 for Microsoft.VisualStudio.TestPlatform.CrossPlatEngine.Client.ProxyOperationManager., took 0 ms.
TpTrace Verbose: 0 : 13952, 10, 2024/10/01, 10:04:05.081, 3153240152199, vstest.console.dll, ParallelRunEventsHandler.HandleTestRunComplete: Handling a run completion, this can be either one part of parallel run completing, or the whole parallel run completing.
TpTrace Verbose: 0 : 13952, 10, 2024/10/01, 10:04:05.084, 3153240177321, vstest.console.dll, TestRunRequest:SendTestRunStatsChange: Starting.
TpTrace Verbose: 0 : 13952, 10, 2024/10/01, 10:04:05.084, 3153240179029, vstest.console.dll, MulticastDelegateUtilities.SafeInvoke: TestRun.RunStatsChanged: Invoking callbacks was skipped because there are no subscribers.
TpTrace Information: 0 : 13952, 10, 2024/10/01, 10:04:05.084, 3153240179504, vstest.console.dll, TestRunRequest:SendTestRunStatsChange: Completed.
TpTrace Verbose: 0 : 13952, 10, 2024/10/01, 10:04:05.084, 3153240182039, vstest.console.dll, ParallelProxyExecutionManager: HandlePartialRunComplete: Total workloads = 1, Total started clients = 1 Total completed clients = 1, Run complete = True, Run canceled: False.
TpTrace Verbose: 0 : 13952, 10, 2024/10/01, 10:04:05.084, 3153240182538, vstest.console.dll, ParallelProxyExecutionManager: HandlePartialRunComplete: All runs completed stopping all managers.
TpTrace Verbose: 0 : 13952, 10, 2024/10/01, 10:04:05.084, 3153240182900, vstest.console.dll, ParallelOperationManager.StopAllManagers: Stopping all managers.
TpTrace Verbose: 0 : 13952, 10, 2024/10/01, 10:04:05.084, 3153240183234, vstest.console.dll, ParallelOperationManager.ClearSlots: Clearing all slots. Slots should accept more work: False
TpTrace Verbose: 0 : 13952, 10, 2024/10/01, 10:04:05.084, 3153240183633, vstest.console.dll, ParallelOperationManager.SetOccupiedSlotCount: Setting slot counts AvailableSlotCount = 1, OccupiedSlotCount = 0.
TpTrace Verbose: 0 : 13952, 10, 2024/10/01, 10:04:05.084, 3153240184126, vstest.console.dll, Occupied slots:

TpTrace Verbose: 0 : 13952, 10, 2024/10/01, 10:04:05.084, 3153240184424, vstest.console.dll, ParallelRunEventsHandler.HandleTestRunComplete: Whole parallel run completed.
TpTrace Verbose: 0 : 13952, 4, 2024/10/01, 10:04:05.091, 3153240249997, vstest.console.dll, MulticastDelegateUtilities.SafeInvoke: InternalTestLoggerEvents.SendTestRunComplete: Invoking callback 1/1 for Microsoft.VisualStudio.TestPlatform.CommandLine.Internal.ConsoleLogger., took 3 ms.
TpTrace Verbose: 0 : 13952, 10, 2024/10/01, 10:04:05.091, 3153240254729, vstest.console.dll, TestRunRequest:TestRunComplete: Starting. IsAborted:False IsCanceled:False.
TpTrace Verbose: 0 : 13952, 10, 2024/10/01, 10:04:05.092, 3153240257865, vstest.console.dll, ParallelOperationManager.DoActionOnAllManagers: Calling an action on all managers.
TpTrace Verbose: 0 : 13952, 10, 2024/10/01, 10:04:05.093, 3153240272858, vstest.console.dll, TestLoggerManager.HandleTestRunComplete: Ignoring as the object is disposed.
TpTrace Verbose: 0 : 13952, 10, 2024/10/01, 10:04:05.094, 3153240279601, vstest.console.dll, MulticastDelegateUtilities.SafeInvoke: TestRun.TestRunComplete: Invoking callback 1/2 for Microsoft.VisualStudio.TestPlatform.CommandLine.TestRunResultAggregator., took 0 ms.
TpTrace Verbose: 0 : 13952, 10, 2024/10/01, 10:04:05.094, 3153240285788, vstest.console.dll, MulticastDelegateUtilities.SafeInvoke: TestRun.TestRunComplete: Invoking callback 2/2 for Microsoft.VisualStudio.TestPlatform.CommandLine.Processors.RunTestsArgumentExecutor+TestRunRequestEventsRegistrar., took 0 ms.
TpTrace Information: 0 : 13952, 10, 2024/10/01, 10:04:05.095, 3153240287181, vstest.console.dll, TestRunRequest:TestRunComplete: Completed.
TpTrace Verbose: 0 : 13952, 1, 2024/10/01, 10:04:05.095, 3153240287381, vstest.console.dll, TestRunRequest.Dispose: Starting.
TpTrace Verbose: 0 : 13952, 10, 2024/10/01, 10:04:05.095, 3153240287778, vstest.console.dll, TestRequestSender.SetOperationComplete: Setting operation complete.
TpTrace Information: 0 : 13952, 1, 2024/10/01, 10:04:05.095, 3153240288664, vstest.console.dll, TestRunRequest.Dispose: Completed.
TpTrace Information: 0 : 13952, 10, 2024/10/01, 10:04:05.095, 3153240289314, vstest.console.dll, SocketServer.Stop: Stop server endPoint: 127.0.0.1:57485
TpTrace Information: 0 : 13952, 1, 2024/10/01, 10:04:05.095, 3153240290099, vstest.console.dll, TestRequestManager.RunTests: run tests completed.
TpTrace Information: 0 : 13952, 10, 2024/10/01, 10:04:05.095, 3153240290755, vstest.console.dll, SocketServer.Stop: Cancellation requested. Stopping message loop.
TpTrace Information: 0 : 13952, 1, 2024/10/01, 10:04:05.095, 3153240290986, vstest.console.dll, RunTestsArgumentProcessor:Execute: Test run is completed.
TpTrace Verbose: 0 : 13952, 10, 2024/10/01, 10:04:05.095, 3153240291944, vstest.console.dll, MulticastDelegateUtilities.SafeInvoke: LengthPrefixCommunicationChannel: MessageReceived: Invoking callback 1/1 for Microsoft.VisualStudio.TestPlatform.CommunicationUtilities.TestRequestSender+<>c__DisplayClass34_0., took 49 ms.
TpTrace Information: 0 : 13952, 10, 2024/10/01, 10:04:05.095, 3153240293292, vstest.console.dll, SocketServer.PrivateStop: Stopping server endPoint: 127.0.0.1:57485 error: 
TpTrace Verbose: 0 : 13952, 1, 2024/10/01, 10:04:05.095, 3153240293842, vstest.console.dll, Executor.Execute: Exiting with exit code of 0
TpTrace Verbose: 0 : 13952, 10, 2024/10/01, 10:04:05.096, 3153240298810, vstest.console.dll, LengthPrefixCommunicationChannel.Dispose: Dispose reader and writer.
TpTrace Information: 0 : 13952, 10, 2024/10/01, 10:04:05.096, 3153240299674, vstest.console.dll, SocketServer.Stop: Raise disconnected event endPoint: 127.0.0.1:57485 error: 
